#
# There is insufficient memory for the Java Runtime Environment to continue.
# Native memory allocation (mmap) failed to map 444596224 bytes for G1 virtual space
# Possible reasons:
#   The system is out of physical RAM or swap space
#   The process is running with CompressedOops enabled, and the Java Heap may be blocking the growth of the native heap
# Possible solutions:
#   Reduce memory load on the system
#   Increase physical memory or swap space
#   Check if swap backing store is full
#   Decrease Java heap size (-Xmx/-Xms)
#   Decrease number of Java threads
#   Decrease Java thread stack sizes (-Xss)
#   Set larger code cache with -XX:ReservedCodeCacheSize=
#   JVM is running with Unscaled Compressed Oops mode in which the Java heap is
#     placed in the first 4GB address space. The Java Heap base address is the
#     maximum limit for the native heap growth. Please use -XX:HeapBaseMinAddress
#     to set the Java Heap base and to place the Java Heap above 4GB virtual address.
# This output file may be truncated or incomplete.
#
#  Out of Memory Error (os_windows.cpp:3769), pid=9836, tid=10068
#
# JRE version: OpenJDK Runtime Environment (17.0.6) (build 17.0.6+0-b2043.56-10027231)
# Java VM: OpenJDK 64-Bit Server VM (17.0.6+0-b2043.56-10027231, mixed mode, tiered, compressed oops, compressed class ptrs, g1 gc, windows-amd64)
# No core dump will be written. Minidumps are not enabled by default on client versions of Windows
#

---------------  S U M M A R Y ------------

Command Line: --add-opens=java.base/java.util=ALL-UNNAMED --add-opens=java.base/java.lang=ALL-UNNAMED --add-opens=java.base/java.lang.invoke=ALL-UNNAMED --add-opens=java.prefs/java.util.prefs=ALL-UNNAMED --add-opens=java.base/java.nio.charset=ALL-UNNAMED --add-opens=java.base/java.net=ALL-UNNAMED --add-opens=java.base/java.util.concurrent.atomic=ALL-UNNAMED -Xmx2048m -Dfile.encoding=UTF-8 -Duser.country=FR -Duser.language=fr -Duser.variant org.gradle.launcher.daemon.bootstrap.GradleDaemon 8.0

Host: Intel(R) Core(TM) i3 CPU       M 380  @ 2.53GHz, 4 cores, 7G,  Windows 10 , 64 bit Build 19041 (10.0.19041.2788)
Time: Wed Jan 10 17:10:35 2024 Afrique de l, 64 bit Build 19041 (10.0.19041.2788) elapsed time: 20186.146067 seconds (0d 5h 36m 26s)

---------------  T H R E A D  ---------------

Current thread (0x0000023d2a109fc0):  VMThread "VM Thread" [stack: 0x000000957b900000,0x000000957ba00000] [id=10068]

Stack: [0x000000957b900000,0x000000957ba00000]
Native frames: (J=compiled Java code, j=interpreted, Vv=VM code, C=native code)
V  [jvm.dll+0x683c9a]
V  [jvm.dll+0x8427a4]
V  [jvm.dll+0x843f9e]
V  [jvm.dll+0x844603]
V  [jvm.dll+0x249b75]
V  [jvm.dll+0x680b69]
V  [jvm.dll+0x67505a]
V  [jvm.dll+0x309acb]
V  [jvm.dll+0x310f86]
V  [jvm.dll+0x3608ee]
V  [jvm.dll+0x360b1f]
V  [jvm.dll+0x2dfbf8]
V  [jvm.dll+0x2ddec4]
V  [jvm.dll+0x2dd4cc]
V  [jvm.dll+0x321f3b]
V  [jvm.dll+0x848ccb]
V  [jvm.dll+0x849a04]
V  [jvm.dll+0x849f1d]
V  [jvm.dll+0x84a2f4]
V  [jvm.dll+0x84a3c0]
V  [jvm.dll+0x7f274a]
V  [jvm.dll+0x682ad5]
C  [ucrtbase.dll+0x21bb2]
C  [KERNEL32.DLL+0x17604]
C  [ntdll.dll+0x526a1]

VM_Operation (0x00000095040fc460): G1CollectForAllocation, mode: safepoint, requested by thread 0x0000023d31233320


---------------  P R O C E S S  ---------------

Threads class SMR info:
_java_thread_list=0x0000023d360a09c0, length=97, elements={
0x0000023d10b49b00, 0x0000023d2a12e610, 0x0000023d2a130dc0, 0x0000023d2ac09ca0,
0x0000023d2ac0a660, 0x0000023d2ac0e6e0, 0x0000023d2ac0ff60, 0x0000023d2ac1cfc0,
0x0000023d2ac1d8c0, 0x0000023d2ac2c5d0, 0x0000023d2adae340, 0x0000023d2adb2cb0,
0x0000023d2d905010, 0x0000023d2c77d080, 0x0000023d2d381a30, 0x0000023d2d5ca5c0,
0x0000023d2d5c88e0, 0x0000023d2d5c8db0, 0x0000023d2d5c9280, 0x0000023d2d5c9750,
0x0000023d2c4a4110, 0x0000023d2c4a0280, 0x0000023d2c4a3c40, 0x0000023d2c49d730,
0x0000023d2c4a3770, 0x0000023d2c4a2430, 0x0000023d2c49ea70, 0x0000023d2d33b160,
0x0000023d2f17db90, 0x0000023d2f181080, 0x0000023d2ed4cad0, 0x0000023d363c3fe0,
0x0000023d37700030, 0x0000023d2f438c30, 0x0000023d2ed4cfa0, 0x0000023d2ed495e0,
0x0000023d2ed4bc60, 0x0000023d363764d0, 0x0000023d2ed4b790, 0x0000023d2ed4c130,
0x0000023d2f436a80, 0x0000023d2f439f70, 0x0000023d37702b80, 0x0000023d37701840,
0x0000023d36375b30, 0x0000023d376ffb60, 0x0000023d363aa430, 0x0000023d2ed49f80,
0x0000023d2ed4c600, 0x0000023d2ed4a920, 0x0000023d2ed4a450, 0x0000023d363769a0,
0x0000023d36377340, 0x0000023d317908e0, 0x0000023d317920f0, 0x0000023d31791280,
0x0000023d317925c0, 0x0000023d31792a90, 0x0000023d31791750, 0x0000023d31793900,
0x0000023d3178ff40, 0x0000023d31791c20, 0x0000023d31793430, 0x0000023d2ed703b0,
0x0000023d2ed6cec0, 0x0000023d2ed6fa10, 0x0000023d2ed6fee0, 0x0000023d2ed6f070,
0x0000023d2ed6d390, 0x0000023d2ed6d860, 0x0000023d2ed6dd30, 0x0000023d2ed4b2c0,
0x0000023d367def70, 0x0000023d367df440, 0x0000023d2ed6e6d0, 0x0000023d37703050,
0x0000023d2f439100, 0x0000023d37700ea0, 0x0000023d37700500, 0x0000023d377026b0,
0x0000023d367de100, 0x0000023d367e0780, 0x0000023d367e02b0, 0x0000023d367dd760,
0x0000023d367ddc30, 0x0000023d3642d060, 0x0000023d3642d530, 0x0000023d3642ded0,
0x0000023d3642da00, 0x0000023d3642e3a0, 0x0000023d2fb34d40, 0x0000023d31235000,
0x0000023d31232e50, 0x0000023d31233320, 0x0000023d31236340, 0x0000023d2f43b2b0,
0x0000023d2f43a910
}

Java Threads: ( => current thread )
  0x0000023d10b49b00 JavaThread "main" [_thread_blocked, id=1460, stack(0x000000957b300000,0x000000957b400000)]
  0x0000023d2a12e610 JavaThread "Reference Handler" daemon [_thread_blocked, id=12752, stack(0x000000957ba00000,0x000000957bb00000)]
  0x0000023d2a130dc0 JavaThread "Finalizer" daemon [_thread_blocked, id=4996, stack(0x000000957bb00000,0x000000957bc00000)]
  0x0000023d2ac09ca0 JavaThread "Signal Dispatcher" daemon [_thread_blocked, id=9588, stack(0x000000957bc00000,0x000000957bd00000)]
  0x0000023d2ac0a660 JavaThread "Attach Listener" daemon [_thread_blocked, id=7684, stack(0x000000957bd00000,0x000000957be00000)]
  0x0000023d2ac0e6e0 JavaThread "Service Thread" daemon [_thread_blocked, id=8096, stack(0x000000957be00000,0x000000957bf00000)]
  0x0000023d2ac0ff60 JavaThread "Monitor Deflation Thread" daemon [_thread_blocked, id=4580, stack(0x000000957bf00000,0x000000957c000000)]
  0x0000023d2ac1cfc0 JavaThread "C2 CompilerThread0" daemon [_thread_blocked, id=11168, stack(0x000000957c000000,0x000000957c100000)]
  0x0000023d2ac1d8c0 JavaThread "C1 CompilerThread0" daemon [_thread_blocked, id=9328, stack(0x000000957c100000,0x000000957c200000)]
  0x0000023d2ac2c5d0 JavaThread "Sweeper thread" daemon [_thread_blocked, id=8072, stack(0x000000957c200000,0x000000957c300000)]
  0x0000023d2adae340 JavaThread "Common-Cleaner" daemon [_thread_blocked, id=10588, stack(0x000000957c300000,0x000000957c400000)]
  0x0000023d2adb2cb0 JavaThread "Notification Thread" daemon [_thread_blocked, id=15304, stack(0x000000957c400000,0x000000957c500000)]
  0x0000023d2d905010 JavaThread "Daemon health stats" [_thread_blocked, id=9120, stack(0x000000957c900000,0x000000957ca00000)]
  0x0000023d2c77d080 JavaThread "Incoming local TCP Connector on port 49762" [_thread_in_native, id=6308, stack(0x000000957ca00000,0x000000957cb00000)]
  0x0000023d2d381a30 JavaThread "Daemon periodic checks" [_thread_blocked, id=11804, stack(0x000000957cb00000,0x000000957cc00000)]
  0x0000023d2d5ca5c0 JavaThread "Cache worker for journal cache (C:\Users\Brunel\.gradle\caches\journal-1)" [_thread_blocked, id=6888, stack(0x000000957d300000,0x000000957d400000)]
  0x0000023d2d5c88e0 JavaThread "File lock request listener" [_thread_in_native, id=11900, stack(0x000000957d400000,0x000000957d500000)]
  0x0000023d2d5c8db0 JavaThread "Cache worker for file hash cache (C:\Users\Brunel\.gradle\caches\8.0\fileHashes)" [_thread_blocked, id=6140, stack(0x000000957d500000,0x000000957d600000)]
  0x0000023d2d5c9280 JavaThread "File watcher server" daemon [_thread_blocked, id=13648, stack(0x000000957d600000,0x000000957d700000)]
  0x0000023d2d5c9750 JavaThread "File watcher consumer" daemon [_thread_blocked, id=12120, stack(0x000000957d700000,0x000000957d800000)]
  0x0000023d2c4a4110 JavaThread "Cache worker for file content cache (C:\Users\Brunel\.gradle\caches\8.0\fileContent)" [_thread_blocked, id=15100, stack(0x000000957da00000,0x000000957db00000)]
  0x0000023d2c4a0280 JavaThread "Cache worker for execution history cache (C:\Users\Brunel\.gradle\caches\8.0\executionHistory)" [_thread_blocked, id=12000, stack(0x000000957dd00000,0x000000957de00000)]
  0x0000023d2c4a3c40 JavaThread "jar transforms" [_thread_blocked, id=6248, stack(0x000000957de00000,0x000000957df00000)]
  0x0000023d2c49d730 JavaThread "jar transforms Thread 2" [_thread_blocked, id=13436, stack(0x000000957df00000,0x000000957e000000)]
  0x0000023d2c4a3770 JavaThread "Cache worker for kotlin-dsl (C:\Users\Brunel\.gradle\caches\8.0\kotlin-dsl)" [_thread_blocked, id=904, stack(0x000000957e200000,0x000000957e300000)]
  0x0000023d2c4a2430 JavaThread "jar transforms Thread 3" [_thread_blocked, id=10756, stack(0x000000957e000000,0x000000957e100000)]
  0x0000023d2c49ea70 JavaThread "jar transforms Thread 4" [_thread_blocked, id=1204, stack(0x000000957e400000,0x000000957e500000)]
  0x0000023d2d33b160 JavaThread "Memory manager" [_thread_blocked, id=2248, stack(0x0000009501100000,0x0000009501200000)]
  0x0000023d2f17db90 JavaThread "RMI Scheduler(0)" daemon [_thread_blocked, id=12648, stack(0x0000009503f00000,0x0000009504000000)]
  0x0000023d2f181080 JavaThread "RMI TCP Accept-0" daemon [_thread_in_native, id=3564, stack(0x0000009504300000,0x0000009504400000)]
  0x0000023d2ed4cad0 JavaThread "RMI GC Daemon" daemon [_thread_blocked, id=10460, stack(0x0000009504400000,0x0000009504500000)]
  0x0000023d363c3fe0 JavaThread "RMI Reaper" [_thread_blocked, id=11828, stack(0x0000009504500000,0x0000009504600000)]
  0x0000023d37700030 JavaThread "RMI TCP Connection(idle)" daemon [_thread_blocked, id=8932, stack(0x0000009500000000,0x0000009500100000)]
  0x0000023d2f438c30 JavaThread "Daemon Thread 16" [_thread_blocked, id=12968, stack(0x0000009500100000,0x0000009500200000)]
  0x0000023d2ed4cfa0 JavaThread "Handler for socket connection from /127.0.0.1:49762 to /127.0.0.1:60058" [_thread_in_native, id=5136, stack(0x0000009500200000,0x0000009500300000)]
  0x0000023d2ed495e0 JavaThread "Cancel handler" [_thread_blocked, id=12744, stack(0x0000009500300000,0x0000009500400000)]
  0x0000023d2ed4bc60 JavaThread "Daemon worker Thread 16" [_thread_blocked, id=9252, stack(0x0000009500400000,0x0000009500500000)]
  0x0000023d363764d0 JavaThread "Asynchronous log dispatcher for DefaultDaemonConnection: socket connection from /127.0.0.1:49762 to /127.0.0.1:60058" [_thread_blocked, id=8628, stack(0x0000009500500000,0x0000009500600000)]
  0x0000023d2ed4b790 JavaThread "Stdin handler" [_thread_blocked, id=11172, stack(0x0000009500600000,0x0000009500700000)]
  0x0000023d2ed4c130 JavaThread "Daemon client event forwarder" [_thread_blocked, id=2076, stack(0x0000009500700000,0x0000009500800000)]
  0x0000023d2f436a80 JavaThread "Cache worker for checksums cache (E:\Android Projet\Projet_misemSekolySabata\.gradle\8.0\checksums)" [_thread_blocked, id=11288, stack(0x0000009500800000,0x0000009500900000)]
  0x0000023d2f439f70 JavaThread "Cache worker for cache directory md-rule (C:\Users\Brunel\.gradle\caches\8.0\md-rule)" [_thread_blocked, id=2832, stack(0x0000009500900000,0x0000009500a00000)]
  0x0000023d37702b80 JavaThread "Cache worker for file hash cache (E:\Android Projet\Projet_misemSekolySabata\.gradle\8.0\fileHashes)" [_thread_blocked, id=13908, stack(0x0000009500a00000,0x0000009500b00000)]
  0x0000023d37701840 JavaThread "Cache worker for cache directory md-supplier (C:\Users\Brunel\.gradle\caches\8.0\md-supplier)" [_thread_blocked, id=11776, stack(0x0000009500b00000,0x0000009500c00000)]
  0x0000023d36375b30 JavaThread "Cache worker for dependencies-accessors (E:\Android Projet\Projet_misemSekolySabata\.gradle\8.0\dependencies-accessors)" [_thread_blocked, id=11640, stack(0x0000009500c00000,0x0000009500d00000)]
  0x0000023d376ffb60 JavaThread "Cache worker for Build Output Cleanup Cache (E:\Android Projet\Projet_misemSekolySabata\.gradle\buildOutputCleanup)" [_thread_blocked, id=14748, stack(0x0000009500d00000,0x0000009500e00000)]
  0x0000023d363aa430 JavaThread "C2 CompilerThread1" daemon [_thread_blocked, id=2520, stack(0x0000009500e00000,0x0000009500f00000)]
  0x0000023d2ed49f80 JavaThread "Unconstrained build operations" [_thread_blocked, id=11532, stack(0x0000009500f00000,0x0000009501000000)]
  0x0000023d2ed4c600 JavaThread "Unconstrained build operations Thread 2" [_thread_blocked, id=3948, stack(0x0000009501000000,0x0000009501100000)]
  0x0000023d2ed4a920 JavaThread "Unconstrained build operations Thread 3" [_thread_blocked, id=7852, stack(0x0000009501200000,0x0000009501300000)]
  0x0000023d2ed4a450 JavaThread "Unconstrained build operations Thread 4" [_thread_blocked, id=14456, stack(0x0000009501300000,0x0000009501400000)]
  0x0000023d363769a0 JavaThread "Unconstrained build operations Thread 5" [_thread_blocked, id=5228, stack(0x0000009501400000,0x0000009501500000)]
  0x0000023d36377340 JavaThread "Unconstrained build operations Thread 6" [_thread_blocked, id=5744, stack(0x0000009501500000,0x0000009501600000)]
  0x0000023d317908e0 JavaThread "Unconstrained build operations Thread 7" [_thread_blocked, id=140, stack(0x0000009501600000,0x0000009501700000)]
  0x0000023d317920f0 JavaThread "Unconstrained build operations Thread 8" [_thread_blocked, id=12492, stack(0x0000009501700000,0x0000009501800000)]
  0x0000023d31791280 JavaThread "Unconstrained build operations Thread 9" [_thread_blocked, id=14656, stack(0x0000009501800000,0x0000009501900000)]
  0x0000023d317925c0 JavaThread "Unconstrained build operations Thread 10" [_thread_blocked, id=7248, stack(0x0000009501900000,0x0000009501a00000)]
  0x0000023d31792a90 JavaThread "Unconstrained build operations Thread 11" [_thread_blocked, id=10912, stack(0x0000009501b00000,0x0000009501c00000)]
  0x0000023d31791750 JavaThread "Unconstrained build operations Thread 12" [_thread_blocked, id=5564, stack(0x0000009501c00000,0x0000009501d00000)]
  0x0000023d31793900 JavaThread "Unconstrained build operations Thread 13" [_thread_blocked, id=1400, stack(0x0000009501d00000,0x0000009501e00000)]
  0x0000023d3178ff40 JavaThread "Unconstrained build operations Thread 14" [_thread_blocked, id=2396, stack(0x0000009501e00000,0x0000009501f00000)]
  0x0000023d31791c20 JavaThread "Unconstrained build operations Thread 15" [_thread_blocked, id=12804, stack(0x0000009501f00000,0x0000009502000000)]
  0x0000023d31793430 JavaThread "Unconstrained build operations Thread 16" [_thread_blocked, id=2480, stack(0x0000009502000000,0x0000009502100000)]
  0x0000023d2ed703b0 JavaThread "Unconstrained build operations Thread 17" [_thread_blocked, id=224, stack(0x0000009502100000,0x0000009502200000)]
  0x0000023d2ed6cec0 JavaThread "Unconstrained build operations Thread 18" [_thread_blocked, id=9780, stack(0x0000009502200000,0x0000009502300000)]
  0x0000023d2ed6fa10 JavaThread "Unconstrained build operations Thread 19" [_thread_blocked, id=4876, stack(0x0000009502300000,0x0000009502400000)]
  0x0000023d2ed6fee0 JavaThread "Unconstrained build operations Thread 20" [_thread_blocked, id=10024, stack(0x0000009502400000,0x0000009502500000)]
  0x0000023d2ed6f070 JavaThread "Unconstrained build operations Thread 21" [_thread_blocked, id=2712, stack(0x0000009502500000,0x0000009502600000)]
  0x0000023d2ed6d390 JavaThread "Unconstrained build operations Thread 22" [_thread_blocked, id=10480, stack(0x0000009502600000,0x0000009502700000)]
  0x0000023d2ed6d860 JavaThread "Unconstrained build operations Thread 23" [_thread_blocked, id=4964, stack(0x0000009502700000,0x0000009502800000)]
  0x0000023d2ed6dd30 JavaThread "Unconstrained build operations Thread 24" [_thread_blocked, id=1296, stack(0x0000009502800000,0x0000009502900000)]
  0x0000023d2ed4b2c0 JavaThread "Unconstrained build operations Thread 25" [_thread_blocked, id=3984, stack(0x0000009502900000,0x0000009502a00000)]
  0x0000023d367def70 JavaThread "Unconstrained build operations Thread 26" [_thread_blocked, id=9964, stack(0x0000009502a00000,0x0000009502b00000)]
  0x0000023d367df440 JavaThread "Unconstrained build operations Thread 27" [_thread_blocked, id=6704, stack(0x0000009502b00000,0x0000009502c00000)]
  0x0000023d2ed6e6d0 JavaThread "Unconstrained build operations Thread 28" [_thread_blocked, id=1708, stack(0x0000009502c00000,0x0000009502d00000)]
  0x0000023d37703050 JavaThread "Unconstrained build operations Thread 29" [_thread_blocked, id=9768, stack(0x0000009502d00000,0x0000009502e00000)]
  0x0000023d2f439100 JavaThread "Unconstrained build operations Thread 30" [_thread_blocked, id=9624, stack(0x0000009502e00000,0x0000009502f00000)]
  0x0000023d37700ea0 JavaThread "Unconstrained build operations Thread 31" [_thread_blocked, id=7772, stack(0x0000009502f00000,0x0000009503000000)]
  0x0000023d37700500 JavaThread "Unconstrained build operations Thread 32" [_thread_blocked, id=9428, stack(0x0000009503000000,0x0000009503100000)]
  0x0000023d377026b0 JavaThread "Unconstrained build operations Thread 33" [_thread_blocked, id=11144, stack(0x0000009503100000,0x0000009503200000)]
  0x0000023d367de100 JavaThread "Unconstrained build operations Thread 34" [_thread_blocked, id=6376, stack(0x0000009503200000,0x0000009503300000)]
  0x0000023d367e0780 JavaThread "Unconstrained build operations Thread 35" [_thread_blocked, id=1896, stack(0x0000009503300000,0x0000009503400000)]
  0x0000023d367e02b0 JavaThread "Unconstrained build operations Thread 36" [_thread_blocked, id=14008, stack(0x0000009503400000,0x0000009503500000)]
  0x0000023d367dd760 JavaThread "Unconstrained build operations Thread 37" [_thread_blocked, id=5408, stack(0x0000009503500000,0x0000009503600000)]
  0x0000023d367ddc30 JavaThread "Unconstrained build operations Thread 38" [_thread_blocked, id=12920, stack(0x0000009503600000,0x0000009503700000)]
  0x0000023d3642d060 JavaThread "Unconstrained build operations Thread 39" [_thread_blocked, id=11560, stack(0x0000009503700000,0x0000009503800000)]
  0x0000023d3642d530 JavaThread "Unconstrained build operations Thread 40" [_thread_blocked, id=1600, stack(0x0000009503800000,0x0000009503900000)]
  0x0000023d3642ded0 JavaThread "build event listener" [_thread_blocked, id=14168, stack(0x0000009503900000,0x0000009503a00000)]
  0x0000023d3642da00 JavaThread "build event listener" [_thread_blocked, id=7872, stack(0x0000009503a00000,0x0000009503b00000)]
  0x0000023d3642e3a0 JavaThread "build event listener" [_thread_blocked, id=5496, stack(0x0000009503b00000,0x0000009503c00000)]
  0x0000023d2fb34d40 JavaThread "included builds" [_thread_blocked, id=15344, stack(0x0000009503c00000,0x0000009503d00000)]
  0x0000023d31235000 JavaThread "Execution worker" [_thread_blocked, id=10328, stack(0x0000009503d00000,0x0000009503e00000)]
  0x0000023d31232e50 JavaThread "Execution worker Thread 2" [_thread_blocked, id=5640, stack(0x0000009503e00000,0x0000009503f00000)]
  0x0000023d31233320 JavaThread "Execution worker Thread 3" [_thread_blocked, id=11832, stack(0x0000009504000000,0x0000009504100000)]
  0x0000023d31236340 JavaThread "Cache worker for execution history cache (E:\Android Projet\Projet_misemSekolySabata\.gradle\8.0\executionHistory)" [_thread_blocked, id=5864, stack(0x0000009504100000,0x0000009504200000)]
  0x0000023d2f43b2b0 JavaThread "WorkerExecutor Queue" [_thread_blocked, id=3908, stack(0x0000009504200000,0x0000009504300000)]
  0x0000023d2f43a910 JavaThread "RMI RenewClean-[127.0.0.1:17802,org.jetbrains.kotlin.daemon.common.LoopbackNetworkInterface$ClientLoopbackSocketFactory@3de09d79]" daemon [_thread_blocked, id=9692, stack(0x0000009504600000,0x0000009504700000)]

Other Threads:
=>0x0000023d2a109fc0 VMThread "VM Thread" [stack: 0x000000957b900000,0x000000957ba00000] [id=10068]
  0x0000023d2adac010 WatcherThread [stack: 0x000000957c500000,0x000000957c600000] [id=9136]
  0x0000023d10ba6050 GCTaskThread "GC Thread#0" [stack: 0x000000957b400000,0x000000957b500000] [id=6924]
  0x0000023d2b030910 GCTaskThread "GC Thread#1" [stack: 0x000000957c700000,0x000000957c800000] [id=9828]
  0x0000023d2b2188a0 GCTaskThread "GC Thread#2" [stack: 0x000000957c800000,0x000000957c900000] [id=1804]
  0x0000023d2b496aa0 GCTaskThread "GC Thread#3" [stack: 0x000000957c600000,0x000000957c700000] [id=2716]
  0x0000023d10bb6ea0 ConcurrentGCThread "G1 Main Marker" [stack: 0x000000957b500000,0x000000957b600000] [id=13564]
  0x0000023d10bb77c0 ConcurrentGCThread "G1 Conc#0" [stack: 0x000000957b600000,0x000000957b700000] [id=14204]
  0x0000023d29f60090 ConcurrentGCThread "G1 Refine#0" [stack: 0x000000957b700000,0x000000957b800000] [id=13716]
  0x0000023d2c6e8c50 ConcurrentGCThread "G1 Refine#1" [stack: 0x000000957e100000,0x000000957e200000] [id=12556]
  0x0000023d2d737d20 ConcurrentGCThread "G1 Refine#2" [stack: 0x0000009501a00000,0x0000009501b00000] [id=13780]
  0x0000023d29f61a40 ConcurrentGCThread "G1 Service" [stack: 0x000000957b800000,0x000000957b900000] [id=760]

Threads with active compile tasks:

VM state: at safepoint (normal execution)

VM Mutex/Monitor currently owned by a thread:  ([mutex/lock_event])
[0x0000023d10b453f0] Threads_lock - owner thread: 0x0000023d2a109fc0
[0x0000023d10b45f30] Heap_lock - owner thread: 0x0000023d31233320

Heap address: 0x0000000080000000, size: 2048 MB, Compressed Oops mode: 32-bit

CDS archive(s) not mapped
Compressed class space mapped at: 0x0000000100000000-0x0000000140000000, reserved size: 1073741824
Narrow klass base: 0x0000000000000000, Narrow klass shift: 3, Narrow klass range: 0x140000000

GC Precious Log:
 CPUs: 4 total, 4 available
 Memory: 7920M
 Large Page Support: Disabled
 NUMA Support: Disabled
 Compressed Oops: Enabled (32-bit)
 Heap Region Size: 1M
 Heap Min Capacity: 8M
 Heap Initial Capacity: 124M
 Heap Max Capacity: 2G
 Pre-touch: Disabled
 Parallel Workers: 4
 Concurrent Workers: 1
 Concurrent Refinement Workers: 4
 Periodic GC: Disabled

Heap:
 garbage-first heap   total 304128K, used 135938K [0x0000000080000000, 0x0000000100000000)
  region size 1024K, 11 young (11264K), 11 survivors (11264K)
 Metaspace       used 146001K, committed 147776K, reserved 1179648K
  class space    used 19204K, committed 20032K, reserved 1048576K

Heap Regions: E=young(eden), S=young(survivor), O=old, HS=humongous(starts), HC=humongous(continues), CS=collection set, F=free, OA=open archive, CA=closed archive, TAMS=top-at-mark-start (previous, next)
|   0|0x0000000080000000, 0x0000000080100000, 0x0000000080100000|100%| O|  |TAMS 0x0000000080100000, 0x0000000080100000| Untracked 
|   1|0x0000000080100000, 0x00000000801ffff8, 0x0000000080200000| 99%| O|  |TAMS 0x00000000801ffff8, 0x00000000801ffff8| Untracked 
|   2|0x0000000080200000, 0x0000000080300000, 0x0000000080300000|100%|HS|  |TAMS 0x0000000080300000, 0x0000000080300000| Complete 
|   3|0x0000000080300000, 0x0000000080400000, 0x0000000080400000|100%|HC|  |TAMS 0x0000000080400000, 0x0000000080400000| Complete 
|   4|0x0000000080400000, 0x0000000080500000, 0x0000000080500000|100%|HC|  |TAMS 0x0000000080500000, 0x0000000080500000| Complete 
|   5|0x0000000080500000, 0x0000000080600000, 0x0000000080600000|100%|HC|  |TAMS 0x0000000080600000, 0x0000000080600000| Complete 
|   6|0x0000000080600000, 0x0000000080700000, 0x0000000080700000|100%| O|  |TAMS 0x0000000080700000, 0x0000000080700000| Untracked 
|   7|0x0000000080700000, 0x00000000807ffff8, 0x0000000080800000| 99%| O|  |TAMS 0x00000000807ffff8, 0x00000000807ffff8| Untracked 
|   8|0x0000000080800000, 0x00000000808fffe8, 0x0000000080900000| 99%| O|  |TAMS 0x00000000808fffe8, 0x00000000808fffe8| Untracked 
|   9|0x0000000080900000, 0x0000000080a00000, 0x0000000080a00000|100%| O|  |TAMS 0x0000000080a00000, 0x0000000080a00000| Untracked 
|  10|0x0000000080a00000, 0x0000000080afff98, 0x0000000080b00000| 99%| O|  |TAMS 0x0000000080afff98, 0x0000000080afff98| Untracked 
|  11|0x0000000080b00000, 0x0000000080c00000, 0x0000000080c00000|100%| O|  |TAMS 0x0000000080c00000, 0x0000000080c00000| Untracked 
|  12|0x0000000080c00000, 0x0000000080cfff88, 0x0000000080d00000| 99%| O|  |TAMS 0x0000000080cfff88, 0x0000000080cfff88| Untracked 
|  13|0x0000000080d00000, 0x0000000080e00000, 0x0000000080e00000|100%| O|  |TAMS 0x0000000080e00000, 0x0000000080e00000| Untracked 
|  14|0x0000000080e00000, 0x0000000080f00000, 0x0000000080f00000|100%| O|  |TAMS 0x0000000080f00000, 0x0000000080f00000| Untracked 
|  15|0x0000000080f00000, 0x0000000081000000, 0x0000000081000000|100%| O|  |TAMS 0x0000000081000000, 0x0000000081000000| Untracked 
|  16|0x0000000081000000, 0x00000000810ffff8, 0x0000000081100000| 99%| O|  |TAMS 0x00000000810ffff8, 0x00000000810ffff8| Untracked 
|  17|0x0000000081100000, 0x00000000811ffff0, 0x0000000081200000| 99%| O|  |TAMS 0x00000000811ffff0, 0x00000000811ffff0| Untracked 
|  18|0x0000000081200000, 0x00000000812ffff0, 0x0000000081300000| 99%| O|  |TAMS 0x00000000812ffff0, 0x00000000812ffff0| Untracked 
|  19|0x0000000081300000, 0x00000000813ffff8, 0x0000000081400000| 99%| O|  |TAMS 0x00000000813ffff8, 0x00000000813ffff8| Untracked 
|  20|0x0000000081400000, 0x00000000814ffff8, 0x0000000081500000| 99%| O|  |TAMS 0x00000000814ffff8, 0x00000000814ffff8| Untracked 
|  21|0x0000000081500000, 0x00000000815ffff8, 0x0000000081600000| 99%| O|  |TAMS 0x00000000815ffff8, 0x00000000815ffff8| Untracked 
|  22|0x0000000081600000, 0x0000000081700000, 0x0000000081700000|100%| O|  |TAMS 0x0000000081700000, 0x0000000081700000| Untracked 
|  23|0x0000000081700000, 0x00000000817fffe0, 0x0000000081800000| 99%| O|  |TAMS 0x00000000817fffe0, 0x00000000817fffe0| Untracked 
|  24|0x0000000081800000, 0x0000000081900000, 0x0000000081900000|100%| O|  |TAMS 0x0000000081900000, 0x0000000081900000| Untracked 
|  25|0x0000000081900000, 0x00000000819fffc0, 0x0000000081a00000| 99%| O|  |TAMS 0x00000000819fffc0, 0x00000000819fffc0| Untracked 
|  26|0x0000000081a00000, 0x0000000081afffd0, 0x0000000081b00000| 99%| O|  |TAMS 0x0000000081afffd0, 0x0000000081afffd0| Untracked 
|  27|0x0000000081b00000, 0x0000000081c00000, 0x0000000081c00000|100%| O|  |TAMS 0x0000000081c00000, 0x0000000081c00000| Untracked 
|  28|0x0000000081c00000, 0x0000000081cfffd0, 0x0000000081d00000| 99%| O|  |TAMS 0x0000000081cfffd0, 0x0000000081cfffd0| Untracked 
|  29|0x0000000081d00000, 0x0000000081e00000, 0x0000000081e00000|100%| O|  |TAMS 0x0000000081e00000, 0x0000000081e00000| Untracked 
|  30|0x0000000081e00000, 0x0000000081eff9d0, 0x0000000081f00000| 99%| O|  |TAMS 0x0000000081eff9d0, 0x0000000081eff9d0| Untracked 
|  31|0x0000000081f00000, 0x0000000082000000, 0x0000000082000000|100%| O|  |TAMS 0x0000000082000000, 0x0000000082000000| Untracked 
|  32|0x0000000082000000, 0x00000000820fffe8, 0x0000000082100000| 99%| O|  |TAMS 0x00000000820fffe8, 0x00000000820fffe8| Untracked 
|  33|0x0000000082100000, 0x00000000821ffff0, 0x0000000082200000| 99%| O|  |TAMS 0x00000000821ffff0, 0x00000000821ffff0| Untracked 
|  34|0x0000000082200000, 0x00000000822fffb0, 0x0000000082300000| 99%| O|  |TAMS 0x00000000822fffb0, 0x00000000822fffb0| Untracked 
|  35|0x0000000082300000, 0x00000000823ffff0, 0x0000000082400000| 99%| O|  |TAMS 0x00000000823ffff0, 0x00000000823ffff0| Untracked 
|  36|0x0000000082400000, 0x00000000824ffff8, 0x0000000082500000| 99%| O|  |TAMS 0x00000000824ffff8, 0x00000000824ffff8| Untracked 
|  37|0x0000000082500000, 0x00000000825fffe0, 0x0000000082600000| 99%| O|  |TAMS 0x00000000825fffe0, 0x00000000825fffe0| Untracked 
|  38|0x0000000082600000, 0x0000000082700000, 0x0000000082700000|100%|HS|  |TAMS 0x0000000082700000, 0x0000000082700000| Complete 
|  39|0x0000000082700000, 0x0000000082800000, 0x0000000082800000|100%|HS|  |TAMS 0x0000000082800000, 0x0000000082800000| Complete 
|  40|0x0000000082800000, 0x0000000082900000, 0x0000000082900000|100%|HS|  |TAMS 0x0000000082900000, 0x0000000082900000| Complete 
|  41|0x0000000082900000, 0x0000000082a00000, 0x0000000082a00000|100%|HC|  |TAMS 0x0000000082a00000, 0x0000000082a00000| Complete 
|  42|0x0000000082a00000, 0x0000000082b00000, 0x0000000082b00000|100%|HS|  |TAMS 0x0000000082b00000, 0x0000000082b00000| Complete 
|  43|0x0000000082b00000, 0x0000000082c00000, 0x0000000082c00000|100%|HS|  |TAMS 0x0000000082c00000, 0x0000000082c00000| Complete 
|  44|0x0000000082c00000, 0x0000000082d00000, 0x0000000082d00000|100%|HC|  |TAMS 0x0000000082d00000, 0x0000000082d00000| Complete 
|  45|0x0000000082d00000, 0x0000000082e00000, 0x0000000082e00000|100%|HC|  |TAMS 0x0000000082e00000, 0x0000000082e00000| Complete 
|  46|0x0000000082e00000, 0x0000000082f00000, 0x0000000082f00000|100%|HC|  |TAMS 0x0000000082f00000, 0x0000000082f00000| Complete 
|  47|0x0000000082f00000, 0x0000000082fffff0, 0x0000000083000000| 99%| O|  |TAMS 0x0000000082fffff0, 0x0000000082fffff0| Untracked 
|  48|0x0000000083000000, 0x00000000830fffe8, 0x0000000083100000| 99%| O|  |TAMS 0x00000000830fffe8, 0x00000000830fffe8| Untracked 
|  49|0x0000000083100000, 0x00000000831ffff0, 0x0000000083200000| 99%| O|  |TAMS 0x00000000831ffff0, 0x00000000831ffff0| Untracked 
|  50|0x0000000083200000, 0x00000000832ffff8, 0x0000000083300000| 99%| O|  |TAMS 0x00000000832ffff8, 0x00000000832ffff8| Untracked 
|  51|0x0000000083300000, 0x00000000833ffff0, 0x0000000083400000| 99%| O|  |TAMS 0x00000000833ffff0, 0x00000000833ffff0| Untracked 
|  52|0x0000000083400000, 0x00000000834ffff0, 0x0000000083500000| 99%| O|  |TAMS 0x00000000834ffff0, 0x00000000834ffff0| Untracked 
|  53|0x0000000083500000, 0x0000000083600000, 0x0000000083600000|100%| O|  |TAMS 0x0000000083600000, 0x0000000083600000| Untracked 
|  54|0x0000000083600000, 0x00000000836ffff0, 0x0000000083700000| 99%| O|  |TAMS 0x00000000836ffff0, 0x00000000836ffff0| Untracked 
|  55|0x0000000083700000, 0x00000000837fffe8, 0x0000000083800000| 99%| O|  |TAMS 0x00000000837fffe8, 0x00000000837fffe8| Untracked 
|  56|0x0000000083800000, 0x00000000838ffff0, 0x0000000083900000| 99%| O|  |TAMS 0x00000000838ffff0, 0x00000000838ffff0| Untracked 
|  57|0x0000000083900000, 0x00000000839fffc0, 0x0000000083a00000| 99%| O|  |TAMS 0x00000000839fffc0, 0x00000000839fffc0| Untracked 
|  58|0x0000000083a00000, 0x0000000083affff0, 0x0000000083b00000| 99%| O|  |TAMS 0x0000000083affff0, 0x0000000083affff0| Untracked 
|  59|0x0000000083b00000, 0x0000000083bffff8, 0x0000000083c00000| 99%| O|  |TAMS 0x0000000083bffff8, 0x0000000083bffff8| Untracked 
|  60|0x0000000083c00000, 0x0000000083cffff8, 0x0000000083d00000| 99%| O|  |TAMS 0x0000000083cffff8, 0x0000000083cffff8| Untracked 
|  61|0x0000000083d00000, 0x0000000083e00000, 0x0000000083e00000|100%| O|  |TAMS 0x0000000083e00000, 0x0000000083e00000| Untracked 
|  62|0x0000000083e00000, 0x0000000083effff8, 0x0000000083f00000| 99%| O|  |TAMS 0x0000000083effff8, 0x0000000083effff8| Untracked 
|  63|0x0000000083f00000, 0x0000000083fffff8, 0x0000000084000000| 99%| O|  |TAMS 0x0000000083fffff8, 0x0000000083fffff8| Untracked 
|  64|0x0000000084000000, 0x00000000840ffa10, 0x0000000084100000| 99%| O|  |TAMS 0x00000000840ffa10, 0x00000000840ffa10| Untracked 
|  65|0x0000000084100000, 0x00000000841ffff8, 0x0000000084200000| 99%| O|  |TAMS 0x00000000841ffff8, 0x00000000841ffff8| Untracked 
|  66|0x0000000084200000, 0x00000000842fff90, 0x0000000084300000| 99%| O|  |TAMS 0x00000000842fff90, 0x00000000842fff90| Untracked 
|  67|0x0000000084300000, 0x0000000084400000, 0x0000000084400000|100%| O|  |TAMS 0x0000000084400000, 0x0000000084400000| Untracked 
|  68|0x0000000084400000, 0x00000000844fffd8, 0x0000000084500000| 99%| O|  |TAMS 0x00000000844fffd8, 0x00000000844fffd8| Untracked 
|  69|0x0000000084500000, 0x00000000845ffff0, 0x0000000084600000| 99%| O|  |TAMS 0x00000000845ffff0, 0x00000000845ffff0| Untracked 
|  70|0x0000000084600000, 0x0000000084689468, 0x0000000084700000| 53%| O|  |TAMS 0x0000000084689468, 0x0000000084689468| Untracked 
|  71|0x0000000084700000, 0x0000000084800000, 0x0000000084800000|100%| O|  |TAMS 0x0000000084800000, 0x0000000084800000| Untracked 
|  72|0x0000000084800000, 0x0000000084900000, 0x0000000084900000|100%| O|  |TAMS 0x0000000084900000, 0x0000000084900000| Untracked 
|  73|0x0000000084900000, 0x00000000849fb690, 0x0000000084a00000| 98%| O|  |TAMS 0x00000000849fb690, 0x00000000849fb690| Untracked 
|  74|0x0000000084a00000, 0x0000000084afffb0, 0x0000000084b00000| 99%| O|  |TAMS 0x0000000084afffb0, 0x0000000084afffb0| Untracked 
|  75|0x0000000084b00000, 0x0000000084c00000, 0x0000000084c00000|100%| O|  |TAMS 0x0000000084c00000, 0x0000000084c00000| Untracked 
|  76|0x0000000084c00000, 0x0000000084cffff8, 0x0000000084d00000| 99%| O|  |TAMS 0x0000000084cffff8, 0x0000000084cffff8| Untracked 
|  77|0x0000000084d00000, 0x0000000084e00000, 0x0000000084e00000|100%| O|  |TAMS 0x0000000084e00000, 0x0000000084e00000| Untracked 
|  78|0x0000000084e00000, 0x0000000084efe900, 0x0000000084f00000| 99%| O|  |TAMS 0x0000000084efe900, 0x0000000084efe900| Untracked 
|  79|0x0000000084f00000, 0x0000000084fffff8, 0x0000000085000000| 99%| O|  |TAMS 0x0000000084fffff8, 0x0000000084fffff8| Untracked 
|  80|0x0000000085000000, 0x0000000085100000, 0x0000000085100000|100%| O|  |TAMS 0x0000000085100000, 0x0000000085100000| Untracked 
|  81|0x0000000085100000, 0x0000000085200000, 0x0000000085200000|100%| O|  |TAMS 0x0000000085200000, 0x0000000085200000| Untracked 
|  82|0x0000000085200000, 0x00000000852f8c10, 0x0000000085300000| 97%| O|  |TAMS 0x00000000852f8c10, 0x00000000852f8c10| Untracked 
|  83|0x0000000085300000, 0x000000008535f978, 0x0000000085400000| 37%| O|  |TAMS 0x000000008535f978, 0x000000008535f978| Untracked 
|  84|0x0000000085400000, 0x0000000085500000, 0x0000000085500000|100%| O|  |TAMS 0x0000000085500000, 0x0000000085500000| Untracked 
|  85|0x0000000085500000, 0x0000000085600000, 0x0000000085600000|100%| O|  |TAMS 0x0000000085600000, 0x0000000085600000| Untracked 
|  86|0x0000000085600000, 0x00000000856fffc8, 0x0000000085700000| 99%| O|  |TAMS 0x00000000856fffc8, 0x00000000856fffc8| Untracked 
|  87|0x0000000085700000, 0x0000000085800000, 0x0000000085800000|100%| O|  |TAMS 0x0000000085800000, 0x0000000085800000| Untracked 
|  88|0x0000000085800000, 0x0000000085900000, 0x0000000085900000|100%| O|  |TAMS 0x0000000085900000, 0x0000000085900000| Untracked 
|  89|0x0000000085900000, 0x00000000859fffe8, 0x0000000085a00000| 99%| O|  |TAMS 0x00000000859fffe8, 0x00000000859fffe8| Untracked 
|  90|0x0000000085a00000, 0x0000000085b00000, 0x0000000085b00000|100%| O|  |TAMS 0x0000000085a00000, 0x0000000085b00000| Untracked 
|  91|0x0000000085b00000, 0x0000000085c00000, 0x0000000085c00000|100%| O|  |TAMS 0x0000000085b00000, 0x0000000085c00000| Untracked 
|  92|0x0000000085c00000, 0x0000000085c7b918, 0x0000000085d00000| 48%| O|  |TAMS 0x0000000085c7b918, 0x0000000085c7b918| Untracked 
|  93|0x0000000085d00000, 0x0000000085e00000, 0x0000000085e00000|100%| O|  |TAMS 0x0000000085e00000, 0x0000000085e00000| Untracked 
|  94|0x0000000085e00000, 0x0000000085f00000, 0x0000000085f00000|100%| O|  |TAMS 0x0000000085f00000, 0x0000000085f00000| Untracked 
|  95|0x0000000085f00000, 0x0000000086000000, 0x0000000086000000|100%| O|  |TAMS 0x0000000086000000, 0x0000000086000000| Untracked 
|  96|0x0000000086000000, 0x0000000086100000, 0x0000000086100000|100%| O|  |TAMS 0x0000000086100000, 0x0000000086100000| Untracked 
|  97|0x0000000086100000, 0x0000000086200000, 0x0000000086200000|100%| O|  |TAMS 0x0000000086200000, 0x0000000086200000| Untracked 
|  98|0x0000000086200000, 0x0000000086300000, 0x0000000086300000|100%| O|  |TAMS 0x0000000086300000, 0x0000000086300000| Untracked 
|  99|0x0000000086300000, 0x0000000086400000, 0x0000000086400000|100%| O|  |TAMS 0x0000000086400000, 0x0000000086400000| Untracked 
| 100|0x0000000086400000, 0x0000000086500000, 0x0000000086500000|100%| O|  |TAMS 0x0000000086500000, 0x0000000086500000| Untracked 
| 101|0x0000000086500000, 0x0000000086600000, 0x0000000086600000|100%| O|  |TAMS 0x0000000086600000, 0x0000000086600000| Untracked 
| 102|0x0000000086600000, 0x0000000086700000, 0x0000000086700000|100%| O|  |TAMS 0x0000000086600000, 0x0000000086700000| Untracked 
| 103|0x0000000086700000, 0x0000000086800000, 0x0000000086800000|100%| O|  |TAMS 0x0000000086800000, 0x0000000086800000| Untracked 
| 104|0x0000000086800000, 0x0000000086900000, 0x0000000086900000|100%| O|  |TAMS 0x0000000086900000, 0x0000000086900000| Untracked 
| 105|0x0000000086900000, 0x0000000086a00000, 0x0000000086a00000|100%| O|  |TAMS 0x0000000086a00000, 0x0000000086a00000| Untracked 
| 106|0x0000000086a00000, 0x0000000086a00000, 0x0000000086b00000|  0%| F|  |TAMS 0x0000000086a00000, 0x0000000086a00000| Untracked 
| 107|0x0000000086b00000, 0x0000000086b00000, 0x0000000086c00000|  0%| F|  |TAMS 0x0000000086b00000, 0x0000000086b00000| Untracked 
| 108|0x0000000086c00000, 0x0000000086d00000, 0x0000000086d00000|100%| O|  |TAMS 0x0000000086d00000, 0x0000000086d00000| Untracked 
| 109|0x0000000086d00000, 0x0000000086e00000, 0x0000000086e00000|100%| O|  |TAMS 0x0000000086e00000, 0x0000000086e00000| Untracked 
| 110|0x0000000086e00000, 0x0000000086f00000, 0x0000000086f00000|100%| O|  |TAMS 0x0000000086f00000, 0x0000000086f00000| Untracked 
| 111|0x0000000086f00000, 0x0000000087000000, 0x0000000087000000|100%| O|  |TAMS 0x0000000087000000, 0x0000000087000000| Untracked 
| 112|0x0000000087000000, 0x0000000087100000, 0x0000000087100000|100%| O|  |TAMS 0x0000000087100000, 0x0000000087100000| Untracked 
| 113|0x0000000087100000, 0x0000000087200000, 0x0000000087200000|100%| O|  |TAMS 0x0000000087100000, 0x0000000087200000| Untracked 
| 114|0x0000000087200000, 0x0000000087300000, 0x0000000087300000|100%| O|  |TAMS 0x00000000872df600, 0x0000000087300000| Untracked 
| 115|0x0000000087300000, 0x0000000087400000, 0x0000000087400000|100%| O|  |TAMS 0x0000000087300000, 0x0000000087400000| Untracked 
| 116|0x0000000087400000, 0x0000000087500000, 0x0000000087500000|100%| O|  |TAMS 0x0000000087400000, 0x0000000087500000| Untracked 
| 117|0x0000000087500000, 0x0000000087600000, 0x0000000087600000|100%| O|  |TAMS 0x0000000087500000, 0x0000000087600000| Untracked 
| 118|0x0000000087600000, 0x00000000876d2400, 0x0000000087700000| 82%| O|  |TAMS 0x0000000087600000, 0x00000000876d2400| Untracked 
| 119|0x0000000087700000, 0x0000000087700000, 0x0000000087800000|  0%| F|  |TAMS 0x0000000087700000, 0x0000000087700000| Untracked 
| 120|0x0000000087800000, 0x0000000087800000, 0x0000000087900000|  0%| F|  |TAMS 0x0000000087800000, 0x0000000087800000| Untracked 
| 121|0x0000000087900000, 0x0000000087900000, 0x0000000087a00000|  0%| F|  |TAMS 0x0000000087900000, 0x0000000087900000| Untracked 
| 122|0x0000000087a00000, 0x0000000087a00000, 0x0000000087b00000|  0%| F|  |TAMS 0x0000000087a00000, 0x0000000087a00000| Untracked 
| 123|0x0000000087b00000, 0x0000000087b00000, 0x0000000087c00000|  0%| F|  |TAMS 0x0000000087b00000, 0x0000000087b00000| Untracked 
| 124|0x0000000087c00000, 0x0000000087c00000, 0x0000000087d00000|  0%| F|  |TAMS 0x0000000087c00000, 0x0000000087c00000| Untracked 
| 125|0x0000000087d00000, 0x0000000087d00000, 0x0000000087e00000|  0%| F|  |TAMS 0x0000000087d00000, 0x0000000087d00000| Untracked 
| 126|0x0000000087e00000, 0x0000000087e00000, 0x0000000087f00000|  0%| F|  |TAMS 0x0000000087e00000, 0x0000000087e00000| Untracked 
| 127|0x0000000087f00000, 0x0000000087f00000, 0x0000000088000000|  0%| F|  |TAMS 0x0000000087f00000, 0x0000000087f00000| Untracked 
| 128|0x0000000088000000, 0x0000000088000000, 0x0000000088100000|  0%| F|  |TAMS 0x0000000088000000, 0x0000000088000000| Untracked 
| 129|0x0000000088100000, 0x0000000088100000, 0x0000000088200000|  0%| F|  |TAMS 0x0000000088100000, 0x0000000088100000| Untracked 
| 130|0x0000000088200000, 0x0000000088200000, 0x0000000088300000|  0%| F|  |TAMS 0x0000000088200000, 0x0000000088200000| Untracked 
| 131|0x0000000088300000, 0x0000000088300000, 0x0000000088400000|  0%| F|  |TAMS 0x0000000088300000, 0x0000000088300000| Untracked 
| 132|0x0000000088400000, 0x0000000088400000, 0x0000000088500000|  0%| F|  |TAMS 0x0000000088400000, 0x0000000088400000| Untracked 
| 133|0x0000000088500000, 0x0000000088500000, 0x0000000088600000|  0%| F|  |TAMS 0x0000000088500000, 0x0000000088500000| Untracked 
| 134|0x0000000088600000, 0x0000000088600000, 0x0000000088700000|  0%| F|  |TAMS 0x0000000088600000, 0x0000000088600000| Untracked 
| 135|0x0000000088700000, 0x0000000088700000, 0x0000000088800000|  0%| F|  |TAMS 0x0000000088700000, 0x0000000088700000| Untracked 
| 136|0x0000000088800000, 0x0000000088800000, 0x0000000088900000|  0%| F|  |TAMS 0x0000000088800000, 0x0000000088800000| Untracked 
| 137|0x0000000088900000, 0x0000000088900000, 0x0000000088a00000|  0%| F|  |TAMS 0x0000000088900000, 0x0000000088900000| Untracked 
| 138|0x0000000088a00000, 0x0000000088a00000, 0x0000000088b00000|  0%| F|  |TAMS 0x0000000088a00000, 0x0000000088a00000| Untracked 
| 139|0x0000000088b00000, 0x0000000088c00000, 0x0000000088c00000|100%|HS|  |TAMS 0x0000000088c00000, 0x0000000088c00000| Complete 
| 140|0x0000000088c00000, 0x0000000088d00000, 0x0000000088d00000|100%|HC|  |TAMS 0x0000000088d00000, 0x0000000088d00000| Complete 
| 141|0x0000000088d00000, 0x0000000088e00000, 0x0000000088e00000|100%|HC|  |TAMS 0x0000000088e00000, 0x0000000088e00000| Complete 
| 142|0x0000000088e00000, 0x0000000088f00000, 0x0000000088f00000|100%|HC|  |TAMS 0x0000000088f00000, 0x0000000088f00000| Complete 
| 143|0x0000000088f00000, 0x0000000089000000, 0x0000000089000000|100%|HC|  |TAMS 0x0000000089000000, 0x0000000089000000| Complete 
| 144|0x0000000089000000, 0x0000000089100000, 0x0000000089100000|100%|HC|  |TAMS 0x0000000089100000, 0x0000000089100000| Complete 
| 145|0x0000000089100000, 0x0000000089200000, 0x0000000089200000|100%|HC|  |TAMS 0x0000000089200000, 0x0000000089200000| Complete 
| 146|0x0000000089200000, 0x0000000089200000, 0x0000000089300000|  0%| F|  |TAMS 0x0000000089200000, 0x0000000089200000| Untracked 
| 147|0x0000000089300000, 0x0000000089300000, 0x0000000089400000|  0%| F|  |TAMS 0x0000000089300000, 0x0000000089300000| Untracked 
| 148|0x0000000089400000, 0x0000000089400000, 0x0000000089500000|  0%| F|  |TAMS 0x0000000089400000, 0x0000000089400000| Untracked 
| 149|0x0000000089500000, 0x0000000089500000, 0x0000000089600000|  0%| F|  |TAMS 0x0000000089500000, 0x0000000089500000| Untracked 
| 150|0x0000000089600000, 0x0000000089600000, 0x0000000089700000|  0%| F|  |TAMS 0x0000000089600000, 0x0000000089600000| Untracked 
| 151|0x0000000089700000, 0x0000000089700000, 0x0000000089800000|  0%| F|  |TAMS 0x0000000089700000, 0x0000000089700000| Untracked 
| 152|0x0000000089800000, 0x0000000089800000, 0x0000000089900000|  0%| F|  |TAMS 0x0000000089800000, 0x0000000089800000| Untracked 
| 153|0x0000000089900000, 0x0000000089900000, 0x0000000089a00000|  0%| F|  |TAMS 0x0000000089900000, 0x0000000089900000| Untracked 
| 154|0x0000000089a00000, 0x0000000089a00000, 0x0000000089b00000|  0%| F|  |TAMS 0x0000000089a00000, 0x0000000089a00000| Untracked 
| 155|0x0000000089b00000, 0x0000000089b00000, 0x0000000089c00000|  0%| F|  |TAMS 0x0000000089b00000, 0x0000000089b00000| Untracked 
| 156|0x0000000089c00000, 0x0000000089c00000, 0x0000000089d00000|  0%| F|  |TAMS 0x0000000089c00000, 0x0000000089c00000| Untracked 
| 157|0x0000000089d00000, 0x0000000089d00000, 0x0000000089e00000|  0%| F|  |TAMS 0x0000000089d00000, 0x0000000089d00000| Untracked 
| 158|0x0000000089e00000, 0x0000000089e00000, 0x0000000089f00000|  0%| F|  |TAMS 0x0000000089e00000, 0x0000000089e00000| Untracked 
| 159|0x0000000089f00000, 0x0000000089f00000, 0x000000008a000000|  0%| F|  |TAMS 0x0000000089f00000, 0x0000000089f00000| Untracked 
| 160|0x000000008a000000, 0x000000008a000000, 0x000000008a100000|  0%| F|  |TAMS 0x000000008a000000, 0x000000008a000000| Untracked 
| 161|0x000000008a100000, 0x000000008a100000, 0x000000008a200000|  0%| F|  |TAMS 0x000000008a100000, 0x000000008a100000| Untracked 
| 162|0x000000008a200000, 0x000000008a200000, 0x000000008a300000|  0%| F|  |TAMS 0x000000008a200000, 0x000000008a200000| Untracked 
| 163|0x000000008a300000, 0x000000008a300000, 0x000000008a400000|  0%| F|  |TAMS 0x000000008a300000, 0x000000008a300000| Untracked 
| 164|0x000000008a400000, 0x000000008a400000, 0x000000008a500000|  0%| F|  |TAMS 0x000000008a400000, 0x000000008a400000| Untracked 
| 165|0x000000008a500000, 0x000000008a500000, 0x000000008a600000|  0%| F|  |TAMS 0x000000008a500000, 0x000000008a500000| Untracked 
| 166|0x000000008a600000, 0x000000008a600000, 0x000000008a700000|  0%| F|  |TAMS 0x000000008a600000, 0x000000008a600000| Untracked 
| 167|0x000000008a700000, 0x000000008a700000, 0x000000008a800000|  0%| F|  |TAMS 0x000000008a700000, 0x000000008a700000| Untracked 
| 168|0x000000008a800000, 0x000000008a800000, 0x000000008a900000|  0%| F|  |TAMS 0x000000008a800000, 0x000000008a800000| Untracked 
| 169|0x000000008a900000, 0x000000008a900000, 0x000000008aa00000|  0%| F|  |TAMS 0x000000008a900000, 0x000000008a900000| Untracked 
| 170|0x000000008aa00000, 0x000000008aa00000, 0x000000008ab00000|  0%| F|  |TAMS 0x000000008aa00000, 0x000000008aa00000| Untracked 
| 171|0x000000008ab00000, 0x000000008ab98310, 0x000000008ac00000| 59%| S|CS|TAMS 0x000000008ab00000, 0x000000008ab00000| Complete 
| 172|0x000000008ac00000, 0x000000008ad00000, 0x000000008ad00000|100%| S|CS|TAMS 0x000000008ac00000, 0x000000008ac00000| Complete 
| 173|0x000000008ad00000, 0x000000008ae00000, 0x000000008ae00000|100%| S|CS|TAMS 0x000000008ad00000, 0x000000008ad00000| Complete 
| 174|0x000000008ae00000, 0x000000008af00000, 0x000000008af00000|100%| S|CS|TAMS 0x000000008ae00000, 0x000000008ae00000| Complete 
| 175|0x000000008af00000, 0x000000008b000000, 0x000000008b000000|100%| S|CS|TAMS 0x000000008af00000, 0x000000008af00000| Complete 
| 176|0x000000008b000000, 0x000000008b100000, 0x000000008b100000|100%| S|CS|TAMS 0x000000008b000000, 0x000000008b000000| Complete 
| 177|0x000000008b100000, 0x000000008b200000, 0x000000008b200000|100%| S|CS|TAMS 0x000000008b100000, 0x000000008b100000| Complete 
| 178|0x000000008b200000, 0x000000008b300000, 0x000000008b300000|100%| S|CS|TAMS 0x000000008b200000, 0x000000008b200000| Complete 
| 179|0x000000008b300000, 0x000000008b400000, 0x000000008b400000|100%| S|CS|TAMS 0x000000008b300000, 0x000000008b300000| Complete 
| 180|0x000000008b400000, 0x000000008b500000, 0x000000008b500000|100%| S|CS|TAMS 0x000000008b400000, 0x000000008b400000| Complete 
| 181|0x000000008b500000, 0x000000008b600000, 0x000000008b600000|100%| S|CS|TAMS 0x000000008b500000, 0x000000008b500000| Complete 
| 182|0x000000008b600000, 0x000000008b600000, 0x000000008b700000|  0%| F|  |TAMS 0x000000008b600000, 0x000000008b600000| Untracked 
| 183|0x000000008b700000, 0x000000008b700000, 0x000000008b800000|  0%| F|  |TAMS 0x000000008b700000, 0x000000008b700000| Untracked 
| 184|0x000000008b800000, 0x000000008b800000, 0x000000008b900000|  0%| F|  |TAMS 0x000000008b800000, 0x000000008b800000| Untracked 
| 185|0x000000008b900000, 0x000000008b900000, 0x000000008ba00000|  0%| F|  |TAMS 0x000000008b900000, 0x000000008b900000| Untracked 
| 186|0x000000008ba00000, 0x000000008ba00000, 0x000000008bb00000|  0%| F|  |TAMS 0x000000008ba00000, 0x000000008ba00000| Untracked 
| 187|0x000000008bb00000, 0x000000008bb00000, 0x000000008bc00000|  0%| F|  |TAMS 0x000000008bb00000, 0x000000008bb00000| Untracked 
| 188|0x000000008bc00000, 0x000000008bc00000, 0x000000008bd00000|  0%| F|  |TAMS 0x000000008bc00000, 0x000000008bc00000| Untracked 
| 189|0x000000008bd00000, 0x000000008bd00000, 0x000000008be00000|  0%| F|  |TAMS 0x000000008bd00000, 0x000000008bd00000| Untracked 
| 190|0x000000008be00000, 0x000000008be00000, 0x000000008bf00000|  0%| F|  |TAMS 0x000000008be00000, 0x000000008be00000| Untracked 
| 191|0x000000008bf00000, 0x000000008bf00000, 0x000000008c000000|  0%| F|  |TAMS 0x000000008bf00000, 0x000000008bf00000| Untracked 
| 192|0x000000008c000000, 0x000000008c000000, 0x000000008c100000|  0%| F|  |TAMS 0x000000008c000000, 0x000000008c000000| Untracked 
| 193|0x000000008c100000, 0x000000008c100000, 0x000000008c200000|  0%| F|  |TAMS 0x000000008c100000, 0x000000008c100000| Untracked 
| 194|0x000000008c200000, 0x000000008c200000, 0x000000008c300000|  0%| F|  |TAMS 0x000000008c200000, 0x000000008c200000| Untracked 
| 195|0x000000008c300000, 0x000000008c300000, 0x000000008c400000|  0%| F|  |TAMS 0x000000008c300000, 0x000000008c300000| Untracked 
| 196|0x000000008c400000, 0x000000008c400000, 0x000000008c500000|  0%| F|  |TAMS 0x000000008c400000, 0x000000008c400000| Untracked 
| 197|0x000000008c500000, 0x000000008c500000, 0x000000008c600000|  0%| F|  |TAMS 0x000000008c500000, 0x000000008c500000| Untracked 
| 198|0x000000008c600000, 0x000000008c600000, 0x000000008c700000|  0%| F|  |TAMS 0x000000008c600000, 0x000000008c600000| Untracked 
| 199|0x000000008c700000, 0x000000008c700000, 0x000000008c800000|  0%| F|  |TAMS 0x000000008c700000, 0x000000008c700000| Untracked 
| 200|0x000000008c800000, 0x000000008c800000, 0x000000008c900000|  0%| F|  |TAMS 0x000000008c800000, 0x000000008c800000| Untracked 
| 201|0x000000008c900000, 0x000000008c900000, 0x000000008ca00000|  0%| F|  |TAMS 0x000000008c900000, 0x000000008c900000| Untracked 
| 202|0x000000008ca00000, 0x000000008ca00000, 0x000000008cb00000|  0%| F|  |TAMS 0x000000008ca00000, 0x000000008ca00000| Untracked 
| 203|0x000000008cb00000, 0x000000008cb00000, 0x000000008cc00000|  0%| F|  |TAMS 0x000000008cb00000, 0x000000008cb00000| Untracked 
| 204|0x000000008cc00000, 0x000000008cc00000, 0x000000008cd00000|  0%| F|  |TAMS 0x000000008cc00000, 0x000000008cc00000| Untracked 
| 205|0x000000008cd00000, 0x000000008cd00000, 0x000000008ce00000|  0%| F|  |TAMS 0x000000008cd00000, 0x000000008cd00000| Untracked 
| 206|0x000000008ce00000, 0x000000008ce00000, 0x000000008cf00000|  0%| F|  |TAMS 0x000000008ce00000, 0x000000008ce00000| Untracked 
| 207|0x000000008cf00000, 0x000000008cf00000, 0x000000008d000000|  0%| F|  |TAMS 0x000000008cf00000, 0x000000008cf00000| Untracked 
| 208|0x000000008d000000, 0x000000008d000000, 0x000000008d100000|  0%| F|  |TAMS 0x000000008d000000, 0x000000008d000000| Untracked 
| 209|0x000000008d100000, 0x000000008d100000, 0x000000008d200000|  0%| F|  |TAMS 0x000000008d100000, 0x000000008d100000| Untracked 
| 210|0x000000008d200000, 0x000000008d200000, 0x000000008d300000|  0%| F|  |TAMS 0x000000008d200000, 0x000000008d200000| Untracked 
| 211|0x000000008d300000, 0x000000008d300000, 0x000000008d400000|  0%| F|  |TAMS 0x000000008d300000, 0x000000008d300000| Untracked 
| 212|0x000000008d400000, 0x000000008d400000, 0x000000008d500000|  0%| F|  |TAMS 0x000000008d400000, 0x000000008d400000| Untracked 
| 213|0x000000008d500000, 0x000000008d500000, 0x000000008d600000|  0%| F|  |TAMS 0x000000008d500000, 0x000000008d500000| Untracked 
| 214|0x000000008d600000, 0x000000008d600000, 0x000000008d700000|  0%| F|  |TAMS 0x000000008d600000, 0x000000008d600000| Untracked 
| 215|0x000000008d700000, 0x000000008d700000, 0x000000008d800000|  0%| F|  |TAMS 0x000000008d700000, 0x000000008d700000| Untracked 
| 216|0x000000008d800000, 0x000000008d800000, 0x000000008d900000|  0%| F|  |TAMS 0x000000008d800000, 0x000000008d800000| Untracked 
| 217|0x000000008d900000, 0x000000008d900000, 0x000000008da00000|  0%| F|  |TAMS 0x000000008d900000, 0x000000008d900000| Untracked 
| 218|0x000000008da00000, 0x000000008da00000, 0x000000008db00000|  0%| F|  |TAMS 0x000000008da00000, 0x000000008da00000| Untracked 
| 219|0x000000008db00000, 0x000000008db00000, 0x000000008dc00000|  0%| F|  |TAMS 0x000000008db00000, 0x000000008db00000| Untracked 
| 220|0x000000008dc00000, 0x000000008dc00000, 0x000000008dd00000|  0%| F|  |TAMS 0x000000008dc00000, 0x000000008dc00000| Untracked 
| 221|0x000000008dd00000, 0x000000008dd00000, 0x000000008de00000|  0%| F|  |TAMS 0x000000008dd00000, 0x000000008dd00000| Untracked 
| 222|0x000000008de00000, 0x000000008de00000, 0x000000008df00000|  0%| F|  |TAMS 0x000000008de00000, 0x000000008de00000| Untracked 
| 223|0x000000008df00000, 0x000000008df00000, 0x000000008e000000|  0%| F|  |TAMS 0x000000008df00000, 0x000000008df00000| Untracked 
| 224|0x000000008e000000, 0x000000008e000000, 0x000000008e100000|  0%| F|  |TAMS 0x000000008e000000, 0x000000008e000000| Untracked 
| 225|0x000000008e100000, 0x000000008e100000, 0x000000008e200000|  0%| F|  |TAMS 0x000000008e100000, 0x000000008e100000| Untracked 
| 226|0x000000008e200000, 0x000000008e200000, 0x000000008e300000|  0%| F|  |TAMS 0x000000008e200000, 0x000000008e200000| Untracked 
| 227|0x000000008e300000, 0x000000008e300000, 0x000000008e400000|  0%| F|  |TAMS 0x000000008e300000, 0x000000008e300000| Untracked 
| 228|0x000000008e400000, 0x000000008e400000, 0x000000008e500000|  0%| F|  |TAMS 0x000000008e400000, 0x000000008e400000| Untracked 
| 229|0x000000008e500000, 0x000000008e500000, 0x000000008e600000|  0%| F|  |TAMS 0x000000008e500000, 0x000000008e500000| Untracked 
| 230|0x000000008e600000, 0x000000008e600000, 0x000000008e700000|  0%| F|  |TAMS 0x000000008e600000, 0x000000008e600000| Untracked 
| 231|0x000000008e700000, 0x000000008e700000, 0x000000008e800000|  0%| F|  |TAMS 0x000000008e700000, 0x000000008e700000| Untracked 
| 232|0x000000008e800000, 0x000000008e800000, 0x000000008e900000|  0%| F|  |TAMS 0x000000008e800000, 0x000000008e800000| Untracked 
| 233|0x000000008e900000, 0x000000008e900000, 0x000000008ea00000|  0%| F|  |TAMS 0x000000008e900000, 0x000000008e900000| Untracked 
| 234|0x000000008ea00000, 0x000000008ea00000, 0x000000008eb00000|  0%| F|  |TAMS 0x000000008ea00000, 0x000000008ea00000| Untracked 
| 235|0x000000008eb00000, 0x000000008eb00000, 0x000000008ec00000|  0%| F|  |TAMS 0x000000008eb00000, 0x000000008eb00000| Untracked 
| 236|0x000000008ec00000, 0x000000008ec00000, 0x000000008ed00000|  0%| F|  |TAMS 0x000000008ec00000, 0x000000008ec00000| Untracked 
| 237|0x000000008ed00000, 0x000000008ed00000, 0x000000008ee00000|  0%| F|  |TAMS 0x000000008ed00000, 0x000000008ed00000| Untracked 
| 238|0x000000008ee00000, 0x000000008ee00000, 0x000000008ef00000|  0%| F|  |TAMS 0x000000008ee00000, 0x000000008ee00000| Untracked 
| 239|0x000000008ef00000, 0x000000008ef00000, 0x000000008f000000|  0%| F|  |TAMS 0x000000008ef00000, 0x000000008ef00000| Untracked 
| 240|0x000000008f000000, 0x000000008f000000, 0x000000008f100000|  0%| F|  |TAMS 0x000000008f000000, 0x000000008f000000| Untracked 
| 241|0x000000008f100000, 0x000000008f100000, 0x000000008f200000|  0%| F|  |TAMS 0x000000008f100000, 0x000000008f100000| Untracked 
| 242|0x000000008f200000, 0x000000008f200000, 0x000000008f300000|  0%| F|  |TAMS 0x000000008f200000, 0x000000008f200000| Untracked 
| 243|0x000000008f300000, 0x000000008f300000, 0x000000008f400000|  0%| F|  |TAMS 0x000000008f300000, 0x000000008f300000| Untracked 
| 244|0x000000008f400000, 0x000000008f400000, 0x000000008f500000|  0%| F|  |TAMS 0x000000008f400000, 0x000000008f400000| Untracked 
| 245|0x000000008f500000, 0x000000008f500000, 0x000000008f600000|  0%| F|  |TAMS 0x000000008f500000, 0x000000008f500000| Untracked 
| 246|0x000000008f600000, 0x000000008f600000, 0x000000008f700000|  0%| F|  |TAMS 0x000000008f600000, 0x000000008f600000| Untracked 
| 247|0x000000008f700000, 0x000000008f700000, 0x000000008f800000|  0%| F|  |TAMS 0x000000008f700000, 0x000000008f700000| Untracked 
| 248|0x000000008f800000, 0x000000008f800000, 0x000000008f900000|  0%| F|  |TAMS 0x000000008f800000, 0x000000008f800000| Untracked 
| 249|0x000000008f900000, 0x000000008f900000, 0x000000008fa00000|  0%| F|  |TAMS 0x000000008f900000, 0x000000008f900000| Untracked 
| 250|0x000000008fa00000, 0x000000008fa00000, 0x000000008fb00000|  0%| F|  |TAMS 0x000000008fa00000, 0x000000008fa00000| Untracked 
| 251|0x000000008fb00000, 0x000000008fb00000, 0x000000008fc00000|  0%| F|  |TAMS 0x000000008fb00000, 0x000000008fb00000| Untracked 
| 252|0x000000008fc00000, 0x000000008fc00000, 0x000000008fd00000|  0%| F|  |TAMS 0x000000008fc00000, 0x000000008fc00000| Untracked 
| 253|0x000000008fd00000, 0x000000008fd00000, 0x000000008fe00000|  0%| F|  |TAMS 0x000000008fd00000, 0x000000008fd00000| Untracked 
| 254|0x000000008fe00000, 0x000000008fe00000, 0x000000008ff00000|  0%| F|  |TAMS 0x000000008fe00000, 0x000000008fe00000| Untracked 
| 255|0x000000008ff00000, 0x000000008ff00000, 0x0000000090000000|  0%| F|  |TAMS 0x000000008ff00000, 0x000000008ff00000| Untracked 
| 256|0x0000000090000000, 0x0000000090000000, 0x0000000090100000|  0%| F|  |TAMS 0x0000000090000000, 0x0000000090000000| Untracked 
| 257|0x0000000090100000, 0x0000000090100000, 0x0000000090200000|  0%| F|  |TAMS 0x0000000090100000, 0x0000000090100000| Untracked 
| 258|0x0000000090200000, 0x0000000090200000, 0x0000000090300000|  0%| F|  |TAMS 0x0000000090200000, 0x0000000090200000| Untracked 
| 259|0x0000000090300000, 0x0000000090300000, 0x0000000090400000|  0%| F|  |TAMS 0x0000000090300000, 0x0000000090300000| Untracked 
| 260|0x0000000090400000, 0x0000000090400000, 0x0000000090500000|  0%| F|  |TAMS 0x0000000090400000, 0x0000000090400000| Untracked 
| 261|0x0000000090500000, 0x0000000090500000, 0x0000000090600000|  0%| F|  |TAMS 0x0000000090500000, 0x0000000090500000| Untracked 
| 262|0x0000000090600000, 0x0000000090600000, 0x0000000090700000|  0%| F|  |TAMS 0x0000000090600000, 0x0000000090600000| Untracked 
| 263|0x0000000090700000, 0x0000000090700000, 0x0000000090800000|  0%| F|  |TAMS 0x0000000090700000, 0x0000000090700000| Untracked 
| 264|0x0000000090800000, 0x0000000090800000, 0x0000000090900000|  0%| F|  |TAMS 0x0000000090800000, 0x0000000090800000| Untracked 
| 265|0x0000000090900000, 0x0000000090900000, 0x0000000090a00000|  0%| F|  |TAMS 0x0000000090900000, 0x0000000090900000| Untracked 
| 266|0x0000000090a00000, 0x0000000090a00000, 0x0000000090b00000|  0%| F|  |TAMS 0x0000000090a00000, 0x0000000090a00000| Untracked 
| 267|0x0000000090b00000, 0x0000000090b00000, 0x0000000090c00000|  0%| F|  |TAMS 0x0000000090b00000, 0x0000000090b00000| Untracked 
| 268|0x0000000090c00000, 0x0000000090c00000, 0x0000000090d00000|  0%| F|  |TAMS 0x0000000090c00000, 0x0000000090c00000| Untracked 
| 269|0x0000000090d00000, 0x0000000090d00000, 0x0000000090e00000|  0%| F|  |TAMS 0x0000000090d00000, 0x0000000090d00000| Untracked 
| 270|0x0000000090e00000, 0x0000000090e00000, 0x0000000090f00000|  0%| F|  |TAMS 0x0000000090e00000, 0x0000000090e00000| Untracked 
| 271|0x0000000090f00000, 0x0000000090f00000, 0x0000000091000000|  0%| F|  |TAMS 0x0000000090f00000, 0x0000000090f00000| Untracked 
| 272|0x0000000091000000, 0x0000000091000000, 0x0000000091100000|  0%| F|  |TAMS 0x0000000091000000, 0x0000000091000000| Untracked 
| 273|0x0000000091100000, 0x0000000091100000, 0x0000000091200000|  0%| F|  |TAMS 0x0000000091100000, 0x0000000091100000| Untracked 
| 274|0x0000000091200000, 0x0000000091200000, 0x0000000091300000|  0%| F|  |TAMS 0x0000000091200000, 0x0000000091200000| Untracked 
| 275|0x0000000091300000, 0x0000000091300000, 0x0000000091400000|  0%| F|  |TAMS 0x0000000091300000, 0x0000000091300000| Untracked 
| 276|0x0000000091400000, 0x0000000091400000, 0x0000000091500000|  0%| F|  |TAMS 0x0000000091400000, 0x0000000091400000| Untracked 
| 277|0x0000000091500000, 0x0000000091500000, 0x0000000091600000|  0%| F|  |TAMS 0x0000000091500000, 0x0000000091500000| Untracked 
| 278|0x0000000091600000, 0x0000000091600000, 0x0000000091700000|  0%| F|  |TAMS 0x0000000091600000, 0x0000000091600000| Untracked 
| 279|0x0000000091700000, 0x0000000091700000, 0x0000000091800000|  0%| F|  |TAMS 0x0000000091700000, 0x0000000091700000| Untracked 
| 280|0x0000000091800000, 0x0000000091800000, 0x0000000091900000|  0%| F|  |TAMS 0x0000000091800000, 0x0000000091800000| Untracked 
| 281|0x0000000091900000, 0x0000000091900000, 0x0000000091a00000|  0%| F|  |TAMS 0x0000000091900000, 0x0000000091900000| Untracked 
| 282|0x0000000091a00000, 0x0000000091a00000, 0x0000000091b00000|  0%| F|  |TAMS 0x0000000091a00000, 0x0000000091a00000| Untracked 
| 283|0x0000000091b00000, 0x0000000091b00000, 0x0000000091c00000|  0%| F|  |TAMS 0x0000000091b00000, 0x0000000091b00000| Untracked 
| 284|0x0000000091c00000, 0x0000000091c00000, 0x0000000091d00000|  0%| F|  |TAMS 0x0000000091c00000, 0x0000000091c00000| Untracked 
| 285|0x0000000091d00000, 0x0000000091d00000, 0x0000000091e00000|  0%| F|  |TAMS 0x0000000091d00000, 0x0000000091d00000| Untracked 
| 286|0x0000000091e00000, 0x0000000091e00000, 0x0000000091f00000|  0%| F|  |TAMS 0x0000000091e00000, 0x0000000091e00000| Untracked 
| 287|0x0000000091f00000, 0x0000000091f00000, 0x0000000092000000|  0%| F|  |TAMS 0x0000000091f00000, 0x0000000091f00000| Untracked 
| 288|0x0000000092000000, 0x0000000092000000, 0x0000000092100000|  0%| F|  |TAMS 0x0000000092000000, 0x0000000092000000| Untracked 
| 289|0x0000000092100000, 0x0000000092100000, 0x0000000092200000|  0%| F|  |TAMS 0x0000000092100000, 0x0000000092100000| Untracked 
| 290|0x0000000092200000, 0x0000000092200000, 0x0000000092300000|  0%| F|  |TAMS 0x0000000092200000, 0x0000000092200000| Untracked 
| 291|0x0000000092300000, 0x0000000092300000, 0x0000000092400000|  0%| F|  |TAMS 0x0000000092300000, 0x0000000092300000| Untracked 
| 292|0x0000000092400000, 0x0000000092400000, 0x0000000092500000|  0%| F|  |TAMS 0x0000000092400000, 0x0000000092400000| Untracked 
|2044|0x00000000ffc00000, 0x00000000ffc00000, 0x00000000ffd00000|  0%| F|  |TAMS 0x00000000ffc00000, 0x00000000ffc00000| Untracked 
|2045|0x00000000ffd00000, 0x00000000ffd00000, 0x00000000ffe00000|  0%| F|  |TAMS 0x00000000ffd00000, 0x00000000ffd00000| Untracked 
|2046|0x00000000ffe00000, 0x00000000ffe00000, 0x00000000fff00000|  0%| F|  |TAMS 0x00000000ffe00000, 0x00000000ffe00000| Untracked 
|2047|0x00000000fff00000, 0x00000000fff00000, 0x0000000100000000|  0%| F|  |TAMS 0x00000000fff00000, 0x00000000fff00000| Untracked 

Card table byte_map: [0x0000023d23420000,0x0000023d23820000] _byte_map_base: 0x0000023d23020000

Marking Bits (Prev, Next): (CMBitMap*) 0x0000023d10ba65b0, (CMBitMap*) 0x0000023d10ba6570
 Prev Bits: [0x0000023d25c20000, 0x0000023d27c20000)
 Next Bits: [0x0000023d23c20000, 0x0000023d25c20000)

Polling page: 0x0000023d0eaf0000

Metaspace:

Usage:
  Non-class:    123.83 MB used.
      Class:     18.75 MB used.
       Both:    142.58 MB used.

Virtual space:
  Non-class space:      128.00 MB reserved,     124.75 MB ( 97%) committed,  16 nodes.
      Class space:        1.00 GB reserved,      19.56 MB (  2%) committed,  1 nodes.
             Both:        1.12 GB reserved,     144.31 MB ( 13%) committed. 

Chunk freelists:
   Non-Class:  2.36 MB
       Class:  413.00 KB
        Both:  2.77 MB

MaxMetaspaceSize: unlimited
CompressedClassSpaceSize: 1.00 GB
Initial GC threshold: 21.00 MB
Current GC threshold: 240.00 MB
CDS: off
MetaspaceReclaimPolicy: balanced
 - commit_granule_bytes: 65536.
 - commit_granule_words: 8192.
 - virtual_space_node_default_size: 1048576.
 - enlarge_chunks_in_place: 1.
 - new_chunks_are_fully_committed: 0.
 - uncommit_free_chunks: 1.
 - use_allocation_guard: 0.
 - handle_deallocations: 1.


Internal statistics:

num_allocs_failed_limit: 24.
num_arena_births: 5006.
num_arena_deaths: 1658.
num_vsnodes_births: 17.
num_vsnodes_deaths: 0.
num_space_committed: 2311.
num_space_uncommitted: 4.
num_chunks_returned_to_freelist: 2324.
num_chunks_taken_from_freelist: 11908.
num_chunk_merges: 907.
num_chunk_splits: 6805.
num_chunks_enlarged: 3462.
num_purges: 16.
num_inconsistent_stats: 0.

CodeHeap 'non-profiled nmethods': size=120000Kb used=21948Kb max_used=21948Kb free=98051Kb
 bounds [0x0000023d1baf0000, 0x0000023d1d060000, 0x0000023d23020000]
CodeHeap 'profiled nmethods': size=120000Kb used=49622Kb max_used=49622Kb free=70377Kb
 bounds [0x0000023d14020000, 0x0000023d170a0000, 0x0000023d1b550000]
CodeHeap 'non-nmethods': size=5760Kb used=2503Kb max_used=2576Kb free=3257Kb
 bounds [0x0000023d1b550000, 0x0000023d1b7f0000, 0x0000023d1baf0000]
 total_blobs=25708 nmethods=24650 adapters=970
 compilation: enabled
              stopped_count=0, restarted_count=0
 full_count=0

Compilation events (20 events):
Event: 20185.305 Thread 0x0000023d2ac1cfc0 nmethod 30688 0x0000023d1d050f10 code [0x0000023d1d0511a0, 0x0000023d1d052110]
Event: 20185.305 Thread 0x0000023d2ac1cfc0 30689       4       org.gradle.api.internal.artifacts.ivyservice.resolveengine.result.ComponentIdentifierSerializer::read (418 bytes)
Event: 20185.459 Thread 0x0000023d2ac1d8c0 30693       3       org.gradle.util.internal.DeferredUtil::unpackKotlinFunction0 (10 bytes)
Event: 20185.460 Thread 0x0000023d2ac1d8c0 nmethod 30693 0x0000023d17094a10 code [0x0000023d17094bc0, 0x0000023d17094e68]
Event: 20185.523 Thread 0x0000023d2ac1d8c0 30694   !   3       kotlin.jdk7.AutoCloseableKt::closeFinally (35 bytes)
Event: 20185.524 Thread 0x0000023d2ac1d8c0 nmethod 30694 0x0000023d17094f90 code [0x0000023d17095160, 0x0000023d17095508]
Event: 20185.569 Thread 0x0000023d2ac1cfc0 nmethod 30689 0x0000023d1d053990 code [0x0000023d1d053c60, 0x0000023d1d055598]
Event: 20185.570 Thread 0x0000023d2ac1cfc0 30692       4       org.gradle.api.internal.project.DefaultProject::getTasks (5 bytes)
Event: 20185.571 Thread 0x0000023d2ac1cfc0 nmethod 30692 0x0000023d1d056410 code [0x0000023d1d056580, 0x0000023d1d0565f8]
Event: 20185.605 Thread 0x0000023d2ac1cfc0 30695       4       kotlin.collections.CollectionsKt___CollectionsKt::drop (293 bytes)
Event: 20185.716 Thread 0x0000023d363aa430 nmethod 30686 0x0000023d1d056710 code [0x0000023d1d056a40, 0x0000023d1d05a430]
Event: 20185.772 Thread 0x0000023d2ac1d8c0 30696       3       org.jetbrains.kotlin.gradle.dsl.KotlinCommonCompilerOptionsExtensionsKt::getUsesK2 (53 bytes)
Event: 20185.775 Thread 0x0000023d2ac1d8c0 nmethod 30696 0x0000023d17095690 code [0x0000023d17095940, 0x0000023d17096768]
Event: 20185.775 Thread 0x0000023d2ac1d8c0 30697       3       org.jetbrains.kotlin.gradle.dsl.KotlinCommonCompilerOptionsExtensionsKt$sam$org_gradle_api_Transformer$0::<init> (16 bytes)
Event: 20185.777 Thread 0x0000023d2ac1d8c0 nmethod 30697 0x0000023d17096c90 code [0x0000023d17096ea0, 0x0000023d170974f8]
Event: 20185.777 Thread 0x0000023d2ac1d8c0 30698       3       org.jetbrains.kotlin.gradle.dsl.KotlinCommonCompilerOptionsExtensionsKt$sam$org_gradle_api_Transformer$0::transform (11 bytes)
Event: 20185.778 Thread 0x0000023d2ac1d8c0 nmethod 30698 0x0000023d17097790 code [0x0000023d17097940, 0x0000023d17097b08]
Event: 20185.783 Thread 0x0000023d2ac1cfc0 nmethod 30695 0x0000023d1d05be90 code [0x0000023d1d05c100, 0x0000023d1d05dc98]
Event: 20185.789 Thread 0x0000023d2ac1cfc0 30699       4       sun.nio.fs.NativeBuffers::getNativeBufferFromCache (51 bytes)
Event: 20185.799 Thread 0x0000023d2ac1cfc0 nmethod 30699 0x0000023d1d05ec10 code [0x0000023d1d05eda0, 0x0000023d1d05ef28]

GC Heap History (20 events):
Event: 17354.689 GC heap after
{Heap after GC invocations=95 (full 2):
 garbage-first heap   total 304128K, used 128774K [0x0000000080000000, 0x0000000100000000)
  region size 1024K, 2 young (2048K), 2 survivors (2048K)
 Metaspace       used 144088K, committed 145408K, reserved 1179648K
  class space    used 18912K, committed 19520K, reserved 1048576K
}
Event: 17363.941 GC heap before
{Heap before GC invocations=95 (full 2):
 garbage-first heap   total 304128K, used 157446K [0x0000000080000000, 0x0000000100000000)
  region size 1024K, 32 young (32768K), 2 survivors (2048K)
 Metaspace       used 144124K, committed 145408K, reserved 1179648K
  class space    used 18914K, committed 19520K, reserved 1048576K
}
Event: 17363.967 GC heap after
{Heap after GC invocations=96 (full 2):
 garbage-first heap   total 304128K, used 130111K [0x0000000080000000, 0x0000000100000000)
  region size 1024K, 3 young (3072K), 3 survivors (3072K)
 Metaspace       used 144124K, committed 145408K, reserved 1179648K
  class space    used 18914K, committed 19520K, reserved 1048576K
}
Event: 18911.105 GC heap before
{Heap before GC invocations=97 (full 2):
 garbage-first heap   total 304128K, used 237631K [0x0000000080000000, 0x0000000100000000)
  region size 1024K, 113 young (115712K), 3 survivors (3072K)
 Metaspace       used 145198K, committed 146816K, reserved 1179648K
  class space    used 19131K, committed 19904K, reserved 1048576K
}
Event: 18911.220 GC heap after
{Heap after GC invocations=98 (full 2):
 garbage-first heap   total 304128K, used 127950K [0x0000000080000000, 0x0000000100000000)
  region size 1024K, 7 young (7168K), 7 survivors (7168K)
 Metaspace       used 145198K, committed 146816K, reserved 1179648K
  class space    used 19131K, committed 19904K, reserved 1048576K
}
Event: 18911.603 GC heap before
{Heap before GC invocations=98 (full 2):
 garbage-first heap   total 304128K, used 135118K [0x0000000080000000, 0x0000000100000000)
  region size 1024K, 14 young (14336K), 7 survivors (7168K)
 Metaspace       used 145243K, committed 146880K, reserved 1179648K
  class space    used 19136K, committed 19904K, reserved 1048576K
}
Event: 18911.699 GC heap after
{Heap after GC invocations=99 (full 2):
 garbage-first heap   total 304128K, used 122680K [0x0000000080000000, 0x0000000100000000)
  region size 1024K, 2 young (2048K), 2 survivors (2048K)
 Metaspace       used 145243K, committed 146880K, reserved 1179648K
  class space    used 19136K, committed 19904K, reserved 1048576K
}
Event: 18913.756 GC heap before
{Heap before GC invocations=99 (full 2):
 garbage-first heap   total 304128K, used 140088K [0x0000000080000000, 0x0000000100000000)
  region size 1024K, 21 young (21504K), 2 survivors (2048K)
 Metaspace       used 145503K, committed 147200K, reserved 1179648K
  class space    used 19181K, committed 19968K, reserved 1048576K
}
Event: 18913.791 GC heap after
{Heap after GC invocations=100 (full 2):
 garbage-first heap   total 304128K, used 125236K [0x0000000080000000, 0x0000000100000000)
  region size 1024K, 5 young (5120K), 5 survivors (5120K)
 Metaspace       used 145503K, committed 147200K, reserved 1179648K
  class space    used 19181K, committed 19968K, reserved 1048576K
}
Event: 18941.606 GC heap before
{Heap before GC invocations=101 (full 2):
 garbage-first heap   total 304128K, used 249140K [0x0000000080000000, 0x0000000100000000)
  region size 1024K, 110 young (112640K), 5 survivors (5120K)
 Metaspace       used 145674K, committed 147456K, reserved 1179648K
  class space    used 19195K, committed 20032K, reserved 1048576K
}
Event: 18941.668 GC heap after
{Heap after GC invocations=102 (full 2):
 garbage-first heap   total 304128K, used 127349K [0x0000000080000000, 0x0000000100000000)
  region size 1024K, 9 young (9216K), 9 survivors (9216K)
 Metaspace       used 145674K, committed 147456K, reserved 1179648K
  class space    used 19195K, committed 20032K, reserved 1048576K
}
Event: 18957.628 GC heap before
{Heap before GC invocations=102 (full 2):
 garbage-first heap   total 304128K, used 132469K [0x0000000080000000, 0x0000000100000000)
  region size 1024K, 14 young (14336K), 9 survivors (9216K)
 Metaspace       used 145680K, committed 147456K, reserved 1179648K
  class space    used 19195K, committed 20032K, reserved 1048576K
}
Event: 18957.682 GC heap after
{Heap after GC invocations=103 (full 2):
 garbage-first heap   total 304128K, used 120389K [0x0000000080000000, 0x0000000100000000)
  region size 1024K, 2 young (2048K), 2 survivors (2048K)
 Metaspace       used 145680K, committed 147456K, reserved 1179648K
  class space    used 19195K, committed 20032K, reserved 1048576K
}
Event: 18957.717 GC heap before
{Heap before GC invocations=103 (full 2):
 garbage-first heap   total 304128K, used 122437K [0x0000000080000000, 0x0000000100000000)
  region size 1024K, 5 young (5120K), 2 survivors (2048K)
 Metaspace       used 145680K, committed 147456K, reserved 1179648K
  class space    used 19195K, committed 20032K, reserved 1048576K
}
Event: 18957.725 GC heap after
{Heap after GC invocations=104 (full 2):
 garbage-first heap   total 304128K, used 119586K [0x0000000080000000, 0x0000000100000000)
  region size 1024K, 1 young (1024K), 1 survivors (1024K)
 Metaspace       used 145680K, committed 147456K, reserved 1179648K
  class space    used 19195K, committed 20032K, reserved 1048576K
}
Event: 19269.752 GC heap before
{Heap before GC invocations=105 (full 2):
 garbage-first heap   total 304128K, used 241442K [0x0000000080000000, 0x0000000100000000)
  region size 1024K, 119 young (121856K), 1 survivors (1024K)
 Metaspace       used 145869K, committed 147584K, reserved 1179648K
  class space    used 19201K, committed 20032K, reserved 1048576K
}
Event: 19269.861 GC heap after
{Heap after GC invocations=106 (full 2):
 garbage-first heap   total 304128K, used 127073K [0x0000000080000000, 0x0000000100000000)
  region size 1024K, 8 young (8192K), 8 survivors (8192K)
 Metaspace       used 145869K, committed 147584K, reserved 1179648K
  class space    used 19201K, committed 20032K, reserved 1048576K
}
Event: 19270.142 GC heap before
{Heap before GC invocations=106 (full 2):
 garbage-first heap   total 304128K, used 133217K [0x0000000080000000, 0x0000000100000000)
  region size 1024K, 14 young (14336K), 8 survivors (8192K)
 Metaspace       used 145888K, committed 147648K, reserved 1179648K
  class space    used 19201K, committed 20032K, reserved 1048576K
}
Event: 19270.271 GC heap after
{Heap after GC invocations=107 (full 2):
 garbage-first heap   total 304128K, used 126416K [0x0000000080000000, 0x0000000100000000)
  region size 1024K, 2 young (2048K), 2 survivors (2048K)
 Metaspace       used 145888K, committed 147648K, reserved 1179648K
  class space    used 19201K, committed 20032K, reserved 1048576K
}
Event: 20185.931 GC heap before
{Heap before GC invocations=107 (full 2):
 garbage-first heap   total 304128K, used 242128K [0x0000000080000000, 0x0000000100000000)
  region size 1024K, 115 young (117760K), 2 survivors (2048K)
 Metaspace       used 146001K, committed 147776K, reserved 1179648K
  class space    used 19204K, committed 20032K, reserved 1048576K
}

Dll operation events (2 events):
Event: 0.568 Loaded shared library E:\Program Files\Android\Android Studio\jbr\bin\java.dll
Event: 3.195 Loaded shared library E:\Program Files\Android\Android Studio\jbr\bin\verify.dll

Deoptimization events (20 events):
Event: 18961.880 Thread 0x0000023d37700500 DEOPT PACKING pc=0x0000023d14b482b8 sp=0x00000095047fd550
Event: 18961.880 Thread 0x0000023d37700500 DEOPT UNPACKING pc=0x0000023d1b5a7124 sp=0x00000095047fca10 mode 0
Event: 18961.881 Thread 0x0000023d37700500 DEOPT PACKING pc=0x0000023d14b576a4 sp=0x00000095047fd520
Event: 18961.881 Thread 0x0000023d37700500 DEOPT UNPACKING pc=0x0000023d1b5a7124 sp=0x00000095047fc998 mode 0
Event: 18961.882 Thread 0x0000023d37700500 DEOPT PACKING pc=0x0000023d14b576a4 sp=0x00000095047fd520
Event: 18961.882 Thread 0x0000023d37700500 DEOPT UNPACKING pc=0x0000023d1b5a7124 sp=0x00000095047fc998 mode 0
Event: 18961.882 Thread 0x0000023d37700500 DEOPT PACKING pc=0x0000023d14b482b8 sp=0x00000095047fd500
Event: 18961.882 Thread 0x0000023d37700500 DEOPT UNPACKING pc=0x0000023d1b5a7124 sp=0x00000095047fc9b0 mode 0
Event: 18961.882 Thread 0x0000023d37700500 DEOPT PACKING pc=0x0000023d14b576a4 sp=0x00000095047fd520
Event: 18961.883 Thread 0x0000023d37700500 DEOPT UNPACKING pc=0x0000023d1b5a7124 sp=0x00000095047fc998 mode 0
Event: 18962.484 Thread 0x0000023d2ed6f070 DEOPT PACKING pc=0x0000023d1418ca51 sp=0x00000095004fe0c0
Event: 18962.484 Thread 0x0000023d2ed6f070 DEOPT UNPACKING pc=0x0000023d1b5a7124 sp=0x00000095004fd570 mode 0
Event: 19269.037 Thread 0x0000023d363c2ca0 Uncommon trap: trap_request=0xffffffbe fr.pc=0x0000023d1cde3ad8 relative=0x0000000000003318
Event: 19269.037 Thread 0x0000023d363c2ca0 Uncommon trap: reason=profile_predicate action=maybe_recompile pc=0x0000023d1cde3ad8 method=org.gradle.api.internal.tasks.DefaultTaskDependency.visitDependencies(Lorg/gradle/api/internal/tasks/TaskDependencyResolveContext;)V @ 72 c2
Event: 19269.037 Thread 0x0000023d363c2ca0 DEOPT PACKING pc=0x0000023d1cde3ad8 sp=0x00000095004fa420
Event: 19269.037 Thread 0x0000023d363c2ca0 DEOPT UNPACKING pc=0x0000023d1b5a699d sp=0x00000095004fa420 mode 2
Event: 19269.059 Thread 0x0000023d363c2ca0 Uncommon trap: trap_request=0xffffffbe fr.pc=0x0000023d1cde3ad8 relative=0x0000000000003318
Event: 19269.059 Thread 0x0000023d363c2ca0 Uncommon trap: reason=profile_predicate action=maybe_recompile pc=0x0000023d1cde3ad8 method=org.gradle.api.internal.tasks.DefaultTaskDependency.visitDependencies(Lorg/gradle/api/internal/tasks/TaskDependencyResolveContext;)V @ 72 c2
Event: 19269.059 Thread 0x0000023d363c2ca0 DEOPT PACKING pc=0x0000023d1cde3ad8 sp=0x00000095004fa420
Event: 19269.059 Thread 0x0000023d363c2ca0 DEOPT UNPACKING pc=0x0000023d1b5a699d sp=0x00000095004fa420 mode 2

Classes unloaded (20 events):
Event: 16984.940 Thread 0x0000023d2a109fc0 Unloading class 0x0000000101294400 'jdk/internal/reflect/GeneratedSerializationConstructorAccessor421'
Event: 16984.940 Thread 0x0000023d2a109fc0 Unloading class 0x000000010132bc00 'jdk/internal/reflect/GeneratedMethodAccessor567'
Event: 16984.940 Thread 0x0000023d2a109fc0 Unloading class 0x0000000101305800 'jdk/internal/reflect/GeneratedConstructorAccessor187'
Event: 16984.940 Thread 0x0000023d2a109fc0 Unloading class 0x0000000101305400 'jdk/internal/reflect/GeneratedConstructorAccessor186'
Event: 16984.940 Thread 0x0000023d2a109fc0 Unloading class 0x0000000101305000 'jdk/internal/reflect/GeneratedConstructorAccessor185'
Event: 16984.941 Thread 0x0000023d2a109fc0 Unloading class 0x0000000100e75400 'jdk/internal/reflect/GeneratedSerializationConstructorAccessor253'
Event: 18914.768 Thread 0x0000023d2a109fc0 Unloading class 0x00000001011cc400 'jdk/internal/reflect/GeneratedMethodAccessor596'
Event: 18914.768 Thread 0x0000023d2a109fc0 Unloading class 0x00000001011cc000 'jdk/internal/reflect/GeneratedMethodAccessor595'
Event: 18914.768 Thread 0x0000023d2a109fc0 Unloading class 0x000000010129dc00 'jdk/internal/reflect/GeneratedMethodAccessor594'
Event: 18914.768 Thread 0x0000023d2a109fc0 Unloading class 0x000000010129d800 'jdk/internal/reflect/GeneratedMethodAccessor593'
Event: 18914.768 Thread 0x0000023d2a109fc0 Unloading class 0x000000010129d400 'jdk/internal/reflect/GeneratedMethodAccessor592'
Event: 18914.768 Thread 0x0000023d2a109fc0 Unloading class 0x000000010129d000 'jdk/internal/reflect/GeneratedMethodAccessor591'
Event: 18914.768 Thread 0x0000023d2a109fc0 Unloading class 0x00000001012a4000 'jdk/internal/reflect/GeneratedMethodAccessor582'
Event: 18914.768 Thread 0x0000023d2a109fc0 Unloading class 0x0000000101307c00 'jdk/internal/reflect/GeneratedMethodAccessor581'
Event: 18914.768 Thread 0x0000023d2a109fc0 Unloading class 0x0000000101307800 'jdk/internal/reflect/GeneratedMethodAccessor580'
Event: 18914.768 Thread 0x0000023d2a109fc0 Unloading class 0x0000000101307400 'jdk/internal/reflect/GeneratedMethodAccessor579'
Event: 18914.768 Thread 0x0000023d2a109fc0 Unloading class 0x0000000101307000 'jdk/internal/reflect/GeneratedMethodAccessor578'
Event: 18914.768 Thread 0x0000023d2a109fc0 Unloading class 0x0000000101306c00 'jdk/internal/reflect/GeneratedMethodAccessor577'
Event: 18914.768 Thread 0x0000023d2a109fc0 Unloading class 0x0000000101306800 'jdk/internal/reflect/GeneratedMethodAccessor576'
Event: 18914.768 Thread 0x0000023d2a109fc0 Unloading class 0x0000000101306400 'jdk/internal/reflect/GeneratedMethodAccessor575'

Classes redefined (0 events):
No events

Internal exceptions (20 events):
Event: 19269.225 Thread 0x0000023d37702b80 Exception <a 'sun/nio/fs/WindowsException'{0x000000008bccb1c0}> (0x000000008bccb1c0) 
thrown [s\src\hotspot\share\prims\jni.cpp, line 517]
Event: 19270.351 Thread 0x0000023d37703050 Exception <a 'sun/nio/fs/WindowsException'{0x00000000ffec8838}> (0x00000000ffec8838) 
thrown [s\src\hotspot\share\prims\jni.cpp, line 517]
Event: 19270.351 Thread 0x0000023d37703050 Exception <a 'sun/nio/fs/WindowsException'{0x00000000ffeca528}> (0x00000000ffeca528) 
thrown [s\src\hotspot\share\prims\jni.cpp, line 517]
Event: 19270.352 Thread 0x0000023d37703050 Exception <a 'sun/nio/fs/WindowsException'{0x00000000ffecbe38}> (0x00000000ffecbe38) 
thrown [s\src\hotspot\share\prims\jni.cpp, line 517]
Event: 19270.367 Thread 0x0000023d37703050 Exception <a 'sun/nio/fs/WindowsException'{0x00000000ffeebca0}> (0x00000000ffeebca0) 
thrown [s\src\hotspot\share\prims\jni.cpp, line 517]
Event: 19270.665 Thread 0x0000023d363c3640 Exception <a 'sun/nio/fs/WindowsException'{0x00000000918b0a68}> (0x00000000918b0a68) 
thrown [s\src\hotspot\share\prims\jni.cpp, line 517]
Event: 19270.683 Thread 0x0000023d36b010d0 Exception <a 'sun/nio/fs/WindowsException'{0x00000000ffd5fa68}> (0x00000000ffd5fa68) 
thrown [s\src\hotspot\share\prims\jni.cpp, line 517]
Event: 19270.756 Thread 0x0000023d363c2ca0 Exception <a 'sun/nio/fs/WindowsException'{0x000000009161ddb0}> (0x000000009161ddb0) 
thrown [s\src\hotspot\share\prims\jni.cpp, line 517]
Event: 19270.756 Thread 0x0000023d363c2ca0 Exception <a 'sun/nio/fs/WindowsException'{0x000000009161e170}> (0x000000009161e170) 
thrown [s\src\hotspot\share\prims\jni.cpp, line 517]
Event: 19270.757 Thread 0x0000023d363c2ca0 Exception <a 'sun/nio/fs/WindowsException'{0x000000009161ffc0}> (0x000000009161ffc0) 
thrown [s\src\hotspot\share\prims\jni.cpp, line 517]
Event: 20182.310 Thread 0x0000023d2ed4bc60 Exception <a 'java/net/UnknownHostException'{0x000000008ec1e890}> (0x000000008ec1e890) 
thrown [s\src\hotspot\share\prims\jni.cpp, line 517]
Event: 20182.325 Thread 0x0000023d2ed4bc60 Exception <a 'java/net/UnknownHostException'{0x000000008ec3c9d0}> (0x000000008ec3c9d0) 
thrown [s\src\hotspot\share\prims\jni.cpp, line 517]
Event: 20182.772 Thread 0x0000023d2ed4bc60 Exception <a 'sun/nio/fs/WindowsException'{0x000000008e042d50}> (0x000000008e042d50) 
thrown [s\src\hotspot\share\prims\jni.cpp, line 517]
Event: 20183.808 Thread 0x0000023d2ed4bc60 Exception <a 'sun/nio/fs/WindowsException'{0x000000008d2b5868}> (0x000000008d2b5868) 
thrown [s\src\hotspot\share\prims\jni.cpp, line 517]
Event: 20183.861 Thread 0x0000023d2ed4bc60 Exception <a 'sun/nio/fs/WindowsException'{0x000000008d152498}> (0x000000008d152498) 
thrown [s\src\hotspot\share\prims\jni.cpp, line 517]
Event: 20183.862 Thread 0x0000023d2ed4bc60 Exception <a 'sun/nio/fs/WindowsException'{0x000000008d153708}> (0x000000008d153708) 
thrown [s\src\hotspot\share\prims\jni.cpp, line 517]
Event: 20183.862 Thread 0x0000023d2ed4bc60 Exception <a 'sun/nio/fs/WindowsException'{0x000000008d1549c8}> (0x000000008d1549c8) 
thrown [s\src\hotspot\share\prims\jni.cpp, line 517]
Event: 20183.863 Thread 0x0000023d2ed4bc60 Exception <a 'sun/nio/fs/WindowsException'{0x000000008d155f20}> (0x000000008d155f20) 
thrown [s\src\hotspot\share\prims\jni.cpp, line 517]
Event: 20184.250 Thread 0x0000023d31235000 Exception <a 'sun/nio/fs/WindowsException'{0x000000008cd89660}> (0x000000008cd89660) 
thrown [s\src\hotspot\share\prims\jni.cpp, line 517]
Event: 20185.868 Thread 0x0000023d31233320 Exception <a 'sun/nio/fs/WindowsException'{0x000000008b9d5a68}> (0x000000008b9d5a68) 
thrown [s\src\hotspot\share\prims\jni.cpp, line 517]

VM Operations (20 events):
Event: 19270.275 Executing VM operation: G1CollectForAllocation done
Event: 19271.275 Executing VM operation: Cleanup
Event: 19271.472 Executing VM operation: Cleanup done
Event: 19557.728 Executing VM operation: Cleanup
Event: 19557.729 Executing VM operation: Cleanup done
Event: 19756.847 Executing VM operation: Cleanup
Event: 19756.848 Executing VM operation: Cleanup done
Event: 19956.973 Executing VM operation: Cleanup
Event: 19956.973 Executing VM operation: Cleanup done
Event: 20181.113 Executing VM operation: Cleanup
Event: 20181.113 Executing VM operation: Cleanup done
Event: 20182.114 Executing VM operation: Cleanup
Event: 20182.114 Executing VM operation: Cleanup done
Event: 20183.115 Executing VM operation: Cleanup
Event: 20183.115 Executing VM operation: Cleanup done
Event: 20184.116 Executing VM operation: Cleanup
Event: 20184.117 Executing VM operation: Cleanup done
Event: 20185.117 Executing VM operation: Cleanup
Event: 20185.119 Executing VM operation: Cleanup done
Event: 20185.931 Executing VM operation: G1CollectForAllocation

Events (20 events):
Event: 20182.377 Thread 0x0000023d37700ea0 Thread added: 0x0000023d37700ea0
Event: 20182.380 Thread 0x0000023d37700500 Thread added: 0x0000023d37700500
Event: 20182.380 Thread 0x0000023d377026b0 Thread added: 0x0000023d377026b0
Event: 20182.381 Thread 0x0000023d367de100 Thread added: 0x0000023d367de100
Event: 20182.381 Thread 0x0000023d367e0780 Thread added: 0x0000023d367e0780
Event: 20182.382 Thread 0x0000023d367e02b0 Thread added: 0x0000023d367e02b0
Event: 20182.382 Thread 0x0000023d367dd760 Thread added: 0x0000023d367dd760
Event: 20182.383 Thread 0x0000023d367ddc30 Thread added: 0x0000023d367ddc30
Event: 20182.383 Thread 0x0000023d3642d060 Thread added: 0x0000023d3642d060
Event: 20182.384 Thread 0x0000023d3642d530 Thread added: 0x0000023d3642d530
Event: 20182.602 Thread 0x0000023d3642ded0 Thread added: 0x0000023d3642ded0
Event: 20182.868 Thread 0x0000023d3642da00 Thread added: 0x0000023d3642da00
Event: 20182.880 Thread 0x0000023d3642e3a0 Thread added: 0x0000023d3642e3a0
Event: 20184.123 Thread 0x0000023d2fb34d40 Thread added: 0x0000023d2fb34d40
Event: 20184.129 Thread 0x0000023d31235000 Thread added: 0x0000023d31235000
Event: 20184.130 Thread 0x0000023d31232e50 Thread added: 0x0000023d31232e50
Event: 20184.130 Thread 0x0000023d31233320 Thread added: 0x0000023d31233320
Event: 20184.134 Thread 0x0000023d31236340 Thread added: 0x0000023d31236340
Event: 20185.853 Thread 0x0000023d2f43b2b0 Thread added: 0x0000023d2f43b2b0
Event: 20185.929 Thread 0x0000023d2f43a910 Thread added: 0x0000023d2f43a910


Dynamic libraries:
0x00007ff78dea0000 - 0x00007ff78deaa000 	E:\Program Files\Android\Android Studio\jbr\bin\java.exe
0x00007ffb01bd0000 - 0x00007ffb01dc8000 	C:\Windows\SYSTEM32\ntdll.dll
0x00007ffb003b0000 - 0x00007ffb0046f000 	C:\Windows\System32\KERNEL32.DLL
0x00007ffaff330000 - 0x00007ffaff60a000 	C:\Windows\System32\KERNELBASE.dll
0x00007ffaff950000 - 0x00007ffaffa50000 	C:\Windows\System32\ucrtbase.dll
0x00007ffaedd10000 - 0x00007ffaedd27000 	E:\Program Files\Android\Android Studio\jbr\bin\jli.dll
0x00007ffb018d0000 - 0x00007ffb01a6d000 	C:\Windows\System32\USER32.dll
0x00007ffafa2d0000 - 0x00007ffafa2eb000 	E:\Program Files\Android\Android Studio\jbr\bin\VCRUNTIME140.dll
0x00007ffaffa50000 - 0x00007ffaffa72000 	C:\Windows\System32\win32u.dll
0x00007ffb00c60000 - 0x00007ffb00c8b000 	C:\Windows\System32\GDI32.dll
0x00007ffaeed50000 - 0x00007ffaeefea000 	C:\Windows\WinSxS\amd64_microsoft.windows.common-controls_6595b64144ccf1df_6.0.19041.1110_none_60b5254171f9507e\COMCTL32.dll
0x00007ffaffa80000 - 0x00007ffaffb90000 	C:\Windows\System32\gdi32full.dll
0x00007ffb00e30000 - 0x00007ffb00ece000 	C:\Windows\System32\msvcrt.dll
0x00007ffaffb90000 - 0x00007ffaffc2d000 	C:\Windows\System32\msvcp_win.dll
0x00007ffb00e00000 - 0x00007ffb00e30000 	C:\Windows\System32\IMM32.DLL
0x00007ffaf93c0000 - 0x00007ffaf93cc000 	E:\Program Files\Android\Android Studio\jbr\bin\vcruntime140_1.dll
0x00007ffae0ee0000 - 0x00007ffae0f6d000 	E:\Program Files\Android\Android Studio\jbr\bin\msvcp140.dll
0x00007ffac3b00000 - 0x00007ffac476e000 	E:\Program Files\Android\Android Studio\jbr\bin\server\jvm.dll
0x00007ffb00cf0000 - 0x00007ffb00d9e000 	C:\Windows\System32\ADVAPI32.dll
0x00007ffaffc30000 - 0x00007ffaffccc000 	C:\Windows\System32\sechost.dll
0x00007ffb01620000 - 0x00007ffb01746000 	C:\Windows\System32\RPCRT4.dll
0x00007ffafad20000 - 0x00007ffafad29000 	C:\Windows\SYSTEM32\WSOCK32.dll
0x00007ffaf0e40000 - 0x00007ffaf0e67000 	C:\Windows\SYSTEM32\WINMM.dll
0x00007ffaf0c00000 - 0x00007ffaf0c0a000 	C:\Windows\SYSTEM32\VERSION.dll
0x00007ffb01860000 - 0x00007ffb018cb000 	C:\Windows\System32\WS2_32.dll
0x00007ffafd1a0000 - 0x00007ffafd1b2000 	C:\Windows\SYSTEM32\kernel.appcore.dll
0x00007ffaf4a00000 - 0x00007ffaf4a0a000 	E:\Program Files\Android\Android Studio\jbr\bin\jimage.dll
0x00007ffaf0ec0000 - 0x00007ffaf10a4000 	C:\Windows\SYSTEM32\DBGHELP.DLL
0x00007ffaf0d30000 - 0x00007ffaf0d64000 	C:\Windows\SYSTEM32\dbgcore.DLL
0x00007ffaff8c0000 - 0x00007ffaff942000 	C:\Windows\System32\bcryptPrimitives.dll
0x00007ffaf2f50000 - 0x00007ffaf2f75000 	E:\Program Files\Android\Android Studio\jbr\bin\java.dll
0x00007ffaf2f30000 - 0x00007ffaf2f48000 	E:\Program Files\Android\Android Studio\jbr\bin\zip.dll
0x00007ffb00ed0000 - 0x00007ffb01614000 	C:\Windows\System32\SHELL32.dll
0x00007ffafd3a0000 - 0x00007ffafdb33000 	C:\Windows\SYSTEM32\windows.storage.dll
0x00007ffafffc0000 - 0x00007ffb00314000 	C:\Windows\System32\combase.dll
0x00007ffafed40000 - 0x00007ffafed6e000 	C:\Windows\SYSTEM32\Wldp.dll
0x00007ffb00aa0000 - 0x00007ffb00b4d000 	C:\Windows\System32\SHCORE.dll
0x00007ffaffce0000 - 0x00007ffaffd35000 	C:\Windows\System32\shlwapi.dll
0x00007ffaff220000 - 0x00007ffaff23f000 	C:\Windows\SYSTEM32\profapi.dll
0x00007ffaf2d80000 - 0x00007ffaf2d99000 	E:\Program Files\Android\Android Studio\jbr\bin\net.dll
0x00007ffaf77e0000 - 0x00007ffaf78ea000 	C:\Windows\SYSTEM32\WINHTTP.dll
0x00007ffafeaa0000 - 0x00007ffafeb0a000 	C:\Windows\system32\mswsock.dll
0x00007ffaede60000 - 0x00007ffaede76000 	E:\Program Files\Android\Android Studio\jbr\bin\nio.dll
0x00007ffaf0e70000 - 0x00007ffaf0e80000 	E:\Program Files\Android\Android Studio\jbr\bin\verify.dll
0x00007ffaeec40000 - 0x00007ffaeec67000 	C:\Users\Brunel\.gradle\native\68d5fa5c4cc2d200863cafc0d521ce42e7d3e7ee720ec0a83991735586a16f82\windows-amd64\native-platform.dll
0x00007ffade7f0000 - 0x00007ffade934000 	C:\Users\Brunel\.gradle\native\e376f236ea51e6404a007f0833ffe2c6e607c4080706a723a18a27aeea778392\windows-amd64\native-platform-file-events.dll
0x00007ffaf0d70000 - 0x00007ffaf0d79000 	E:\Program Files\Android\Android Studio\jbr\bin\management.dll
0x00007ffaef5f0000 - 0x00007ffaef5fb000 	E:\Program Files\Android\Android Studio\jbr\bin\management_ext.dll
0x00007ffaffcd0000 - 0x00007ffaffcd8000 	C:\Windows\System32\PSAPI.DLL
0x00007ffafec90000 - 0x00007ffafeca8000 	C:\Windows\SYSTEM32\CRYPTSP.dll
0x00007ffafe350000 - 0x00007ffafe384000 	C:\Windows\system32\rsaenh.dll
0x00007ffaff730000 - 0x00007ffaff757000 	C:\Windows\System32\bcrypt.dll
0x00007ffaff1a0000 - 0x00007ffaff1ce000 	C:\Windows\SYSTEM32\USERENV.dll
0x00007ffafecb0000 - 0x00007ffafecbc000 	C:\Windows\SYSTEM32\CRYPTBASE.dll
0x00007ffafe740000 - 0x00007ffafe77c000 	C:\Windows\SYSTEM32\IPHLPAPI.DLL
0x00007ffb01830000 - 0x00007ffb01838000 	C:\Windows\System32\NSI.dll
0x00007ffaf7c30000 - 0x00007ffaf7c47000 	C:\Windows\SYSTEM32\dhcpcsvc6.DLL
0x00007ffaf8b60000 - 0x00007ffaf8b7d000 	C:\Windows\SYSTEM32\dhcpcsvc.DLL
0x00007ffafe780000 - 0x00007ffafe84b000 	C:\Windows\SYSTEM32\DNSAPI.dll
0x00007ffaef440000 - 0x00007ffaef447000 	C:\Windows\system32\wshunix.dll
0x00007ffaf51b0000 - 0x00007ffaf51ba000 	C:\Windows\System32\rasadhlp.dll
0x00007ffaef760000 - 0x00007ffaef777000 	C:\Windows\system32\napinsp.dll
0x00007ffaef740000 - 0x00007ffaef75b000 	C:\Windows\system32\pnrpnsp.dll
0x00007ffaef5d0000 - 0x00007ffaef5e5000 	C:\Windows\system32\wshbth.dll
0x00007ffafac30000 - 0x00007ffafac4d000 	C:\Windows\system32\NLAapi.dll
0x00007ffaef5b0000 - 0x00007ffaef5c2000 	C:\Windows\System32\winrnr.dll
0x00007ffaf5970000 - 0x00007ffaf59f0000 	C:\Windows\System32\fwpuclnt.dll
0x00007ffafad60000 - 0x00007ffafad7e000 	C:\Users\Brunel\AppData\Local\Temp\native-platform7058402905938482176dir\native-platform.dll
0x00007ffafad10000 - 0x00007ffafad17000 	E:\Program Files\Android\Android Studio\jbr\bin\rmi.dll
0x00007ffafe470000 - 0x00007ffafe4a3000 	C:\Windows\SYSTEM32\ntmarta.dll

dbghelp: loaded successfully - version: 4.0.5 - missing functions: none
symbol engine: initialized successfully - sym options: 0x614 - pdb path: .;E:\Program Files\Android\Android Studio\jbr\bin;C:\Windows\SYSTEM32;C:\Windows\WinSxS\amd64_microsoft.windows.common-controls_6595b64144ccf1df_6.0.19041.1110_none_60b5254171f9507e;E:\Program Files\Android\Android Studio\jbr\bin\server;C:\Users\Brunel\.gradle\native\68d5fa5c4cc2d200863cafc0d521ce42e7d3e7ee720ec0a83991735586a16f82\windows-amd64;C:\Users\Brunel\.gradle\native\e376f236ea51e6404a007f0833ffe2c6e607c4080706a723a18a27aeea778392\windows-amd64;C:\Users\Brunel\AppData\Local\Temp\native-platform7058402905938482176dir

VM Arguments:
jvm_args: --add-opens=java.base/java.util=ALL-UNNAMED --add-opens=java.base/java.lang=ALL-UNNAMED --add-opens=java.base/java.lang.invoke=ALL-UNNAMED --add-opens=java.prefs/java.util.prefs=ALL-UNNAMED --add-opens=java.base/java.nio.charset=ALL-UNNAMED --add-opens=java.base/java.net=ALL-UNNAMED --add-opens=java.base/java.util.concurrent.atomic=ALL-UNNAMED -Xmx2048m -Dfile.encoding=UTF-8 -Duser.country=FR -Duser.language=fr -Duser.variant 
java_command: org.gradle.launcher.daemon.bootstrap.GradleDaemon 8.0
java_class_path (initial): C:\Users\Brunel\.gradle\wrapper\dists\gradle-8.0-bin\ca5e32bp14vu59qr306oxotwh\gradle-8.0\lib\gradle-launcher-8.0.jar
Launcher Type: SUN_STANDARD

[Global flags]
     intx CICompilerCount                          = 3                                         {product} {ergonomic}
     uint ConcGCThreads                            = 1                                         {product} {ergonomic}
     uint G1ConcRefinementThreads                  = 4                                         {product} {ergonomic}
   size_t G1HeapRegionSize                         = 1048576                                   {product} {ergonomic}
    uintx GCDrainStackTargetSize                   = 64                                        {product} {ergonomic}
   size_t InitialHeapSize                          = 130023424                                 {product} {ergonomic}
   size_t MarkStackSize                            = 4194304                                   {product} {ergonomic}
   size_t MaxHeapSize                              = 2147483648                                {product} {command line}
   size_t MaxNewSize                               = 1287651328                                {product} {ergonomic}
   size_t MinHeapDeltaBytes                        = 1048576                                   {product} {ergonomic}
   size_t MinHeapSize                              = 8388608                                   {product} {ergonomic}
    uintx NonNMethodCodeHeapSize                   = 5832780                                {pd product} {ergonomic}
    uintx NonProfiledCodeHeapSize                  = 122912730                              {pd product} {ergonomic}
    uintx ProfiledCodeHeapSize                     = 122912730                              {pd product} {ergonomic}
    uintx ReservedCodeCacheSize                    = 251658240                              {pd product} {ergonomic}
     bool SegmentedCodeCache                       = true                                      {product} {ergonomic}
   size_t SoftMaxHeapSize                          = 2147483648                             {manageable} {ergonomic}
     bool UseCompressedClassPointers               = true                           {product lp64_product} {ergonomic}
     bool UseCompressedOops                        = true                           {product lp64_product} {ergonomic}
     bool UseG1GC                                  = true                                      {product} {ergonomic}
     bool UseLargePagesIndividualAllocation        = false                                  {pd product} {ergonomic}

Logging:
Log output configuration:
 #0: stdout all=warning uptime,level,tags
 #1: stderr all=off uptime,level,tags

Environment Variables:
JAVA_HOME=C:\Program Files\Java\jdk-20
PATH=C:\ProgramData\Oracle\Java\javapath;C:\Program Files\Common Files\Oracle\Java\javapath;C:\Program Files (x86)\Common Files\Oracle\Java\javapath;C:\Windows\system32;C:\Windows;C:\Windows\System32\Wbem;C:\Windows\System32\WindowsPowerShell\v1.0\;C:\Windows\System32\OpenSSH\;C:\Program Files\dotnet\;C:\xampp\mysql\bin\;C:\Program Files\MySQL\MySQL Connector C 6.1\lib;C:\Program Files\Java\jdk-20\bin;C:\Program Files\MongoDB\Server\7.0\bin;C:\laragon\bin\php\php-8.1.10-Win32-vs16-x64;C:\composer;C:\Program Files (x86)\nodejs\;E:\Program Files\git\Git\cmd;C:\Users\Brunel\AppData\Local\Microsoft\WindowsApps;C:\Users\Brunel\AppData\Local\Programs\Microsoft VS Code\bin;C:\Users\Brunel\.dotnet\tools;C:\Program Files\JetBrains\IntelliJ IDEA Community Edition 2023.2.3\bin;;C:\Users\Brunel\AppData\Local\Programs\mongosh\;C:\Users\Brunel\AppData\Roaming\Composer\vendor\bin;C:\Users\Brunel\AppData\Roaming\npm;C:\laragon\bin\postgresql\16\bin;
USERNAME=Brunel
OS=Windows_NT
PROCESSOR_IDENTIFIER=Intel64 Family 6 Model 37 Stepping 5, GenuineIntel
TMP=C:\Users\Brunel\AppData\Local\Temp
TEMP=C:\Users\Brunel\AppData\Local\Temp


JNI global refs:
JNI global refs: 26, weak refs: 0

JNI global refs memory usage: 843, weak refs: 841


---------------  S Y S T E M  ---------------

OS:
 Windows 10 , 64 bit Build 19041 (10.0.19041.2788)
OS uptime: 18 days 6:47 hours

CPU: total 4 (initial active 4) (2 cores per cpu, 2 threads per core) family 6 model 37 stepping 5 microcode 0x7, cx8, cmov, fxsr, ht, mmx, sse, sse2, sse3, ssse3, sse4.1, sse4.2, popcnt, tsc, tscinvbit, clflush

Memory: 4k page, system-wide physical 7920M (845M free)
TotalPageFile size 9968M (AvailPageFile size 119M)
current process WorkingSet (physical memory assigned to process): 479M, peak: 605M
current process commit charge ("private bytes"): 706M, peak: 1130M

vm_info: OpenJDK 64-Bit Server VM (17.0.6+0-b2043.56-10027231) for windows-amd64 JRE (17.0.6+0-b2043.56-10027231), built on Apr 28 2023 00:43:19 by "androidbuild" with MS VC++ 16.10 / 16.11 (VS2019)

END.
