#
# There is insufficient memory for the Java Runtime Environment to continue.
# Native memory allocation (mmap) failed to map 573571072 bytes for G1 virtual space
# Possible reasons:
#   The system is out of physical RAM or swap space
#   The process is running with CompressedOops enabled, and the Java Heap may be blocking the growth of the native heap
# Possible solutions:
#   Reduce memory load on the system
#   Increase physical memory or swap space
#   Check if swap backing store is full
#   Decrease Java heap size (-Xmx/-Xms)
#   Decrease number of Java threads
#   Decrease Java thread stack sizes (-Xss)
#   Set larger code cache with -XX:ReservedCodeCacheSize=
#   JVM is running with Unscaled Compressed Oops mode in which the Java heap is
#     placed in the first 4GB address space. The Java Heap base address is the
#     maximum limit for the native heap growth. Please use -XX:HeapBaseMinAddress
#     to set the Java Heap base and to place the Java Heap above 4GB virtual address.
# This output file may be truncated or incomplete.
#
#  Out of Memory Error (os_windows.cpp:3769), pid=11484, tid=13816
#
# JRE version: OpenJDK Runtime Environment (17.0.6) (build 17.0.6+0-b2043.56-10027231)
# Java VM: OpenJDK 64-Bit Server VM (17.0.6+0-b2043.56-10027231, mixed mode, tiered, compressed oops, compressed class ptrs, g1 gc, windows-amd64)
# No core dump will be written. Minidumps are not enabled by default on client versions of Windows
#

---------------  S U M M A R Y ------------

Command Line: --add-opens=java.base/java.util=ALL-UNNAMED --add-opens=java.base/java.lang=ALL-UNNAMED --add-opens=java.base/java.lang.invoke=ALL-UNNAMED --add-opens=java.prefs/java.util.prefs=ALL-UNNAMED --add-opens=java.base/java.nio.charset=ALL-UNNAMED --add-opens=java.base/java.net=ALL-UNNAMED --add-opens=java.base/java.util.concurrent.atomic=ALL-UNNAMED -Xmx2048m -Dfile.encoding=UTF-8 -Duser.country=FR -Duser.language=fr -Duser.variant org.gradle.launcher.daemon.bootstrap.GradleDaemon 8.0

Host: Intel(R) Core(TM) i3 CPU       M 380  @ 2.53GHz, 4 cores, 7G,  Windows 10 , 64 bit Build 19041 (10.0.19041.2788)
Time: Wed Jan 10 19:23:58 2024 Afrique de l, 64 bit Build 19041 (10.0.19041.2788) elapsed time: 7926.893903 seconds (0d 2h 12m 6s)

---------------  T H R E A D  ---------------

Current thread (0x000001c07eda17d0):  VMThread "VM Thread" [stack: 0x0000009c52a00000,0x0000009c52b00000] [id=13816]

Stack: [0x0000009c52a00000,0x0000009c52b00000]
Native frames: (J=compiled Java code, j=interpreted, Vv=VM code, C=native code)
V  [jvm.dll+0x683c9a]
V  [jvm.dll+0x8427a4]
V  [jvm.dll+0x843f9e]
V  [jvm.dll+0x844603]
V  [jvm.dll+0x249b75]
V  [jvm.dll+0x680b69]
V  [jvm.dll+0x67505a]
V  [jvm.dll+0x309acb]
V  [jvm.dll+0x310f86]
V  [jvm.dll+0x3608ee]
V  [jvm.dll+0x360b1f]
V  [jvm.dll+0x2dfbf8]
V  [jvm.dll+0x2ddec4]
V  [jvm.dll+0x2dd4cc]
V  [jvm.dll+0x321f3b]
V  [jvm.dll+0x848ccb]
V  [jvm.dll+0x849a04]
V  [jvm.dll+0x849f1d]
V  [jvm.dll+0x84a2f4]
V  [jvm.dll+0x84a3c0]
V  [jvm.dll+0x7f274a]
V  [jvm.dll+0x682ad5]
C  [ucrtbase.dll+0x21bb2]
C  [KERNEL32.DLL+0x17604]
C  [ntdll.dll+0x526a1]

VM_Operation (0x0000009c58bfcbf0): G1CollectForAllocation, mode: safepoint, requested by thread 0x000001c01b62ea20


---------------  P R O C E S S  ---------------

Threads class SMR info:
_java_thread_list=0x000001c010539650, length=101, elements={
0x000001c0748ea9e0, 0x000001c07edc5610, 0x000001c07edc7420, 0x000001c07f81b8c0,
0x000001c07f81c180, 0x000001c07f81ca40, 0x000001c07f81d300, 0x000001c07f81def0,
0x000001c07f822970, 0x000001c07f823280, 0x000001c07f98c540, 0x000001c07f99f100,
0x000001c0104e77a0, 0x000001c011363a70, 0x000001c01072dfb0, 0x000001c0113f6390,
0x000001c0113f6860, 0x000001c0113f59f0, 0x000001c0113f5520, 0x000001c0113f6d30,
0x000001c0113f7ba0, 0x000001c013517bc0, 0x000001c013518560, 0x000001c013516d50,
0x000001c013518090, 0x000001c013515070, 0x000001c013515a10, 0x000001c013246f00,
0x000001c016d5e930, 0x000001c016d60ae0, 0x000001c019c6d510, 0x000001c019c6f1f0,
0x000001c01b62e550, 0x000001c0168fbd30, 0x000001c0168faec0, 0x000001c0168fda10,
0x000001c01b62d6e0, 0x000001c0113ad080, 0x000001c0113ac6e0, 0x000001c0113abd40,
0x000001c0113acbb0, 0x000001c0113ad550, 0x000001c0113aa060, 0x000001c0113aaed0,
0x000001c0113ada20, 0x000001c016e59750, 0x000001c016e5d110, 0x000001c016e58db0,
0x000001c016e588e0, 0x000001c01b62bed0, 0x000001c016e5f2c0, 0x000001c016e5d5e0,
0x000001c016e59c20, 0x000001c016e5dab0, 0x000001c01b62c3a0, 0x000001c01b62c870,
0x000001c016e5df80, 0x000001c016e5e450, 0x000001c016e5f790, 0x000001c016e57f40,
0x000001c016e5c2a0, 0x000001c016e5a0f0, 0x000001c016e5aa90, 0x000001c016e5b430,
0x000001c016e5c770, 0x000001c016e5af60, 0x000001c016e5b900, 0x000001c0132478a0,
0x000001c01324a3f0, 0x000001c01324a8c0, 0x000001c013244d50, 0x000001c013249580,
0x000001c013246090, 0x000001c013245220, 0x000001c013246560, 0x000001c013248240,
0x000001c013246a30, 0x000001c0132473d0, 0x000001c013249a50, 0x000001c013247d70,
0x000001c013248710, 0x000001c013248be0, 0x000001c013249f20, 0x000001c013243070,
0x000001c013243ee0, 0x000001c013243540, 0x000001c0113ac210, 0x000001c01b62dbb0,
0x000001c01b62e080, 0x000001c0168fb390, 0x000001c0168fa520, 0x000001c0168fb860,
0x000001c01b648a20, 0x000001c0113ab3a0, 0x000001c0113aaa00, 0x000001c014922550,
0x000001c01b62ea20, 0x000001c01491f530, 0x000001c011f1c060, 0x000001c011f1e6e0,
0x000001c011f1e210
}

Java Threads: ( => current thread )
  0x000001c0748ea9e0 JavaThread "main" [_thread_blocked, id=11320, stack(0x0000009c52400000,0x0000009c52500000)]
  0x000001c07edc5610 JavaThread "Reference Handler" daemon [_thread_blocked, id=6716, stack(0x0000009c52b00000,0x0000009c52c00000)]
  0x000001c07edc7420 JavaThread "Finalizer" daemon [_thread_blocked, id=328, stack(0x0000009c52c00000,0x0000009c52d00000)]
  0x000001c07f81b8c0 JavaThread "Signal Dispatcher" daemon [_thread_blocked, id=10128, stack(0x0000009c52d00000,0x0000009c52e00000)]
  0x000001c07f81c180 JavaThread "Attach Listener" daemon [_thread_blocked, id=6988, stack(0x0000009c52e00000,0x0000009c52f00000)]
  0x000001c07f81ca40 JavaThread "Service Thread" daemon [_thread_blocked, id=13296, stack(0x0000009c52f00000,0x0000009c53000000)]
  0x000001c07f81d300 JavaThread "Monitor Deflation Thread" daemon [_thread_blocked, id=1880, stack(0x0000009c53000000,0x0000009c53100000)]
  0x000001c07f81def0 JavaThread "C2 CompilerThread0" daemon [_thread_blocked, id=12780, stack(0x0000009c53100000,0x0000009c53200000)]
  0x000001c07f822970 JavaThread "C1 CompilerThread0" daemon [_thread_blocked, id=8356, stack(0x0000009c53200000,0x0000009c53300000)]
  0x000001c07f823280 JavaThread "Sweeper thread" daemon [_thread_blocked, id=580, stack(0x0000009c53300000,0x0000009c53400000)]
  0x000001c07f98c540 JavaThread "Common-Cleaner" daemon [_thread_blocked, id=1016, stack(0x0000009c53400000,0x0000009c53500000)]
  0x000001c07f99f100 JavaThread "Notification Thread" daemon [_thread_blocked, id=3516, stack(0x0000009c53500000,0x0000009c53600000)]
  0x000001c0104e77a0 JavaThread "Daemon health stats" [_thread_blocked, id=7352, stack(0x0000009c53700000,0x0000009c53800000)]
  0x000001c011363a70 JavaThread "Incoming local TCP Connector on port 62796" [_thread_in_native, id=9568, stack(0x0000009c53b00000,0x0000009c53c00000)]
  0x000001c01072dfb0 JavaThread "Daemon periodic checks" [_thread_blocked, id=9652, stack(0x0000009c53c00000,0x0000009c53d00000)]
  0x000001c0113f6390 JavaThread "Cache worker for journal cache (C:\Users\Brunel\.gradle\caches\journal-1)" [_thread_blocked, id=10808, stack(0x0000009c54400000,0x0000009c54500000)]
  0x000001c0113f6860 JavaThread "File lock request listener" [_thread_in_native, id=7040, stack(0x0000009c54500000,0x0000009c54600000)]
  0x000001c0113f59f0 JavaThread "Cache worker for file hash cache (C:\Users\Brunel\.gradle\caches\8.0\fileHashes)" [_thread_blocked, id=2700, stack(0x0000009c54600000,0x0000009c54700000)]
  0x000001c0113f5520 JavaThread "File watcher server" daemon [_thread_blocked, id=13004, stack(0x0000009c54700000,0x0000009c54800000)]
  0x000001c0113f6d30 JavaThread "File watcher consumer" daemon [_thread_blocked, id=15204, stack(0x0000009c54800000,0x0000009c54900000)]
  0x000001c0113f7ba0 JavaThread "Cache worker for file content cache (C:\Users\Brunel\.gradle\caches\8.0\fileContent)" [_thread_blocked, id=6792, stack(0x0000009c54b00000,0x0000009c54c00000)]
  0x000001c013517bc0 JavaThread "Cache worker for execution history cache (C:\Users\Brunel\.gradle\caches\8.0\executionHistory)" [_thread_blocked, id=12532, stack(0x0000009c54e00000,0x0000009c54f00000)]
  0x000001c013518560 JavaThread "jar transforms" [_thread_blocked, id=1388, stack(0x0000009c54f00000,0x0000009c55000000)]
  0x000001c013516d50 JavaThread "jar transforms Thread 2" [_thread_blocked, id=13788, stack(0x0000009c55000000,0x0000009c55100000)]
  0x000001c013518090 JavaThread "Cache worker for kotlin-dsl (C:\Users\Brunel\.gradle\caches\8.0\kotlin-dsl)" [_thread_blocked, id=2120, stack(0x0000009c55300000,0x0000009c55400000)]
  0x000001c013515070 JavaThread "jar transforms Thread 3" [_thread_blocked, id=6180, stack(0x0000009c55100000,0x0000009c55200000)]
  0x000001c013515a10 JavaThread "jar transforms Thread 4" [_thread_blocked, id=4108, stack(0x0000009c55400000,0x0000009c55500000)]
  0x000001c013246f00 JavaThread "Memory manager" [_thread_blocked, id=12220, stack(0x0000009c52300000,0x0000009c52400000)]
  0x000001c016d5e930 JavaThread "RMI Scheduler(0)" daemon [_thread_blocked, id=13872, stack(0x0000009c58800000,0x0000009c58900000)]
  0x000001c016d60ae0 JavaThread "RMI TCP Accept-0" daemon [_thread_in_native, id=1072, stack(0x0000009c55800000,0x0000009c55900000)]
  0x000001c019c6d510 JavaThread "RMI GC Daemon" daemon [_thread_blocked, id=6496, stack(0x0000009c58f00000,0x0000009c59000000)]
  0x000001c019c6f1f0 JavaThread "RMI Reaper" [_thread_blocked, id=7520, stack(0x0000009c59100000,0x0000009c59200000)]
  0x000001c01b62e550 JavaThread "RMI TCP Connection(idle)" daemon [_thread_blocked, id=10560, stack(0x0000009c52100000,0x0000009c52200000)]
  0x000001c0168fbd30 JavaThread "Daemon Thread 9" [_thread_blocked, id=13500, stack(0x0000009c52200000,0x0000009c52300000)]
  0x000001c0168faec0 JavaThread "Handler for socket connection from /127.0.0.1:62796 to /127.0.0.1:56527" [_thread_in_native, id=11840, stack(0x0000009c53d00000,0x0000009c53e00000)]
  0x000001c0168fda10 JavaThread "Cancel handler" [_thread_blocked, id=5764, stack(0x0000009c53e00000,0x0000009c53f00000)]
  0x000001c01b62d6e0 JavaThread "Daemon worker Thread 9" [_thread_blocked, id=5104, stack(0x0000009c53f00000,0x0000009c54000000)]
  0x000001c0113ad080 JavaThread "Asynchronous log dispatcher for DefaultDaemonConnection: socket connection from /127.0.0.1:62796 to /127.0.0.1:56527" [_thread_blocked, id=7976, stack(0x0000009c54000000,0x0000009c54100000)]
  0x000001c0113ac6e0 JavaThread "Stdin handler" [_thread_blocked, id=7144, stack(0x0000009c54100000,0x0000009c54200000)]
  0x000001c0113abd40 JavaThread "Daemon client event forwarder" [_thread_blocked, id=8560, stack(0x0000009c54200000,0x0000009c54300000)]
  0x000001c0113acbb0 JavaThread "Cache worker for checksums cache (E:\Android Projet\Projet_misemSekolySabata\.gradle\8.0\checksums)" [_thread_blocked, id=11720, stack(0x0000009c54300000,0x0000009c54400000)]
  0x000001c0113ad550 JavaThread "Cache worker for cache directory md-rule (C:\Users\Brunel\.gradle\caches\8.0\md-rule)" [_thread_blocked, id=11708, stack(0x0000009c54900000,0x0000009c54a00000)]
  0x000001c0113aa060 JavaThread "Cache worker for file hash cache (E:\Android Projet\Projet_misemSekolySabata\.gradle\8.0\fileHashes)" [_thread_blocked, id=13968, stack(0x0000009c54a00000,0x0000009c54b00000)]
  0x000001c0113aaed0 JavaThread "Cache worker for cache directory md-supplier (C:\Users\Brunel\.gradle\caches\8.0\md-supplier)" [_thread_blocked, id=3508, stack(0x0000009c54c00000,0x0000009c54d00000)]
  0x000001c0113ada20 JavaThread "Cache worker for dependencies-accessors (E:\Android Projet\Projet_misemSekolySabata\.gradle\8.0\dependencies-accessors)" [_thread_blocked, id=10848, stack(0x0000009c54d00000,0x0000009c54e00000)]
  0x000001c016e59750 JavaThread "Cache worker for Build Output Cleanup Cache (E:\Android Projet\Projet_misemSekolySabata\.gradle\buildOutputCleanup)" [_thread_blocked, id=2056, stack(0x0000009c55500000,0x0000009c55600000)]
  0x000001c016e5d110 JavaThread "Unconstrained build operations" [_thread_blocked, id=8120, stack(0x0000009c55600000,0x0000009c55700000)]
  0x000001c016e58db0 JavaThread "Unconstrained build operations Thread 2" [_thread_blocked, id=8820, stack(0x0000009c55700000,0x0000009c55800000)]
  0x000001c016e588e0 JavaThread "Unconstrained build operations Thread 3" [_thread_blocked, id=5268, stack(0x0000009c55900000,0x0000009c55a00000)]
  0x000001c01b62bed0 JavaThread "Unconstrained build operations Thread 4" [_thread_blocked, id=12276, stack(0x0000009c55a00000,0x0000009c55b00000)]
  0x000001c016e5f2c0 JavaThread "Unconstrained build operations Thread 5" [_thread_blocked, id=14052, stack(0x0000009c55b00000,0x0000009c55c00000)]
  0x000001c016e5d5e0 JavaThread "Unconstrained build operations Thread 6" [_thread_blocked, id=12204, stack(0x0000009c55c00000,0x0000009c55d00000)]
  0x000001c016e59c20 JavaThread "Unconstrained build operations Thread 7" [_thread_blocked, id=7544, stack(0x0000009c55d00000,0x0000009c55e00000)]
  0x000001c016e5dab0 JavaThread "Unconstrained build operations Thread 8" [_thread_blocked, id=3564, stack(0x0000009c55e00000,0x0000009c55f00000)]
  0x000001c01b62c3a0 JavaThread "Unconstrained build operations Thread 9" [_thread_blocked, id=11544, stack(0x0000009c55f00000,0x0000009c56000000)]
  0x000001c01b62c870 JavaThread "Unconstrained build operations Thread 10" [_thread_blocked, id=14180, stack(0x0000009c56000000,0x0000009c56100000)]
  0x000001c016e5df80 JavaThread "Unconstrained build operations Thread 11" [_thread_blocked, id=8388, stack(0x0000009c56100000,0x0000009c56200000)]
  0x000001c016e5e450 JavaThread "Unconstrained build operations Thread 12" [_thread_blocked, id=1840, stack(0x0000009c56200000,0x0000009c56300000)]
  0x000001c016e5f790 JavaThread "Unconstrained build operations Thread 13" [_thread_blocked, id=13084, stack(0x0000009c56300000,0x0000009c56400000)]
  0x000001c016e57f40 JavaThread "Unconstrained build operations Thread 14" [_thread_blocked, id=13176, stack(0x0000009c56400000,0x0000009c56500000)]
  0x000001c016e5c2a0 JavaThread "Unconstrained build operations Thread 15" [_thread_blocked, id=9500, stack(0x0000009c56500000,0x0000009c56600000)]
  0x000001c016e5a0f0 JavaThread "Unconstrained build operations Thread 16" [_thread_blocked, id=10200, stack(0x0000009c56600000,0x0000009c56700000)]
  0x000001c016e5aa90 JavaThread "Unconstrained build operations Thread 17" [_thread_blocked, id=12252, stack(0x0000009c56700000,0x0000009c56800000)]
  0x000001c016e5b430 JavaThread "Unconstrained build operations Thread 18" [_thread_blocked, id=3048, stack(0x0000009c56800000,0x0000009c56900000)]
  0x000001c016e5c770 JavaThread "Unconstrained build operations Thread 19" [_thread_blocked, id=14272, stack(0x0000009c56900000,0x0000009c56a00000)]
  0x000001c016e5af60 JavaThread "Unconstrained build operations Thread 20" [_thread_blocked, id=7180, stack(0x0000009c56a00000,0x0000009c56b00000)]
  0x000001c016e5b900 JavaThread "Unconstrained build operations Thread 21" [_thread_blocked, id=11236, stack(0x0000009c56b00000,0x0000009c56c00000)]
  0x000001c0132478a0 JavaThread "Unconstrained build operations Thread 22" [_thread_blocked, id=12008, stack(0x0000009c56c00000,0x0000009c56d00000)]
  0x000001c01324a3f0 JavaThread "Unconstrained build operations Thread 23" [_thread_blocked, id=3024, stack(0x0000009c56d00000,0x0000009c56e00000)]
  0x000001c01324a8c0 JavaThread "Unconstrained build operations Thread 24" [_thread_blocked, id=12484, stack(0x0000009c56e00000,0x0000009c56f00000)]
  0x000001c013244d50 JavaThread "Unconstrained build operations Thread 25" [_thread_blocked, id=14720, stack(0x0000009c56f00000,0x0000009c57000000)]
  0x000001c013249580 JavaThread "Unconstrained build operations Thread 26" [_thread_blocked, id=14136, stack(0x0000009c57000000,0x0000009c57100000)]
  0x000001c013246090 JavaThread "Unconstrained build operations Thread 27" [_thread_blocked, id=13220, stack(0x0000009c57100000,0x0000009c57200000)]
  0x000001c013245220 JavaThread "Unconstrained build operations Thread 28" [_thread_blocked, id=7736, stack(0x0000009c57200000,0x0000009c57300000)]
  0x000001c013246560 JavaThread "Unconstrained build operations Thread 29" [_thread_blocked, id=14148, stack(0x0000009c57300000,0x0000009c57400000)]
  0x000001c013248240 JavaThread "Unconstrained build operations Thread 30" [_thread_blocked, id=4428, stack(0x0000009c57400000,0x0000009c57500000)]
  0x000001c013246a30 JavaThread "Unconstrained build operations Thread 31" [_thread_blocked, id=1960, stack(0x0000009c57500000,0x0000009c57600000)]
  0x000001c0132473d0 JavaThread "Unconstrained build operations Thread 32" [_thread_blocked, id=8060, stack(0x0000009c57600000,0x0000009c57700000)]
  0x000001c013249a50 JavaThread "Unconstrained build operations Thread 33" [_thread_blocked, id=5228, stack(0x0000009c57700000,0x0000009c57800000)]
  0x000001c013247d70 JavaThread "Unconstrained build operations Thread 34" [_thread_blocked, id=10020, stack(0x0000009c57800000,0x0000009c57900000)]
  0x000001c013248710 JavaThread "Unconstrained build operations Thread 35" [_thread_blocked, id=3252, stack(0x0000009c57900000,0x0000009c57a00000)]
  0x000001c013248be0 JavaThread "Unconstrained build operations Thread 36" [_thread_blocked, id=6432, stack(0x0000009c57a00000,0x0000009c57b00000)]
  0x000001c013249f20 JavaThread "Unconstrained build operations Thread 37" [_thread_blocked, id=8140, stack(0x0000009c57b00000,0x0000009c57c00000)]
  0x000001c013243070 JavaThread "Unconstrained build operations Thread 38" [_thread_blocked, id=14156, stack(0x0000009c57c00000,0x0000009c57d00000)]
  0x000001c013243ee0 JavaThread "Unconstrained build operations Thread 39" [_thread_blocked, id=8760, stack(0x0000009c57d00000,0x0000009c57e00000)]
  0x000001c013243540 JavaThread "Unconstrained build operations Thread 40" [_thread_blocked, id=9380, stack(0x0000009c57e00000,0x0000009c57f00000)]
  0x000001c0113ac210 JavaThread "build event listener" [_thread_blocked, id=15344, stack(0x0000009c57f00000,0x0000009c58000000)]
  0x000001c01b62dbb0 JavaThread "build event listener" [_thread_blocked, id=12948, stack(0x0000009c58100000,0x0000009c58200000)]
  0x000001c01b62e080 JavaThread "build event listener" [_thread_blocked, id=6780, stack(0x0000009c58200000,0x0000009c58300000)]
  0x000001c0168fb390 JavaThread "included builds" [_thread_blocked, id=5712, stack(0x0000009c58300000,0x0000009c58400000)]
  0x000001c0168fa520 JavaThread "Execution worker" [_thread_blocked, id=14768, stack(0x0000009c58400000,0x0000009c58500000)]
  0x000001c0168fb860 JavaThread "Execution worker Thread 2" [_thread_blocked, id=7292, stack(0x0000009c58500000,0x0000009c58600000)]
  0x000001c01b648a20 JavaThread "Execution worker Thread 3" [_thread_blocked, id=8720, stack(0x0000009c58600000,0x0000009c58700000)]
  0x000001c0113ab3a0 JavaThread "Cache worker for execution history cache (E:\Android Projet\Projet_misemSekolySabata\.gradle\8.0\executionHistory)" [_thread_blocked, id=4588, stack(0x0000009c58700000,0x0000009c58800000)]
  0x000001c0113aaa00 JavaThread "WorkerExecutor Queue" [_thread_blocked, id=14568, stack(0x0000009c58900000,0x0000009c58a00000)]
  0x000001c014922550 JavaThread "WorkerExecutor Queue Thread 2" [_thread_blocked, id=14564, stack(0x0000009c58a00000,0x0000009c58b00000)]
  0x000001c01b62ea20 JavaThread "WorkerExecutor Queue Thread 3" [_thread_blocked, id=6104, stack(0x0000009c58b00000,0x0000009c58c00000)]
  0x000001c01491f530 JavaThread "WorkerExecutor Queue Thread 4" [_thread_blocked, id=908, stack(0x0000009c58000000,0x0000009c58100000)]
  0x000001c011f1c060 JavaThread "pool-27-thread-1" [_thread_blocked, id=14216, stack(0x0000009c58c00000,0x0000009c58d00000)]
  0x000001c011f1e6e0 JavaThread "stderr" [_thread_in_native, id=13000, stack(0x0000009c58d00000,0x0000009c58e00000)]
  0x000001c011f1e210 JavaThread "stdout" [_thread_in_native, id=13436, stack(0x0000009c58e00000,0x0000009c58f00000)]

Other Threads:
=>0x000001c07eda17d0 VMThread "VM Thread" [stack: 0x0000009c52a00000,0x0000009c52b00000] [id=13816]
  0x000001c07495f910 WatcherThread [stack: 0x0000009c53600000,0x0000009c53700000] [id=2448]
  0x000001c074945010 GCTaskThread "GC Thread#0" [stack: 0x0000009c52500000,0x0000009c52600000] [id=15260]
  0x000001c00f1ad6b0 GCTaskThread "GC Thread#1" [stack: 0x0000009c53800000,0x0000009c53900000] [id=11984]
  0x000001c00f0aa8d0 GCTaskThread "GC Thread#2" [stack: 0x0000009c53900000,0x0000009c53a00000] [id=8672]
  0x000001c00fc1a3f0 GCTaskThread "GC Thread#3" [stack: 0x0000009c53a00000,0x0000009c53b00000] [id=14928]
  0x000001c074955e60 ConcurrentGCThread "G1 Main Marker" [stack: 0x0000009c52600000,0x0000009c52700000] [id=11528]
  0x000001c074956f20 ConcurrentGCThread "G1 Conc#0" [stack: 0x0000009c52700000,0x0000009c52800000] [id=12224]
  0x000001c0749be4b0 ConcurrentGCThread "G1 Refine#0" [stack: 0x0000009c52800000,0x0000009c52900000] [id=13448]
  0x000001c0111f38f0 ConcurrentGCThread "G1 Refine#1" [stack: 0x0000009c55200000,0x0000009c55300000] [id=7980]
  0x000001c07ebf0090 ConcurrentGCThread "G1 Service" [stack: 0x0000009c52900000,0x0000009c52a00000] [id=9596]

Threads with active compile tasks:
C2 CompilerThread0  7927234 30214       4       java.util.Comparator$$Lambda$1289/0x0000000100de2700::compare (10 bytes)

VM state: at safepoint (normal execution)

VM Mutex/Monitor currently owned by a thread:  ([mutex/lock_event])
[0x000001c0748e8330] Threads_lock - owner thread: 0x000001c07eda17d0
[0x000001c0748e9890] Heap_lock - owner thread: 0x000001c01b62ea20

Heap address: 0x0000000080000000, size: 2048 MB, Compressed Oops mode: 32-bit

CDS archive(s) not mapped
Compressed class space mapped at: 0x0000000100000000-0x0000000140000000, reserved size: 1073741824
Narrow klass base: 0x0000000000000000, Narrow klass shift: 3, Narrow klass range: 0x140000000

GC Precious Log:
 CPUs: 4 total, 4 available
 Memory: 7920M
 Large Page Support: Disabled
 NUMA Support: Disabled
 Compressed Oops: Enabled (32-bit)
 Heap Region Size: 1M
 Heap Min Capacity: 8M
 Heap Initial Capacity: 124M
 Heap Max Capacity: 2G
 Pre-touch: Disabled
 Parallel Workers: 4
 Concurrent Workers: 1
 Concurrent Refinement Workers: 4
 Periodic GC: Disabled

Heap:
 garbage-first heap   total 297984K, used 156160K [0x0000000080000000, 0x0000000100000000)
  region size 1024K, 8 young (8192K), 8 survivors (8192K)
 Metaspace       used 147497K, committed 148928K, reserved 1179648K
  class space    used 19381K, committed 20032K, reserved 1048576K

Heap Regions: E=young(eden), S=young(survivor), O=old, HS=humongous(starts), HC=humongous(continues), CS=collection set, F=free, OA=open archive, CA=closed archive, TAMS=top-at-mark-start (previous, next)
|   0|0x0000000080000000, 0x0000000080100000, 0x0000000080100000|100%| O|  |TAMS 0x0000000080100000, 0x0000000080100000| Untracked 
|   1|0x0000000080100000, 0x0000000080200000, 0x0000000080200000|100%| O|  |TAMS 0x0000000080200000, 0x0000000080200000| Untracked 
|   2|0x0000000080200000, 0x0000000080300000, 0x0000000080300000|100%|HS|  |TAMS 0x0000000080300000, 0x0000000080300000| Complete 
|   3|0x0000000080300000, 0x0000000080400000, 0x0000000080400000|100%|HC|  |TAMS 0x0000000080400000, 0x0000000080400000| Complete 
|   4|0x0000000080400000, 0x0000000080500000, 0x0000000080500000|100%|HC|  |TAMS 0x0000000080500000, 0x0000000080500000| Complete 
|   5|0x0000000080500000, 0x0000000080600000, 0x0000000080600000|100%|HC|  |TAMS 0x0000000080600000, 0x0000000080600000| Complete 
|   6|0x0000000080600000, 0x0000000080700000, 0x0000000080700000|100%| O|  |TAMS 0x0000000080700000, 0x0000000080700000| Untracked 
|   7|0x0000000080700000, 0x0000000080800000, 0x0000000080800000|100%| O|  |TAMS 0x0000000080800000, 0x0000000080800000| Untracked 
|   8|0x0000000080800000, 0x0000000080900000, 0x0000000080900000|100%| O|  |TAMS 0x0000000080900000, 0x0000000080900000| Untracked 
|   9|0x0000000080900000, 0x0000000080a00000, 0x0000000080a00000|100%| O|  |TAMS 0x0000000080a00000, 0x0000000080a00000| Untracked 
|  10|0x0000000080a00000, 0x0000000080b00000, 0x0000000080b00000|100%| O|  |TAMS 0x0000000080b00000, 0x0000000080b00000| Untracked 
|  11|0x0000000080b00000, 0x0000000080c00000, 0x0000000080c00000|100%| O|  |TAMS 0x0000000080c00000, 0x0000000080c00000| Untracked 
|  12|0x0000000080c00000, 0x0000000080d00000, 0x0000000080d00000|100%| O|  |TAMS 0x0000000080d00000, 0x0000000080d00000| Untracked 
|  13|0x0000000080d00000, 0x0000000080e00000, 0x0000000080e00000|100%| O|  |TAMS 0x0000000080e00000, 0x0000000080e00000| Untracked 
|  14|0x0000000080e00000, 0x0000000080f00000, 0x0000000080f00000|100%| O|  |TAMS 0x0000000080f00000, 0x0000000080f00000| Untracked 
|  15|0x0000000080f00000, 0x0000000081000000, 0x0000000081000000|100%| O|  |TAMS 0x0000000081000000, 0x0000000081000000| Untracked 
|  16|0x0000000081000000, 0x0000000081100000, 0x0000000081100000|100%| O|  |TAMS 0x0000000081100000, 0x0000000081100000| Untracked 
|  17|0x0000000081100000, 0x0000000081200000, 0x0000000081200000|100%| O|  |TAMS 0x0000000081200000, 0x0000000081200000| Untracked 
|  18|0x0000000081200000, 0x0000000081300000, 0x0000000081300000|100%| O|  |TAMS 0x0000000081300000, 0x0000000081300000| Untracked 
|  19|0x0000000081300000, 0x0000000081400000, 0x0000000081400000|100%| O|  |TAMS 0x0000000081400000, 0x0000000081400000| Untracked 
|  20|0x0000000081400000, 0x0000000081500000, 0x0000000081500000|100%| O|  |TAMS 0x0000000081500000, 0x0000000081500000| Untracked 
|  21|0x0000000081500000, 0x0000000081600000, 0x0000000081600000|100%| O|  |TAMS 0x0000000081600000, 0x0000000081600000| Untracked 
|  22|0x0000000081600000, 0x0000000081700000, 0x0000000081700000|100%| O|  |TAMS 0x0000000081700000, 0x0000000081700000| Untracked 
|  23|0x0000000081700000, 0x0000000081800000, 0x0000000081800000|100%| O|  |TAMS 0x0000000081800000, 0x0000000081800000| Untracked 
|  24|0x0000000081800000, 0x0000000081900000, 0x0000000081900000|100%| O|  |TAMS 0x0000000081900000, 0x0000000081900000| Untracked 
|  25|0x0000000081900000, 0x0000000081a00000, 0x0000000081a00000|100%| O|  |TAMS 0x0000000081a00000, 0x0000000081a00000| Untracked 
|  26|0x0000000081a00000, 0x0000000081b00000, 0x0000000081b00000|100%| O|  |TAMS 0x0000000081b00000, 0x0000000081b00000| Untracked 
|  27|0x0000000081b00000, 0x0000000081c00000, 0x0000000081c00000|100%| O|  |TAMS 0x0000000081c00000, 0x0000000081c00000| Untracked 
|  28|0x0000000081c00000, 0x0000000081d00000, 0x0000000081d00000|100%| O|  |TAMS 0x0000000081d00000, 0x0000000081d00000| Untracked 
|  29|0x0000000081d00000, 0x0000000081e00000, 0x0000000081e00000|100%| O|  |TAMS 0x0000000081e00000, 0x0000000081e00000| Untracked 
|  30|0x0000000081e00000, 0x0000000081f00000, 0x0000000081f00000|100%| O|  |TAMS 0x0000000081f00000, 0x0000000081f00000| Untracked 
|  31|0x0000000081f00000, 0x0000000082000000, 0x0000000082000000|100%| O|  |TAMS 0x0000000082000000, 0x0000000082000000| Untracked 
|  32|0x0000000082000000, 0x0000000082100000, 0x0000000082100000|100%| O|  |TAMS 0x0000000082100000, 0x0000000082100000| Untracked 
|  33|0x0000000082100000, 0x0000000082200000, 0x0000000082200000|100%| O|  |TAMS 0x0000000082100000, 0x0000000082200000| Untracked 
|  34|0x0000000082200000, 0x0000000082300000, 0x0000000082300000|100%| O|  |TAMS 0x0000000082200000, 0x0000000082300000| Untracked 
|  35|0x0000000082300000, 0x0000000082400000, 0x0000000082400000|100%| O|  |TAMS 0x0000000082300000, 0x0000000082300000| Untracked 
|  36|0x0000000082400000, 0x0000000082500000, 0x0000000082500000|100%| O|  |TAMS 0x0000000082500000, 0x0000000082500000| Untracked 
|  37|0x0000000082500000, 0x0000000082580000, 0x0000000082600000| 50%| O|  |TAMS 0x0000000082500000, 0x0000000082500000| Untracked 
|  38|0x0000000082600000, 0x0000000082700000, 0x0000000082700000|100%|HS|  |TAMS 0x0000000082700000, 0x0000000082700000| Complete 
|  39|0x0000000082700000, 0x0000000082800000, 0x0000000082800000|100%|HS|  |TAMS 0x0000000082800000, 0x0000000082800000| Complete 
|  40|0x0000000082800000, 0x0000000082900000, 0x0000000082900000|100%| O|  |TAMS 0x0000000082900000, 0x0000000082900000| Untracked 
|  41|0x0000000082900000, 0x0000000082a00000, 0x0000000082a00000|100%|HS|  |TAMS 0x0000000082a00000, 0x0000000082a00000| Complete 
|  42|0x0000000082a00000, 0x0000000082b00000, 0x0000000082b00000|100%|HC|  |TAMS 0x0000000082b00000, 0x0000000082b00000| Complete 
|  43|0x0000000082b00000, 0x0000000082c00000, 0x0000000082c00000|100%|HS|  |TAMS 0x0000000082c00000, 0x0000000082c00000| Complete 
|  44|0x0000000082c00000, 0x0000000082d00000, 0x0000000082d00000|100%|HS|  |TAMS 0x0000000082d00000, 0x0000000082d00000| Complete 
|  45|0x0000000082d00000, 0x0000000082e00000, 0x0000000082e00000|100%|HC|  |TAMS 0x0000000082e00000, 0x0000000082e00000| Complete 
|  46|0x0000000082e00000, 0x0000000082f00000, 0x0000000082f00000|100%|HC|  |TAMS 0x0000000082f00000, 0x0000000082f00000| Complete 
|  47|0x0000000082f00000, 0x0000000083000000, 0x0000000083000000|100%|HC|  |TAMS 0x0000000083000000, 0x0000000083000000| Complete 
|  48|0x0000000083000000, 0x0000000083100000, 0x0000000083100000|100%| O|  |TAMS 0x0000000083100000, 0x0000000083100000| Untracked 
|  49|0x0000000083100000, 0x0000000083200000, 0x0000000083200000|100%| O|  |TAMS 0x0000000083200000, 0x0000000083200000| Untracked 
|  50|0x0000000083200000, 0x0000000083300000, 0x0000000083300000|100%| O|  |TAMS 0x0000000083300000, 0x0000000083300000| Untracked 
|  51|0x0000000083300000, 0x0000000083400000, 0x0000000083400000|100%| O|  |TAMS 0x0000000083400000, 0x0000000083400000| Untracked 
|  52|0x0000000083400000, 0x0000000083500000, 0x0000000083500000|100%| O|  |TAMS 0x0000000083500000, 0x0000000083500000| Untracked 
|  53|0x0000000083500000, 0x0000000083600000, 0x0000000083600000|100%| O|  |TAMS 0x0000000083600000, 0x0000000083600000| Untracked 
|  54|0x0000000083600000, 0x0000000083700000, 0x0000000083700000|100%| O|  |TAMS 0x0000000083700000, 0x0000000083700000| Untracked 
|  55|0x0000000083700000, 0x0000000083800000, 0x0000000083800000|100%| O|  |TAMS 0x0000000083800000, 0x0000000083800000| Untracked 
|  56|0x0000000083800000, 0x0000000083900000, 0x0000000083900000|100%| O|  |TAMS 0x0000000083900000, 0x0000000083900000| Untracked 
|  57|0x0000000083900000, 0x0000000083a00000, 0x0000000083a00000|100%| O|  |TAMS 0x0000000083a00000, 0x0000000083a00000| Untracked 
|  58|0x0000000083a00000, 0x0000000083b00000, 0x0000000083b00000|100%| O|  |TAMS 0x0000000083b00000, 0x0000000083b00000| Untracked 
|  59|0x0000000083b00000, 0x0000000083c00000, 0x0000000083c00000|100%| O|  |TAMS 0x0000000083c00000, 0x0000000083c00000| Untracked 
|  60|0x0000000083c00000, 0x0000000083d00000, 0x0000000083d00000|100%| O|  |TAMS 0x0000000083d00000, 0x0000000083d00000| Untracked 
|  61|0x0000000083d00000, 0x0000000083e00000, 0x0000000083e00000|100%| O|  |TAMS 0x0000000083e00000, 0x0000000083e00000| Untracked 
|  62|0x0000000083e00000, 0x0000000083f00000, 0x0000000083f00000|100%| O|  |TAMS 0x0000000083f00000, 0x0000000083f00000| Untracked 
|  63|0x0000000083f00000, 0x0000000084000000, 0x0000000084000000|100%| O|  |TAMS 0x0000000084000000, 0x0000000084000000| Untracked 
|  64|0x0000000084000000, 0x0000000084100000, 0x0000000084100000|100%| O|  |TAMS 0x0000000084100000, 0x0000000084100000| Untracked 
|  65|0x0000000084100000, 0x0000000084200000, 0x0000000084200000|100%| O|  |TAMS 0x0000000084200000, 0x0000000084200000| Untracked 
|  66|0x0000000084200000, 0x0000000084300000, 0x0000000084300000|100%| O|  |TAMS 0x0000000084300000, 0x0000000084300000| Untracked 
|  67|0x0000000084300000, 0x0000000084400000, 0x0000000084400000|100%| O|  |TAMS 0x0000000084400000, 0x0000000084400000| Untracked 
|  68|0x0000000084400000, 0x0000000084500000, 0x0000000084500000|100%| O|  |TAMS 0x0000000084500000, 0x0000000084500000| Untracked 
|  69|0x0000000084500000, 0x0000000084600000, 0x0000000084600000|100%| O|  |TAMS 0x0000000084600000, 0x0000000084600000| Untracked 
|  70|0x0000000084600000, 0x0000000084700000, 0x0000000084700000|100%| O|  |TAMS 0x0000000084700000, 0x0000000084700000| Untracked 
|  71|0x0000000084700000, 0x0000000084800000, 0x0000000084800000|100%| O|  |TAMS 0x0000000084800000, 0x0000000084800000| Untracked 
|  72|0x0000000084800000, 0x0000000084900000, 0x0000000084900000|100%| O|  |TAMS 0x0000000084800000, 0x0000000084900000| Untracked 
|  73|0x0000000084900000, 0x0000000084a00000, 0x0000000084a00000|100%| O|  |TAMS 0x0000000084a00000, 0x0000000084a00000| Untracked 
|  74|0x0000000084a00000, 0x0000000084a00000, 0x0000000084b00000|  0%| F|  |TAMS 0x0000000084a00000, 0x0000000084a00000| Untracked 
|  75|0x0000000084b00000, 0x0000000084c00000, 0x0000000084c00000|100%| O|  |TAMS 0x0000000084c00000, 0x0000000084c00000| Untracked 
|  76|0x0000000084c00000, 0x0000000084d00000, 0x0000000084d00000|100%| O|  |TAMS 0x0000000084d00000, 0x0000000084d00000| Untracked 
|  77|0x0000000084d00000, 0x0000000084e00000, 0x0000000084e00000|100%| O|  |TAMS 0x0000000084e00000, 0x0000000084e00000| Untracked 
|  78|0x0000000084e00000, 0x0000000084f00000, 0x0000000084f00000|100%| O|  |TAMS 0x0000000084f00000, 0x0000000084f00000| Untracked 
|  79|0x0000000084f00000, 0x0000000085000000, 0x0000000085000000|100%| O|  |TAMS 0x0000000085000000, 0x0000000085000000| Untracked 
|  80|0x0000000085000000, 0x0000000085100000, 0x0000000085100000|100%| O|  |TAMS 0x0000000085100000, 0x0000000085100000| Untracked 
|  81|0x0000000085100000, 0x0000000085100000, 0x0000000085200000|  0%| F|  |TAMS 0x0000000085100000, 0x0000000085100000| Untracked 
|  82|0x0000000085200000, 0x0000000085300000, 0x0000000085300000|100%| O|  |TAMS 0x0000000085200000, 0x0000000085300000| Untracked 
|  83|0x0000000085300000, 0x0000000085300000, 0x0000000085400000|  0%| F|  |TAMS 0x0000000085300000, 0x0000000085300000| Untracked 
|  84|0x0000000085400000, 0x0000000085400000, 0x0000000085500000|  0%| F|  |TAMS 0x0000000085400000, 0x0000000085400000| Untracked 
|  85|0x0000000085500000, 0x0000000085600000, 0x0000000085600000|100%| O|  |TAMS 0x0000000085600000, 0x0000000085600000| Untracked 
|  86|0x0000000085600000, 0x0000000085700000, 0x0000000085700000|100%| O|  |TAMS 0x0000000085700000, 0x0000000085700000| Untracked 
|  87|0x0000000085700000, 0x0000000085800000, 0x0000000085800000|100%| O|  |TAMS 0x0000000085800000, 0x0000000085800000| Untracked 
|  88|0x0000000085800000, 0x0000000085900000, 0x0000000085900000|100%| O|  |TAMS 0x0000000085900000, 0x0000000085900000| Untracked 
|  89|0x0000000085900000, 0x0000000085a00000, 0x0000000085a00000|100%| O|  |TAMS 0x0000000085a00000, 0x0000000085a00000| Untracked 
|  90|0x0000000085a00000, 0x0000000085a00000, 0x0000000085b00000|  0%| F|  |TAMS 0x0000000085a00000, 0x0000000085a00000| Untracked 
|  91|0x0000000085b00000, 0x0000000085c00000, 0x0000000085c00000|100%| O|  |TAMS 0x0000000085c00000, 0x0000000085c00000| Untracked 
|  92|0x0000000085c00000, 0x0000000085d00000, 0x0000000085d00000|100%| O|  |TAMS 0x0000000085d00000, 0x0000000085d00000| Untracked 
|  93|0x0000000085d00000, 0x0000000085d00000, 0x0000000085e00000|  0%| F|  |TAMS 0x0000000085d00000, 0x0000000085d00000| Untracked 
|  94|0x0000000085e00000, 0x0000000085f00000, 0x0000000085f00000|100%| O|  |TAMS 0x0000000085f00000, 0x0000000085f00000| Untracked 
|  95|0x0000000085f00000, 0x0000000086000000, 0x0000000086000000|100%| O|  |TAMS 0x0000000086000000, 0x0000000086000000| Untracked 
|  96|0x0000000086000000, 0x0000000086100000, 0x0000000086100000|100%| O|  |TAMS 0x0000000086100000, 0x0000000086100000| Untracked 
|  97|0x0000000086100000, 0x0000000086200000, 0x0000000086200000|100%| O|  |TAMS 0x0000000086200000, 0x0000000086200000| Untracked 
|  98|0x0000000086200000, 0x0000000086200000, 0x0000000086300000|  0%| F|  |TAMS 0x0000000086200000, 0x0000000086200000| Untracked 
|  99|0x0000000086300000, 0x0000000086400000, 0x0000000086400000|100%| O|  |TAMS 0x0000000086300000, 0x0000000086400000| Untracked 
| 100|0x0000000086400000, 0x0000000086500000, 0x0000000086500000|100%| O|  |TAMS 0x0000000086500000, 0x0000000086500000| Untracked 
| 101|0x0000000086500000, 0x0000000086600000, 0x0000000086600000|100%| O|  |TAMS 0x0000000086600000, 0x0000000086600000| Untracked 
| 102|0x0000000086600000, 0x0000000086700000, 0x0000000086700000|100%| O|  |TAMS 0x0000000086700000, 0x0000000086700000| Untracked 
| 103|0x0000000086700000, 0x0000000086800000, 0x0000000086800000|100%| O|  |TAMS 0x0000000086800000, 0x0000000086800000| Untracked 
| 104|0x0000000086800000, 0x0000000086900000, 0x0000000086900000|100%| O|  |TAMS 0x0000000086900000, 0x0000000086900000| Untracked 
| 105|0x0000000086900000, 0x0000000086900000, 0x0000000086a00000|  0%| F|  |TAMS 0x0000000086900000, 0x0000000086900000| Untracked 
| 106|0x0000000086a00000, 0x0000000086b00000, 0x0000000086b00000|100%| O|  |TAMS 0x0000000086b00000, 0x0000000086b00000| Untracked 
| 107|0x0000000086b00000, 0x0000000086c00000, 0x0000000086c00000|100%| O|  |TAMS 0x0000000086b00000, 0x0000000086c00000| Untracked 
| 108|0x0000000086c00000, 0x0000000086c00000, 0x0000000086d00000|  0%| F|  |TAMS 0x0000000086c00000, 0x0000000086c00000| Untracked 
| 109|0x0000000086d00000, 0x0000000086e00000, 0x0000000086e00000|100%| O|  |TAMS 0x0000000086e00000, 0x0000000086e00000| Untracked 
| 110|0x0000000086e00000, 0x0000000086f00000, 0x0000000086f00000|100%| O|  |TAMS 0x0000000086f00000, 0x0000000086f00000| Untracked 
| 111|0x0000000086f00000, 0x0000000087000000, 0x0000000087000000|100%| O|  |TAMS 0x0000000087000000, 0x0000000087000000| Untracked 
| 112|0x0000000087000000, 0x0000000087100000, 0x0000000087100000|100%| O|  |TAMS 0x0000000087100000, 0x0000000087100000| Untracked 
| 113|0x0000000087100000, 0x0000000087200000, 0x0000000087200000|100%| O|  |TAMS 0x0000000087200000, 0x0000000087200000| Untracked 
| 114|0x0000000087200000, 0x0000000087300000, 0x0000000087300000|100%| O|  |TAMS 0x0000000087300000, 0x0000000087300000| Untracked 
| 115|0x0000000087300000, 0x0000000087300000, 0x0000000087400000|  0%| F|  |TAMS 0x0000000087300000, 0x0000000087300000| Untracked 
| 116|0x0000000087400000, 0x0000000087400000, 0x0000000087500000|  0%| F|  |TAMS 0x0000000087400000, 0x0000000087400000| Untracked 
| 117|0x0000000087500000, 0x0000000087500000, 0x0000000087600000|  0%| F|  |TAMS 0x0000000087500000, 0x0000000087500000| Untracked 
| 118|0x0000000087600000, 0x0000000087700000, 0x0000000087700000|100%| O|  |TAMS 0x00000000876dbc00, 0x0000000087700000| Untracked 
| 119|0x0000000087700000, 0x0000000087700000, 0x0000000087800000|  0%| F|  |TAMS 0x0000000087700000, 0x0000000087700000| Untracked 
| 120|0x0000000087800000, 0x0000000087900000, 0x0000000087900000|100%| O|  |TAMS 0x0000000087800000, 0x0000000087900000| Untracked 
| 121|0x0000000087900000, 0x0000000087a00000, 0x0000000087a00000|100%| O|  |TAMS 0x0000000087900000, 0x0000000087a00000| Untracked 
| 122|0x0000000087a00000, 0x0000000087b00000, 0x0000000087b00000|100%| O|  |TAMS 0x0000000087a00000, 0x0000000087b00000| Untracked 
| 123|0x0000000087b00000, 0x0000000087c00000, 0x0000000087c00000|100%| O|  |TAMS 0x0000000087c00000, 0x0000000087c00000| Untracked 
| 124|0x0000000087c00000, 0x0000000087d00000, 0x0000000087d00000|100%| O|  |TAMS 0x0000000087d00000, 0x0000000087d00000| Untracked 
| 125|0x0000000087d00000, 0x0000000087e00000, 0x0000000087e00000|100%| O|  |TAMS 0x0000000087d00000, 0x0000000087e00000| Untracked 
| 126|0x0000000087e00000, 0x0000000087f00000, 0x0000000087f00000|100%| O|  |TAMS 0x0000000087e00000, 0x0000000087f00000| Untracked 
| 127|0x0000000087f00000, 0x0000000088000000, 0x0000000088000000|100%| O|  |TAMS 0x0000000087f00000, 0x0000000088000000| Untracked 
| 128|0x0000000088000000, 0x0000000088100000, 0x0000000088100000|100%| O|  |TAMS 0x0000000088100000, 0x0000000088100000| Untracked 
| 129|0x0000000088100000, 0x0000000088200000, 0x0000000088200000|100%| O|  |TAMS 0x0000000088200000, 0x0000000088200000| Untracked 
| 130|0x0000000088200000, 0x0000000088300000, 0x0000000088300000|100%| O|  |TAMS 0x0000000088200000, 0x0000000088300000| Untracked 
| 131|0x0000000088300000, 0x0000000088300000, 0x0000000088400000|  0%| F|  |TAMS 0x0000000088300000, 0x0000000088300000| Untracked 
| 132|0x0000000088400000, 0x0000000088400000, 0x0000000088500000|  0%| F|  |TAMS 0x0000000088400000, 0x0000000088400000| Untracked 
| 133|0x0000000088500000, 0x0000000088600000, 0x0000000088600000|100%|HS|  |TAMS 0x0000000088600000, 0x0000000088600000| Complete 
| 134|0x0000000088600000, 0x0000000088700000, 0x0000000088700000|100%|HC|  |TAMS 0x0000000088700000, 0x0000000088700000| Complete 
| 135|0x0000000088700000, 0x0000000088800000, 0x0000000088800000|100%|HC|  |TAMS 0x0000000088800000, 0x0000000088800000| Complete 
| 136|0x0000000088800000, 0x0000000088900000, 0x0000000088900000|100%|HC|  |TAMS 0x0000000088900000, 0x0000000088900000| Complete 
| 137|0x0000000088900000, 0x0000000088a00000, 0x0000000088a00000|100%|HC|  |TAMS 0x0000000088a00000, 0x0000000088a00000| Complete 
| 138|0x0000000088a00000, 0x0000000088b00000, 0x0000000088b00000|100%|HC|  |TAMS 0x0000000088b00000, 0x0000000088b00000| Complete 
| 139|0x0000000088b00000, 0x0000000088c00000, 0x0000000088c00000|100%|HC|  |TAMS 0x0000000088c00000, 0x0000000088c00000| Complete 
| 140|0x0000000088c00000, 0x0000000088d00000, 0x0000000088d00000|100%| O|  |TAMS 0x0000000088d00000, 0x0000000088d00000| Untracked 
| 141|0x0000000088d00000, 0x0000000088e00000, 0x0000000088e00000|100%| O|  |TAMS 0x0000000088e00000, 0x0000000088e00000| Untracked 
| 142|0x0000000088e00000, 0x0000000088f00000, 0x0000000088f00000|100%| O|  |TAMS 0x0000000088f00000, 0x0000000088f00000| Untracked 
| 143|0x0000000088f00000, 0x0000000088f00000, 0x0000000089000000|  0%| F|  |TAMS 0x0000000088f00000, 0x0000000088f00000| Untracked 
| 144|0x0000000089000000, 0x0000000089000000, 0x0000000089100000|  0%| F|  |TAMS 0x0000000089000000, 0x0000000089000000| Untracked 
| 145|0x0000000089100000, 0x0000000089100000, 0x0000000089200000|  0%| F|  |TAMS 0x0000000089100000, 0x0000000089100000| Untracked 
| 146|0x0000000089200000, 0x0000000089300000, 0x0000000089300000|100%| O|  |TAMS 0x0000000089200000, 0x0000000089300000| Untracked 
| 147|0x0000000089300000, 0x0000000089400000, 0x0000000089400000|100%| O|  |TAMS 0x0000000089300000, 0x0000000089400000| Untracked 
| 148|0x0000000089400000, 0x0000000089500000, 0x0000000089500000|100%| O|  |TAMS 0x0000000089400000, 0x0000000089500000| Untracked 
| 149|0x0000000089500000, 0x0000000089600000, 0x0000000089600000|100%| O|  |TAMS 0x0000000089500000, 0x0000000089600000| Untracked 
| 150|0x0000000089600000, 0x0000000089700000, 0x0000000089700000|100%| O|  |TAMS 0x0000000089600000, 0x0000000089700000| Untracked 
| 151|0x0000000089700000, 0x0000000089800000, 0x0000000089800000|100%| O|  |TAMS 0x0000000089700000, 0x00000000897f4c00| Untracked 
| 152|0x0000000089800000, 0x0000000089800000, 0x0000000089900000|  0%| F|  |TAMS 0x0000000089800000, 0x0000000089800000| Untracked 
| 153|0x0000000089900000, 0x0000000089900000, 0x0000000089a00000|  0%| F|  |TAMS 0x0000000089900000, 0x0000000089900000| Untracked 
| 154|0x0000000089a00000, 0x0000000089a00000, 0x0000000089b00000|  0%| F|  |TAMS 0x0000000089a00000, 0x0000000089a00000| Untracked 
| 155|0x0000000089b00000, 0x0000000089b00000, 0x0000000089c00000|  0%| F|  |TAMS 0x0000000089b00000, 0x0000000089b00000| Untracked 
| 156|0x0000000089c00000, 0x0000000089c00000, 0x0000000089d00000|  0%| F|  |TAMS 0x0000000089c00000, 0x0000000089c00000| Untracked 
| 157|0x0000000089d00000, 0x0000000089d00000, 0x0000000089e00000|  0%| F|  |TAMS 0x0000000089d00000, 0x0000000089d00000| Untracked 
| 158|0x0000000089e00000, 0x0000000089e00000, 0x0000000089f00000|  0%| F|  |TAMS 0x0000000089e00000, 0x0000000089e00000| Untracked 
| 159|0x0000000089f00000, 0x0000000089f00000, 0x000000008a000000|  0%| F|  |TAMS 0x0000000089f00000, 0x0000000089f00000| Untracked 
| 160|0x000000008a000000, 0x000000008a000000, 0x000000008a100000|  0%| F|  |TAMS 0x000000008a000000, 0x000000008a000000| Untracked 
| 161|0x000000008a100000, 0x000000008a100000, 0x000000008a200000|  0%| F|  |TAMS 0x000000008a100000, 0x000000008a100000| Untracked 
| 162|0x000000008a200000, 0x000000008a200000, 0x000000008a300000|  0%| F|  |TAMS 0x000000008a200000, 0x000000008a200000| Untracked 
| 163|0x000000008a300000, 0x000000008a300000, 0x000000008a400000|  0%| F|  |TAMS 0x000000008a300000, 0x000000008a300000| Untracked 
| 164|0x000000008a400000, 0x000000008a400000, 0x000000008a500000|  0%| F|  |TAMS 0x000000008a400000, 0x000000008a400000| Untracked 
| 165|0x000000008a500000, 0x000000008a500000, 0x000000008a600000|  0%| F|  |TAMS 0x000000008a500000, 0x000000008a500000| Untracked 
| 166|0x000000008a600000, 0x000000008a600000, 0x000000008a700000|  0%| F|  |TAMS 0x000000008a600000, 0x000000008a600000| Untracked 
| 167|0x000000008a700000, 0x000000008a700000, 0x000000008a800000|  0%| F|  |TAMS 0x000000008a700000, 0x000000008a700000| Untracked 
| 168|0x000000008a800000, 0x000000008a800000, 0x000000008a900000|  0%| F|  |TAMS 0x000000008a800000, 0x000000008a800000| Untracked 
| 169|0x000000008a900000, 0x000000008aa00000, 0x000000008aa00000|100%| O|  |TAMS 0x000000008a900000, 0x000000008aa00000| Untracked 
| 170|0x000000008aa00000, 0x000000008ab00000, 0x000000008ab00000|100%| O|  |TAMS 0x000000008aa00000, 0x000000008ab00000| Untracked 
| 171|0x000000008ab00000, 0x000000008ac00000, 0x000000008ac00000|100%| O|  |TAMS 0x000000008ab00000, 0x000000008ac00000| Untracked 
| 172|0x000000008ac00000, 0x000000008ad00000, 0x000000008ad00000|100%| O|  |TAMS 0x000000008ac00000, 0x000000008ad00000| Untracked 
| 173|0x000000008ad00000, 0x000000008ae00000, 0x000000008ae00000|100%| O|  |TAMS 0x000000008ad00000, 0x000000008ae00000| Untracked 
| 174|0x000000008ae00000, 0x000000008af00000, 0x000000008af00000|100%| O|  |TAMS 0x000000008ae00000, 0x000000008af00000| Untracked 
| 175|0x000000008af00000, 0x000000008b000000, 0x000000008b000000|100%| O|  |TAMS 0x000000008af00000, 0x000000008b000000| Untracked 
| 176|0x000000008b000000, 0x000000008b100000, 0x000000008b100000|100%| O|  |TAMS 0x000000008b000000, 0x000000008b100000| Untracked 
| 177|0x000000008b100000, 0x000000008b200000, 0x000000008b200000|100%| O|  |TAMS 0x000000008b100000, 0x000000008b200000| Untracked 
| 178|0x000000008b200000, 0x000000008b300000, 0x000000008b300000|100%| O|  |TAMS 0x000000008b200000, 0x000000008b300000| Untracked 
| 179|0x000000008b300000, 0x000000008b400000, 0x000000008b400000|100%| O|  |TAMS 0x000000008b300000, 0x000000008b400000| Untracked 
| 180|0x000000008b400000, 0x000000008b400000, 0x000000008b500000|  0%| F|  |TAMS 0x000000008b400000, 0x000000008b400000| Untracked 
| 181|0x000000008b500000, 0x000000008b500000, 0x000000008b600000|  0%| F|  |TAMS 0x000000008b500000, 0x000000008b500000| Untracked 
| 182|0x000000008b600000, 0x000000008b600000, 0x000000008b700000|  0%| F|  |TAMS 0x000000008b600000, 0x000000008b600000| Untracked 
| 183|0x000000008b700000, 0x000000008b700000, 0x000000008b800000|  0%| F|  |TAMS 0x000000008b700000, 0x000000008b700000| Untracked 
| 184|0x000000008b800000, 0x000000008b800000, 0x000000008b900000|  0%| F|  |TAMS 0x000000008b800000, 0x000000008b800000| Untracked 
| 185|0x000000008b900000, 0x000000008b900000, 0x000000008ba00000|  0%| F|  |TAMS 0x000000008b900000, 0x000000008b900000| Untracked 
| 186|0x000000008ba00000, 0x000000008ba00000, 0x000000008bb00000|  0%| F|  |TAMS 0x000000008ba00000, 0x000000008ba00000| Untracked 
| 187|0x000000008bb00000, 0x000000008bb00000, 0x000000008bc00000|  0%| F|  |TAMS 0x000000008bb00000, 0x000000008bb00000| Untracked 
| 188|0x000000008bc00000, 0x000000008bc00000, 0x000000008bd00000|  0%| F|  |TAMS 0x000000008bc00000, 0x000000008bc00000| Untracked 
| 189|0x000000008bd00000, 0x000000008bd00000, 0x000000008be00000|  0%| F|  |TAMS 0x000000008bd00000, 0x000000008bd00000| Untracked 
| 190|0x000000008be00000, 0x000000008be00000, 0x000000008bf00000|  0%| F|  |TAMS 0x000000008be00000, 0x000000008be00000| Untracked 
| 191|0x000000008bf00000, 0x000000008bf00000, 0x000000008c000000|  0%| F|  |TAMS 0x000000008bf00000, 0x000000008bf00000| Untracked 
| 192|0x000000008c000000, 0x000000008c000000, 0x000000008c100000|  0%| F|  |TAMS 0x000000008c000000, 0x000000008c000000| Untracked 
| 193|0x000000008c100000, 0x000000008c100000, 0x000000008c200000|  0%| F|  |TAMS 0x000000008c100000, 0x000000008c100000| Untracked 
| 194|0x000000008c200000, 0x000000008c200000, 0x000000008c300000|  0%| F|  |TAMS 0x000000008c200000, 0x000000008c200000| Untracked 
| 195|0x000000008c300000, 0x000000008c300000, 0x000000008c400000|  0%| F|  |TAMS 0x000000008c300000, 0x000000008c300000| Untracked 
| 196|0x000000008c400000, 0x000000008c400000, 0x000000008c500000|  0%| F|  |TAMS 0x000000008c400000, 0x000000008c400000| Untracked 
| 197|0x000000008c500000, 0x000000008c500000, 0x000000008c600000|  0%| F|  |TAMS 0x000000008c500000, 0x000000008c500000| Untracked 
| 198|0x000000008c600000, 0x000000008c600000, 0x000000008c700000|  0%| F|  |TAMS 0x000000008c600000, 0x000000008c600000| Untracked 
| 199|0x000000008c700000, 0x000000008c700000, 0x000000008c800000|  0%| F|  |TAMS 0x000000008c700000, 0x000000008c700000| Untracked 
| 200|0x000000008c800000, 0x000000008c800000, 0x000000008c900000|  0%| F|  |TAMS 0x000000008c800000, 0x000000008c800000| Untracked 
| 201|0x000000008c900000, 0x000000008c900000, 0x000000008ca00000|  0%| F|  |TAMS 0x000000008c900000, 0x000000008c900000| Untracked 
| 202|0x000000008ca00000, 0x000000008ca00000, 0x000000008cb00000|  0%| F|  |TAMS 0x000000008ca00000, 0x000000008ca00000| Untracked 
| 203|0x000000008cb00000, 0x000000008cb00000, 0x000000008cc00000|  0%| F|  |TAMS 0x000000008cb00000, 0x000000008cb00000| Untracked 
| 204|0x000000008cc00000, 0x000000008cc00000, 0x000000008cd00000|  0%| F|  |TAMS 0x000000008cc00000, 0x000000008cc00000| Untracked 
| 205|0x000000008cd00000, 0x000000008cd00000, 0x000000008ce00000|  0%| F|  |TAMS 0x000000008cd00000, 0x000000008cd00000| Untracked 
| 206|0x000000008ce00000, 0x000000008ce00000, 0x000000008cf00000|  0%| F|  |TAMS 0x000000008ce00000, 0x000000008ce00000| Untracked 
| 207|0x000000008cf00000, 0x000000008cf00000, 0x000000008d000000|  0%| F|  |TAMS 0x000000008cf00000, 0x000000008cf00000| Untracked 
| 208|0x000000008d000000, 0x000000008d000000, 0x000000008d100000|  0%| F|  |TAMS 0x000000008d000000, 0x000000008d000000| Untracked 
| 209|0x000000008d100000, 0x000000008d100000, 0x000000008d200000|  0%| F|  |TAMS 0x000000008d100000, 0x000000008d100000| Untracked 
| 210|0x000000008d200000, 0x000000008d200000, 0x000000008d300000|  0%| F|  |TAMS 0x000000008d200000, 0x000000008d200000| Untracked 
| 211|0x000000008d300000, 0x000000008d300000, 0x000000008d400000|  0%| F|  |TAMS 0x000000008d300000, 0x000000008d300000| Untracked 
| 212|0x000000008d400000, 0x000000008d400000, 0x000000008d500000|  0%| F|  |TAMS 0x000000008d400000, 0x000000008d400000| Untracked 
| 213|0x000000008d500000, 0x000000008d500000, 0x000000008d600000|  0%| F|  |TAMS 0x000000008d500000, 0x000000008d500000| Untracked 
| 214|0x000000008d600000, 0x000000008d600000, 0x000000008d700000|  0%| F|  |TAMS 0x000000008d600000, 0x000000008d600000| Untracked 
| 215|0x000000008d700000, 0x000000008d700000, 0x000000008d800000|  0%| F|  |TAMS 0x000000008d700000, 0x000000008d700000| Untracked 
| 216|0x000000008d800000, 0x000000008d800000, 0x000000008d900000|  0%| F|  |TAMS 0x000000008d800000, 0x000000008d800000| Untracked 
| 217|0x000000008d900000, 0x000000008d900000, 0x000000008da00000|  0%| F|  |TAMS 0x000000008d900000, 0x000000008d900000| Untracked 
| 218|0x000000008da00000, 0x000000008da00000, 0x000000008db00000|  0%| F|  |TAMS 0x000000008da00000, 0x000000008da00000| Untracked 
| 219|0x000000008db00000, 0x000000008dc00000, 0x000000008dc00000|100%| S|CS|TAMS 0x000000008db00000, 0x000000008db00000| Complete 
| 220|0x000000008dc00000, 0x000000008dd00000, 0x000000008dd00000|100%| S|CS|TAMS 0x000000008dc00000, 0x000000008dc00000| Complete 
| 221|0x000000008dd00000, 0x000000008de00000, 0x000000008de00000|100%| S|CS|TAMS 0x000000008dd00000, 0x000000008dd00000| Complete 
| 222|0x000000008de00000, 0x000000008df00000, 0x000000008df00000|100%| S|CS|TAMS 0x000000008de00000, 0x000000008de00000| Complete 
| 223|0x000000008df00000, 0x000000008e000000, 0x000000008e000000|100%| S|CS|TAMS 0x000000008df00000, 0x000000008df00000| Complete 
| 224|0x000000008e000000, 0x000000008e100000, 0x000000008e100000|100%| S|CS|TAMS 0x000000008e000000, 0x000000008e000000| Complete 
| 225|0x000000008e100000, 0x000000008e200000, 0x000000008e200000|100%| S|CS|TAMS 0x000000008e100000, 0x000000008e100000| Complete 
| 226|0x000000008e200000, 0x000000008e300000, 0x000000008e300000|100%| S|CS|TAMS 0x000000008e200000, 0x000000008e200000| Complete 
| 227|0x000000008e300000, 0x000000008e300000, 0x000000008e400000|  0%| F|  |TAMS 0x000000008e300000, 0x000000008e300000| Untracked 
| 228|0x000000008e400000, 0x000000008e400000, 0x000000008e500000|  0%| F|  |TAMS 0x000000008e400000, 0x000000008e400000| Untracked 
| 229|0x000000008e500000, 0x000000008e500000, 0x000000008e600000|  0%| F|  |TAMS 0x000000008e500000, 0x000000008e500000| Untracked 
| 230|0x000000008e600000, 0x000000008e600000, 0x000000008e700000|  0%| F|  |TAMS 0x000000008e600000, 0x000000008e600000| Untracked 
| 231|0x000000008e700000, 0x000000008e700000, 0x000000008e800000|  0%| F|  |TAMS 0x000000008e700000, 0x000000008e700000| Untracked 
| 232|0x000000008e800000, 0x000000008e800000, 0x000000008e900000|  0%| F|  |TAMS 0x000000008e800000, 0x000000008e800000| Untracked 
| 233|0x000000008e900000, 0x000000008e900000, 0x000000008ea00000|  0%| F|  |TAMS 0x000000008e900000, 0x000000008e900000| Untracked 
| 234|0x000000008ea00000, 0x000000008ea00000, 0x000000008eb00000|  0%| F|  |TAMS 0x000000008ea00000, 0x000000008ea00000| Untracked 
| 235|0x000000008eb00000, 0x000000008eb00000, 0x000000008ec00000|  0%| F|  |TAMS 0x000000008eb00000, 0x000000008eb00000| Untracked 
| 236|0x000000008ec00000, 0x000000008ec00000, 0x000000008ed00000|  0%| F|  |TAMS 0x000000008ec00000, 0x000000008ec00000| Untracked 
| 237|0x000000008ed00000, 0x000000008ed00000, 0x000000008ee00000|  0%| F|  |TAMS 0x000000008ed00000, 0x000000008ed00000| Untracked 
| 238|0x000000008ee00000, 0x000000008ee00000, 0x000000008ef00000|  0%| F|  |TAMS 0x000000008ee00000, 0x000000008ee00000| Untracked 
| 239|0x000000008ef00000, 0x000000008ef00000, 0x000000008f000000|  0%| F|  |TAMS 0x000000008ef00000, 0x000000008ef00000| Untracked 
| 240|0x000000008f000000, 0x000000008f000000, 0x000000008f100000|  0%| F|  |TAMS 0x000000008f000000, 0x000000008f000000| Untracked 
| 241|0x000000008f100000, 0x000000008f100000, 0x000000008f200000|  0%| F|  |TAMS 0x000000008f100000, 0x000000008f100000| Untracked 
| 242|0x000000008f200000, 0x000000008f200000, 0x000000008f300000|  0%| F|  |TAMS 0x000000008f200000, 0x000000008f200000| Untracked 
| 243|0x000000008f300000, 0x000000008f300000, 0x000000008f400000|  0%| F|  |TAMS 0x000000008f300000, 0x000000008f300000| Untracked 
| 244|0x000000008f400000, 0x000000008f400000, 0x000000008f500000|  0%| F|  |TAMS 0x000000008f400000, 0x000000008f400000| Untracked 
| 245|0x000000008f500000, 0x000000008f500000, 0x000000008f600000|  0%| F|  |TAMS 0x000000008f500000, 0x000000008f500000| Untracked 
| 246|0x000000008f600000, 0x000000008f600000, 0x000000008f700000|  0%| F|  |TAMS 0x000000008f600000, 0x000000008f600000| Untracked 
| 247|0x000000008f700000, 0x000000008f700000, 0x000000008f800000|  0%| F|  |TAMS 0x000000008f700000, 0x000000008f700000| Untracked 
| 248|0x000000008f800000, 0x000000008f800000, 0x000000008f900000|  0%| F|  |TAMS 0x000000008f800000, 0x000000008f800000| Untracked 
| 249|0x000000008f900000, 0x000000008f900000, 0x000000008fa00000|  0%| F|  |TAMS 0x000000008f900000, 0x000000008f900000| Untracked 
| 250|0x000000008fa00000, 0x000000008fa00000, 0x000000008fb00000|  0%| F|  |TAMS 0x000000008fa00000, 0x000000008fa00000| Untracked 
| 251|0x000000008fb00000, 0x000000008fb00000, 0x000000008fc00000|  0%| F|  |TAMS 0x000000008fb00000, 0x000000008fb00000| Untracked 
| 252|0x000000008fc00000, 0x000000008fc00000, 0x000000008fd00000|  0%| F|  |TAMS 0x000000008fc00000, 0x000000008fc00000| Untracked 
| 253|0x000000008fd00000, 0x000000008fd00000, 0x000000008fe00000|  0%| F|  |TAMS 0x000000008fd00000, 0x000000008fd00000| Untracked 
| 254|0x000000008fe00000, 0x000000008fe00000, 0x000000008ff00000|  0%| F|  |TAMS 0x000000008fe00000, 0x000000008fe00000| Untracked 
| 255|0x000000008ff00000, 0x000000008ff00000, 0x0000000090000000|  0%| F|  |TAMS 0x000000008ff00000, 0x000000008ff00000| Untracked 
| 256|0x0000000090000000, 0x0000000090000000, 0x0000000090100000|  0%| F|  |TAMS 0x0000000090000000, 0x0000000090000000| Untracked 
| 257|0x0000000090100000, 0x0000000090100000, 0x0000000090200000|  0%| F|  |TAMS 0x0000000090100000, 0x0000000090100000| Untracked 
| 258|0x0000000090200000, 0x0000000090200000, 0x0000000090300000|  0%| F|  |TAMS 0x0000000090200000, 0x0000000090200000| Untracked 
| 259|0x0000000090300000, 0x0000000090300000, 0x0000000090400000|  0%| F|  |TAMS 0x0000000090300000, 0x0000000090300000| Untracked 
| 260|0x0000000090400000, 0x0000000090400000, 0x0000000090500000|  0%| F|  |TAMS 0x0000000090400000, 0x0000000090400000| Untracked 
| 261|0x0000000090500000, 0x0000000090500000, 0x0000000090600000|  0%| F|  |TAMS 0x0000000090500000, 0x0000000090500000| Untracked 
| 262|0x0000000090600000, 0x0000000090600000, 0x0000000090700000|  0%| F|  |TAMS 0x0000000090600000, 0x0000000090600000| Untracked 
| 263|0x0000000090700000, 0x0000000090700000, 0x0000000090800000|  0%| F|  |TAMS 0x0000000090700000, 0x0000000090700000| Untracked 
| 264|0x0000000090800000, 0x0000000090800000, 0x0000000090900000|  0%| F|  |TAMS 0x0000000090800000, 0x0000000090800000| Untracked 
| 265|0x0000000090900000, 0x0000000090900000, 0x0000000090a00000|  0%| F|  |TAMS 0x0000000090900000, 0x0000000090900000| Untracked 
| 266|0x0000000090a00000, 0x0000000090a00000, 0x0000000090b00000|  0%| F|  |TAMS 0x0000000090a00000, 0x0000000090a00000| Untracked 
| 267|0x0000000090b00000, 0x0000000090b00000, 0x0000000090c00000|  0%| F|  |TAMS 0x0000000090b00000, 0x0000000090b00000| Untracked 
| 268|0x0000000090c00000, 0x0000000090c00000, 0x0000000090d00000|  0%| F|  |TAMS 0x0000000090c00000, 0x0000000090c00000| Untracked 
| 269|0x0000000090d00000, 0x0000000090d00000, 0x0000000090e00000|  0%| F|  |TAMS 0x0000000090d00000, 0x0000000090d00000| Untracked 
| 270|0x0000000090e00000, 0x0000000090e00000, 0x0000000090f00000|  0%| F|  |TAMS 0x0000000090e00000, 0x0000000090e00000| Untracked 
| 271|0x0000000090f00000, 0x0000000090f00000, 0x0000000091000000|  0%| F|  |TAMS 0x0000000090f00000, 0x0000000090f00000| Untracked 
| 272|0x0000000091000000, 0x0000000091000000, 0x0000000091100000|  0%| F|  |TAMS 0x0000000091000000, 0x0000000091000000| Untracked 
| 273|0x0000000091100000, 0x0000000091100000, 0x0000000091200000|  0%| F|  |TAMS 0x0000000091100000, 0x0000000091100000| Untracked 
| 274|0x0000000091200000, 0x0000000091200000, 0x0000000091300000|  0%| F|  |TAMS 0x0000000091200000, 0x0000000091200000| Untracked 
| 275|0x0000000091300000, 0x0000000091300000, 0x0000000091400000|  0%| F|  |TAMS 0x0000000091300000, 0x0000000091300000| Untracked 
| 276|0x0000000091400000, 0x0000000091400000, 0x0000000091500000|  0%| F|  |TAMS 0x0000000091400000, 0x0000000091400000| Untracked 
| 277|0x0000000091500000, 0x0000000091500000, 0x0000000091600000|  0%| F|  |TAMS 0x0000000091500000, 0x0000000091500000| Untracked 
| 278|0x0000000091600000, 0x0000000091600000, 0x0000000091700000|  0%| F|  |TAMS 0x0000000091600000, 0x0000000091600000| Untracked 
| 279|0x0000000091700000, 0x0000000091700000, 0x0000000091800000|  0%| F|  |TAMS 0x0000000091700000, 0x0000000091700000| Untracked 
| 280|0x0000000091800000, 0x0000000091800000, 0x0000000091900000|  0%| F|  |TAMS 0x0000000091800000, 0x0000000091800000| Untracked 
| 281|0x0000000091900000, 0x0000000091900000, 0x0000000091a00000|  0%| F|  |TAMS 0x0000000091900000, 0x0000000091900000| Untracked 
| 282|0x0000000091a00000, 0x0000000091a00000, 0x0000000091b00000|  0%| F|  |TAMS 0x0000000091a00000, 0x0000000091a00000| Untracked 
| 283|0x0000000091b00000, 0x0000000091b00000, 0x0000000091c00000|  0%| F|  |TAMS 0x0000000091b00000, 0x0000000091b00000| Untracked 
| 284|0x0000000091c00000, 0x0000000091c00000, 0x0000000091d00000|  0%| F|  |TAMS 0x0000000091c00000, 0x0000000091c00000| Untracked 
| 285|0x0000000091d00000, 0x0000000091d00000, 0x0000000091e00000|  0%| F|  |TAMS 0x0000000091d00000, 0x0000000091d00000| Untracked 
| 286|0x0000000091e00000, 0x0000000091e00000, 0x0000000091f00000|  0%| F|  |TAMS 0x0000000091e00000, 0x0000000091e00000| Untracked 
| 287|0x0000000091f00000, 0x0000000091f00000, 0x0000000092000000|  0%| F|  |TAMS 0x0000000091f00000, 0x0000000091f00000| Untracked 
| 288|0x0000000092000000, 0x0000000092000000, 0x0000000092100000|  0%| F|  |TAMS 0x0000000092000000, 0x0000000092000000| Untracked 
| 289|0x0000000092100000, 0x0000000092100000, 0x0000000092200000|  0%| F|  |TAMS 0x0000000092100000, 0x0000000092100000| Untracked 
| 290|0x0000000092200000, 0x0000000092200000, 0x0000000092300000|  0%| F|  |TAMS 0x0000000092200000, 0x0000000092200000| Untracked 

Card table byte_map: [0x000001c0781c0000,0x000001c0785c0000] _byte_map_base: 0x000001c077dc0000

Marking Bits (Prev, Next): (CMBitMap*) 0x000001c074945530, (CMBitMap*) 0x000001c074945570
 Prev Bits: [0x000001c0789c0000, 0x000001c07a9c0000)
 Next Bits: [0x000001c07a9c0000, 0x000001c07c9c0000)

Polling page: 0x000001c072690000

Metaspace:

Usage:
  Non-class:    125.11 MB used.
      Class:     18.93 MB used.
       Both:    144.04 MB used.

Virtual space:
  Non-class space:      128.00 MB reserved,     125.88 MB ( 98%) committed,  16 nodes.
      Class space:        1.00 GB reserved,      19.56 MB (  2%) committed,  1 nodes.
             Both:        1.12 GB reserved,     145.44 MB ( 13%) committed. 

Chunk freelists:
   Non-Class:  1.98 MB
       Class:  440.00 KB
        Both:  2.41 MB

MaxMetaspaceSize: unlimited
CompressedClassSpaceSize: 1.00 GB
Initial GC threshold: 21.00 MB
Current GC threshold: 242.19 MB
CDS: off
MetaspaceReclaimPolicy: balanced
 - commit_granule_bytes: 65536.
 - commit_granule_words: 8192.
 - virtual_space_node_default_size: 1048576.
 - enlarge_chunks_in_place: 1.
 - new_chunks_are_fully_committed: 0.
 - uncommit_free_chunks: 1.
 - use_allocation_guard: 0.
 - handle_deallocations: 1.


Internal statistics:

num_allocs_failed_limit: 23.
num_arena_births: 3472.
num_arena_deaths: 1024.
num_vsnodes_births: 17.
num_vsnodes_deaths: 0.
num_space_committed: 2333.
num_space_uncommitted: 8.
num_chunks_returned_to_freelist: 1414.
num_chunks_taken_from_freelist: 9903.
num_chunk_merges: 579.
num_chunk_splits: 5885.
num_chunks_enlarged: 3258.
num_purges: 14.
num_inconsistent_stats: 0.

CodeHeap 'non-profiled nmethods': size=120000Kb used=19705Kb max_used=19705Kb free=100294Kb
 bounds [0x000001c007ad0000, 0x000001c008e10000, 0x000001c00f000000]
CodeHeap 'profiled nmethods': size=120000Kb used=49931Kb max_used=49931Kb free=70068Kb
 bounds [0x000001c000000000, 0x000001c0030d0000, 0x000001c007530000]
CodeHeap 'non-nmethods': size=5760Kb used=2522Kb max_used=2605Kb free=3237Kb
 bounds [0x000001c007530000, 0x000001c0077c0000, 0x000001c007ad0000]
 total_blobs=25321 nmethods=24243 adapters=989
 compilation: enabled
              stopped_count=0, restarted_count=0
 full_count=0

Compilation events (20 events):
Event: 7921.887 Thread 0x000001c07f81def0 nmethod 30204 0x000001c008e07e90 code [0x000001c008e08060, 0x000001c008e087e8]
Event: 7921.887 Thread 0x000001c07f81def0 30205       4       org.gradle.api.internal.DefaultDomainObjectCollection::add (25 bytes)
Event: 7921.925 Thread 0x000001c07f822970 30208       1       com.android.build.gradle.internal.res.LinkApplicationAndroidResourcesTask$TaskWorkActionParameters_Decorated::getModelIdentityDisplayName (5 bytes)
Event: 7921.925 Thread 0x000001c07f822970 nmethod 30208 0x000001c008e08c90 code [0x000001c008e08e20, 0x000001c008e08ef8]
Event: 7921.926 Thread 0x000001c07f822970 30209       1       org.gradle.api.internal.file.collections.DefaultConfigurableFileCollection::isImmutable (2 bytes)
Event: 7921.927 Thread 0x000001c07f822970 nmethod 30209 0x000001c008e08f90 code [0x000001c008e09120, 0x000001c008e091f8]
Event: 7921.927 Thread 0x000001c07f822970 30210       1       org.gradle.api.internal.file.collections.DefaultConfigurableFileCollection::publicType (3 bytes)
Event: 7921.927 Thread 0x000001c07f822970 nmethod 30210 0x000001c008e09290 code [0x000001c008e09420, 0x000001c008e094f8]
Event: 7921.949 Thread 0x000001c07f822970 30211       1       kotlin.io.LinesSequence::access$getReader$p (5 bytes)
Event: 7921.949 Thread 0x000001c07f822970 nmethod 30211 0x000001c008e09590 code [0x000001c008e09720, 0x000001c008e097d8]
Event: 7921.949 Thread 0x000001c07f822970 30212       3       kotlin.io.LinesSequence$iterator$1::hasNext (53 bytes)
Event: 7921.951 Thread 0x000001c07f822970 nmethod 30212 0x000001c0030c2310 code [0x000001c0030c24c0, 0x000001c0030c2828]
Event: 7921.954 Thread 0x000001c07f81def0 nmethod 30205 0x000001c008e09890 code [0x000001c008e09a80, 0x000001c008e0a498]
Event: 7921.954 Thread 0x000001c07f81def0 30207       4       org.gradle.internal.component.external.model.DefaultConfigurationMetadata::getAttributes (28 bytes)
Event: 7922.000 Thread 0x000001c07f81def0 nmethod 30207 0x000001c008e0ac90 code [0x000001c008e0af00, 0x000001c008e0b770]
Event: 7922.000 Thread 0x000001c07f81def0 30206       4       org.gradle.api.internal.artifacts.ivyservice.resolveengine.graph.builder.ResolveState$$Lambda$655/0x00000001006e87b0::apply (20 bytes)
Event: 7922.138 Thread 0x000001c07f81def0 nmethod 30206 0x000001c008e0c110 code [0x000001c008e0c320, 0x000001c008e0dc98]
Event: 7922.641 Thread 0x000001c07f822970 30213       3       sun.nio.cs.StreamEncoder::implFlushBuffer (15 bytes)
Event: 7922.642 Thread 0x000001c07f822970 nmethod 30213 0x000001c0030c2990 code [0x000001c0030c2b40, 0x000001c0030c2ce8]
Event: 7926.677 Thread 0x000001c07f81def0 30214       4       java.util.Comparator$$Lambda$1289/0x0000000100de2700::compare (10 bytes)

GC Heap History (20 events):
Event: 7592.733 GC heap after
{Heap after GC invocations=101 (full 0):
 garbage-first heap   total 297984K, used 135015K [0x0000000080000000, 0x0000000100000000)
  region size 1024K, 2 young (2048K), 2 survivors (2048K)
 Metaspace       used 146202K, committed 147712K, reserved 1179648K
  class space    used 19292K, committed 19968K, reserved 1048576K
}
Event: 7618.820 GC heap before
{Heap before GC invocations=101 (full 0):
 garbage-first heap   total 297984K, used 233319K [0x0000000080000000, 0x0000000100000000)
  region size 1024K, 100 young (102400K), 2 survivors (2048K)
 Metaspace       used 146641K, committed 147968K, reserved 1179648K
  class space    used 19349K, committed 19968K, reserved 1048576K
}
Event: 7618.860 GC heap after
{Heap after GC invocations=102 (full 0):
 garbage-first heap   total 297984K, used 137063K [0x0000000080000000, 0x0000000100000000)
  region size 1024K, 4 young (4096K), 4 survivors (4096K)
 Metaspace       used 146641K, committed 147968K, reserved 1179648K
  class space    used 19349K, committed 19968K, reserved 1048576K
}
Event: 7625.521 GC heap before
{Heap before GC invocations=103 (full 0):
 garbage-first heap   total 297984K, used 246631K [0x0000000080000000, 0x0000000100000000)
  region size 1024K, 107 young (109568K), 4 survivors (4096K)
 Metaspace       used 147124K, committed 148416K, reserved 1179648K
  class space    used 19355K, committed 19968K, reserved 1048576K
}
Event: 7625.572 GC heap after
{Heap after GC invocations=104 (full 0):
 garbage-first heap   total 297984K, used 141000K [0x0000000080000000, 0x0000000100000000)
  region size 1024K, 8 young (8192K), 8 survivors (8192K)
 Metaspace       used 147124K, committed 148416K, reserved 1179648K
  class space    used 19355K, committed 19968K, reserved 1048576K
}
Event: 7625.709 GC heap before
{Heap before GC invocations=104 (full 0):
 garbage-first heap   total 297984K, used 147144K [0x0000000080000000, 0x0000000100000000)
  region size 1024K, 14 young (14336K), 8 survivors (8192K)
 Metaspace       used 147158K, committed 148480K, reserved 1179648K
  class space    used 19355K, committed 19968K, reserved 1048576K
}
Event: 7625.820 GC heap after
{Heap after GC invocations=105 (full 0):
 garbage-first heap   total 297984K, used 133153K [0x0000000080000000, 0x0000000100000000)
  region size 1024K, 2 young (2048K), 2 survivors (2048K)
 Metaspace       used 147158K, committed 148480K, reserved 1179648K
  class space    used 19355K, committed 19968K, reserved 1048576K
}
Event: 7626.331 GC heap before
{Heap before GC invocations=105 (full 0):
 garbage-first heap   total 297984K, used 141345K [0x0000000080000000, 0x0000000100000000)
  region size 1024K, 12 young (12288K), 2 survivors (2048K)
 Metaspace       used 147161K, committed 148480K, reserved 1179648K
  class space    used 19355K, committed 19968K, reserved 1048576K
}
Event: 7626.347 GC heap after
{Heap after GC invocations=106 (full 0):
 garbage-first heap   total 297984K, used 135137K [0x0000000080000000, 0x0000000100000000)
  region size 1024K, 4 young (4096K), 4 survivors (4096K)
 Metaspace       used 147161K, committed 148480K, reserved 1179648K
  class space    used 19355K, committed 19968K, reserved 1048576K
}
Event: 7914.843 GC heap before
{Heap before GC invocations=107 (full 0):
 garbage-first heap   total 297984K, used 230369K [0x0000000080000000, 0x0000000100000000)
  region size 1024K, 97 young (99328K), 4 survivors (4096K)
 Metaspace       used 147371K, committed 148800K, reserved 1179648K
  class space    used 19378K, committed 20032K, reserved 1048576K
}
Event: 7914.902 GC heap after
{Heap after GC invocations=108 (full 0):
 garbage-first heap   total 297984K, used 139744K [0x0000000080000000, 0x0000000100000000)
  region size 1024K, 9 young (9216K), 9 survivors (9216K)
 Metaspace       used 147371K, committed 148800K, reserved 1179648K
  class space    used 19378K, committed 20032K, reserved 1048576K
}
Event: 7915.050 GC heap before
{Heap before GC invocations=108 (full 0):
 garbage-first heap   total 297984K, used 146912K [0x0000000080000000, 0x0000000100000000)
  region size 1024K, 14 young (14336K), 9 survivors (9216K)
 Metaspace       used 147372K, committed 148800K, reserved 1179648K
  class space    used 19378K, committed 20032K, reserved 1048576K
}
Event: 7915.127 GC heap after
{Heap after GC invocations=109 (full 0):
 garbage-first heap   total 297984K, used 143215K [0x0000000080000000, 0x0000000100000000)
  region size 1024K, 2 young (2048K), 2 survivors (2048K)
 Metaspace       used 147372K, committed 148800K, reserved 1179648K
  class space    used 19378K, committed 20032K, reserved 1048576K
}
Event: 7916.229 GC heap before
{Heap before GC invocations=109 (full 0):
 garbage-first heap   total 297984K, used 172911K [0x0000000080000000, 0x0000000100000000)
  region size 1024K, 32 young (32768K), 2 survivors (2048K)
 Metaspace       used 147406K, committed 148800K, reserved 1179648K
  class space    used 19379K, committed 20032K, reserved 1048576K
}
Event: 7916.285 GC heap after
{Heap after GC invocations=110 (full 0):
 garbage-first heap   total 297984K, used 158658K [0x0000000080000000, 0x0000000100000000)
  region size 1024K, 12 young (12288K), 12 survivors (12288K)
 Metaspace       used 147406K, committed 148800K, reserved 1179648K
  class space    used 19379K, committed 20032K, reserved 1048576K
}
Event: 7919.009 GC heap before
{Heap before GC invocations=111 (full 0):
 garbage-first heap   total 297984K, used 237506K [0x0000000080000000, 0x0000000100000000)
  region size 1024K, 64 young (65536K), 12 survivors (12288K)
 Metaspace       used 147442K, committed 148864K, reserved 1179648K
  class space    used 19381K, committed 20032K, reserved 1048576K
}
Event: 7919.120 GC heap after
{Heap after GC invocations=112 (full 0):
 garbage-first heap   total 297984K, used 162343K [0x0000000080000000, 0x0000000100000000)
  region size 1024K, 6 young (6144K), 6 survivors (6144K)
 Metaspace       used 147442K, committed 148864K, reserved 1179648K
  class space    used 19381K, committed 20032K, reserved 1048576K
}
Event: 7919.446 GC heap before
{Heap before GC invocations=112 (full 0):
 garbage-first heap   total 297984K, used 170535K [0x0000000080000000, 0x0000000100000000)
  region size 1024K, 14 young (14336K), 6 survivors (6144K)
 Metaspace       used 147454K, committed 148864K, reserved 1179648K
  class space    used 19381K, committed 20032K, reserved 1048576K
}
Event: 7919.538 GC heap after
{Heap after GC invocations=113 (full 0):
 garbage-first heap   total 297984K, used 148350K [0x0000000080000000, 0x0000000100000000)
  region size 1024K, 2 young (2048K), 2 survivors (2048K)
 Metaspace       used 147454K, committed 148864K, reserved 1179648K
  class space    used 19381K, committed 20032K, reserved 1048576K
}
Event: 7926.727 GC heap before
{Heap before GC invocations=113 (full 0):
 garbage-first heap   total 297984K, used 211838K [0x0000000080000000, 0x0000000100000000)
  region size 1024K, 64 young (65536K), 2 survivors (2048K)
 Metaspace       used 147497K, committed 148928K, reserved 1179648K
  class space    used 19381K, committed 20032K, reserved 1048576K
}

Dll operation events (2 events):
Event: 0.042 Loaded shared library E:\Program Files\Android\Android Studio\jbr\bin\java.dll
Event: 2.618 Loaded shared library E:\Program Files\Android\Android Studio\jbr\bin\verify.dll

Deoptimization events (20 events):
Event: 7920.716 Thread 0x000001c0113aaa00 Uncommon trap: trap_request=0xffffffde fr.pc=0x000001c008ae220c relative=0x00000000000001cc
Event: 7920.716 Thread 0x000001c0113aaa00 Uncommon trap: reason=class_check action=maybe_recompile pc=0x000001c008ae220c method=kotlin.comparisons.ComparisonsKt__ComparisonsKt.compareValuesByImpl$ComparisonsKt__ComparisonsKt(Ljava/lang/Object;Ljava/lang/Object;[Lkotlin/jvm/functions/Function1;)I 
Event: 7920.716 Thread 0x000001c0113aaa00 DEOPT PACKING pc=0x000001c008ae220c sp=0x0000009c589fd950
Event: 7920.716 Thread 0x000001c0113aaa00 DEOPT UNPACKING pc=0x000001c00758699d sp=0x0000009c589fd7e0 mode 2
Event: 7920.716 Thread 0x000001c0113aaa00 Uncommon trap: trap_request=0xffffffde fr.pc=0x000001c008ae220c relative=0x00000000000001cc
Event: 7920.716 Thread 0x000001c0113aaa00 Uncommon trap: reason=class_check action=maybe_recompile pc=0x000001c008ae220c method=kotlin.comparisons.ComparisonsKt__ComparisonsKt.compareValuesByImpl$ComparisonsKt__ComparisonsKt(Ljava/lang/Object;Ljava/lang/Object;[Lkotlin/jvm/functions/Function1;)I 
Event: 7920.716 Thread 0x000001c0113aaa00 DEOPT PACKING pc=0x000001c008ae220c sp=0x0000009c589fd950
Event: 7920.716 Thread 0x000001c0113aaa00 DEOPT UNPACKING pc=0x000001c00758699d sp=0x0000009c589fd7e0 mode 2
Event: 7920.716 Thread 0x000001c0113aaa00 Uncommon trap: trap_request=0xffffffde fr.pc=0x000001c008ae220c relative=0x00000000000001cc
Event: 7920.716 Thread 0x000001c0113aaa00 Uncommon trap: reason=class_check action=maybe_recompile pc=0x000001c008ae220c method=kotlin.comparisons.ComparisonsKt__ComparisonsKt.compareValuesByImpl$ComparisonsKt__ComparisonsKt(Ljava/lang/Object;Ljava/lang/Object;[Lkotlin/jvm/functions/Function1;)I 
Event: 7920.716 Thread 0x000001c0113aaa00 DEOPT PACKING pc=0x000001c008ae220c sp=0x0000009c589fd950
Event: 7920.716 Thread 0x000001c0113aaa00 DEOPT UNPACKING pc=0x000001c00758699d sp=0x0000009c589fd7e0 mode 2
Event: 7920.716 Thread 0x000001c0113aaa00 Uncommon trap: trap_request=0xffffffde fr.pc=0x000001c008ae2bf0 relative=0x00000000000001b0
Event: 7920.717 Thread 0x000001c0113aaa00 Uncommon trap: reason=class_check action=maybe_recompile pc=0x000001c008ae2bf0 method=kotlin.comparisons.ComparisonsKt__ComparisonsKt.compareValuesByImpl$ComparisonsKt__ComparisonsKt(Ljava/lang/Object;Ljava/lang/Object;[Lkotlin/jvm/functions/Function1;)I 
Event: 7920.717 Thread 0x000001c0113aaa00 DEOPT PACKING pc=0x000001c008ae2bf0 sp=0x0000009c589fd800
Event: 7920.717 Thread 0x000001c0113aaa00 DEOPT UNPACKING pc=0x000001c00758699d sp=0x0000009c589fd780 mode 2
Event: 7926.689 Thread 0x000001c01b62ea20 DEOPT PACKING pc=0x000001c002591c28 sp=0x0000009c58bfd660
Event: 7926.689 Thread 0x000001c01b62ea20 DEOPT UNPACKING pc=0x000001c007587124 sp=0x0000009c58bfcbf8 mode 0
Event: 7926.721 Thread 0x000001c01b62ea20 DEOPT PACKING pc=0x000001c002591d90 sp=0x0000009c58bfcf90
Event: 7926.722 Thread 0x000001c01b62ea20 DEOPT UNPACKING pc=0x000001c007587124 sp=0x0000009c58bfc528 mode 0

Classes unloaded (20 events):
Event: 7580.701 Thread 0x000001c07eda17d0 Unloading class 0x0000000101289400 'java/lang/invoke/LambdaForm$MH+0x0000000101289400'
Event: 7580.701 Thread 0x000001c07eda17d0 Unloading class 0x0000000101289000 'java/lang/invoke/LambdaForm$MH+0x0000000101289000'
Event: 7580.701 Thread 0x000001c07eda17d0 Unloading class 0x0000000101288c00 'java/lang/invoke/LambdaForm$MH+0x0000000101288c00'
Event: 7580.701 Thread 0x000001c07eda17d0 Unloading class 0x0000000100e44400 'jdk/internal/reflect/GeneratedSerializationConstructorAccessor109'
Event: 7580.701 Thread 0x000001c07eda17d0 Unloading class 0x00000001008b8400 'java/lang/invoke/LambdaForm$MH+0x00000001008b8400'
Event: 7580.701 Thread 0x000001c07eda17d0 Unloading class 0x00000001008b8000 'java/lang/invoke/LambdaForm$MH+0x00000001008b8000'
Event: 7580.701 Thread 0x000001c07eda17d0 Unloading class 0x0000000100891c00 'java/lang/invoke/LambdaForm$MH+0x0000000100891c00'
Event: 7580.701 Thread 0x000001c07eda17d0 Unloading class 0x0000000100589000 'java/lang/invoke/LambdaForm$MH+0x0000000100589000'
Event: 7580.701 Thread 0x000001c07eda17d0 Unloading class 0x0000000100192800 'java/lang/invoke/LambdaForm$MH+0x0000000100192800'
Event: 7580.701 Thread 0x000001c07eda17d0 Unloading class 0x0000000100192000 'java/lang/invoke/LambdaForm$MH+0x0000000100192000'
Event: 7580.702 Thread 0x000001c07eda17d0 Unloading class 0x0000000100191c00 'java/lang/invoke/LambdaForm$MH+0x0000000100191c00'
Event: 7580.702 Thread 0x000001c07eda17d0 Unloading class 0x0000000100191800 'java/lang/invoke/LambdaForm$MH+0x0000000100191800'
Event: 7580.702 Thread 0x000001c07eda17d0 Unloading class 0x0000000100191400 'java/lang/invoke/LambdaForm$MH+0x0000000100191400'
Event: 7580.702 Thread 0x000001c07eda17d0 Unloading class 0x0000000100190c00 'java/lang/invoke/LambdaForm$MH+0x0000000100190c00'
Event: 7619.567 Thread 0x000001c07eda17d0 Unloading class 0x0000000101383000 'jdk/internal/reflect/GeneratedMethodAccessor619'
Event: 7619.567 Thread 0x000001c07eda17d0 Unloading class 0x0000000101382400 'jdk/internal/reflect/GeneratedMethodAccessor618'
Event: 7619.568 Thread 0x000001c07eda17d0 Unloading class 0x0000000101382000 'jdk/internal/reflect/GeneratedMethodAccessor617'
Event: 7619.568 Thread 0x000001c07eda17d0 Unloading class 0x0000000101381400 'jdk/internal/reflect/GeneratedMethodAccessor615'
Event: 7619.568 Thread 0x000001c07eda17d0 Unloading class 0x0000000101381000 'jdk/internal/reflect/GeneratedMethodAccessor614'
Event: 7627.278 Thread 0x000001c07eda17d0 Unloading class 0x00000001012dd000 'jdk/internal/reflect/GeneratedSerializationConstructorAccessor365'

Classes redefined (0 events):
No events

Internal exceptions (20 events):
Event: 7914.007 Thread 0x000001c01b62d6e0 Exception <a 'sun/nio/fs/WindowsException'{0x000000008cf074f8}> (0x000000008cf074f8) 
thrown [s\src\hotspot\share\prims\jni.cpp, line 517]
Event: 7914.034 Thread 0x000001c01b62d6e0 Exception <a 'sun/nio/fs/WindowsException'{0x000000008cfa2788}> (0x000000008cfa2788) 
thrown [s\src\hotspot\share\prims\jni.cpp, line 517]
Event: 7914.035 Thread 0x000001c01b62d6e0 Exception <a 'sun/nio/fs/WindowsException'{0x000000008cfa39f8}> (0x000000008cfa39f8) 
thrown [s\src\hotspot\share\prims\jni.cpp, line 517]
Event: 7914.036 Thread 0x000001c01b62d6e0 Exception <a 'sun/nio/fs/WindowsException'{0x000000008cfa4cb8}> (0x000000008cfa4cb8) 
thrown [s\src\hotspot\share\prims\jni.cpp, line 517]
Event: 7914.036 Thread 0x000001c01b62d6e0 Exception <a 'sun/nio/fs/WindowsException'{0x000000008cfa5f78}> (0x000000008cfa5f78) 
thrown [s\src\hotspot\share\prims\jni.cpp, line 517]
Event: 7914.320 Thread 0x000001c0168fb860 Exception <a 'sun/nio/fs/WindowsException'{0x000000008ca2ee68}> (0x000000008ca2ee68) 
thrown [s\src\hotspot\share\prims\jni.cpp, line 517]
Event: 7914.821 Thread 0x000001c0168fb390 Exception <a 'sun/nio/fs/WindowsException'{0x000000008c2531f0}> (0x000000008c2531f0) 
thrown [s\src\hotspot\share\prims\jni.cpp, line 517]
Event: 7914.821 Thread 0x000001c0168fb390 Exception <a 'sun/nio/fs/WindowsException'{0x000000008c2535a0}> (0x000000008c2535a0) 
thrown [s\src\hotspot\share\prims\jni.cpp, line 517]
Event: 7916.173 Thread 0x000001c0168fb390 Implicit null exception at 0x000001c0088c086a to 0x000001c0088c10a0
Event: 7918.041 Thread 0x000001c0168fb390 Implicit null exception at 0x000001c008a0445f to 0x000001c008a09078
Event: 7918.494 Thread 0x000001c0168fb390 Exception <a 'java/lang/NoSuchMethodError'{0x000000008eeae6e8}: static Ljava/lang/Object;.<clinit>()V> (0x000000008eeae6e8) 
thrown [s\src\hotspot\share\prims\jni.cpp, line 1108]
Event: 7918.499 Thread 0x000001c0168fb390 Exception <a 'java/lang/NoSuchMethodError'{0x000000008eec18b8}: static Ljava/lang/Object;.<clinit>()V> (0x000000008eec18b8) 
thrown [s\src\hotspot\share\prims\jni.cpp, line 1108]
Event: 7918.504 Thread 0x000001c0168fb390 Exception <a 'java/lang/NoSuchMethodError'{0x000000008eed5650}: static Ljava/lang/Object;.<clinit>()V> (0x000000008eed5650) 
thrown [s\src\hotspot\share\prims\jni.cpp, line 1108]
Event: 7919.225 Thread 0x000001c0168fa520 Exception <a 'sun/nio/fs/WindowsException'{0x000000009206ad20}> (0x000000009206ad20) 
thrown [s\src\hotspot\share\prims\jni.cpp, line 517]
Event: 7919.870 Thread 0x000001c01b648a20 Exception <a 'sun/nio/fs/WindowsException'{0x0000000091457540}> (0x0000000091457540) 
thrown [s\src\hotspot\share\prims\jni.cpp, line 517]
Event: 7919.899 Thread 0x000001c01b648a20 Exception <a 'sun/nio/fs/WindowsException'{0x0000000091308540}> (0x0000000091308540) 
thrown [s\src\hotspot\share\prims\jni.cpp, line 517]
Event: 7921.936 Thread 0x000001c01b62ea20 Exception <a 'sun/nio/fs/WindowsException'{0x000000008ee5fe18}> (0x000000008ee5fe18) 
thrown [s\src\hotspot\share\prims\jni.cpp, line 517]
Event: 7921.936 Thread 0x000001c01b62ea20 Exception <a 'sun/nio/fs/WindowsException'{0x000000008ee601e8}> (0x000000008ee601e8) 
thrown [s\src\hotspot\share\prims\jni.cpp, line 517]
Event: 7921.938 Thread 0x000001c01b62ea20 Exception <a 'sun/nio/fs/WindowsException'{0x000000008ee61190}> (0x000000008ee61190) 
thrown [s\src\hotspot\share\prims\jni.cpp, line 517]
Event: 7921.938 Thread 0x000001c01b62ea20 Exception <a 'sun/nio/fs/WindowsException'{0x000000008ee61550}> (0x000000008ee61550) 
thrown [s\src\hotspot\share\prims\jni.cpp, line 517]

VM Operations (20 events):
Event: 7914.928 Executing VM operation: G1CollectForAllocation done
Event: 7915.049 Executing VM operation: G1CollectForAllocation
Event: 7915.127 Executing VM operation: G1CollectForAllocation done
Event: 7916.229 Executing VM operation: G1TryInitiateConcMark
Event: 7916.289 Executing VM operation: G1TryInitiateConcMark done
Event: 7917.305 Executing VM operation: G1Concurrent
Event: 7917.373 Executing VM operation: G1Concurrent done
Event: 7917.830 Executing VM operation: G1Concurrent
Event: 7917.831 Executing VM operation: G1Concurrent done
Event: 7918.831 Executing VM operation: Cleanup
Event: 7918.832 Executing VM operation: Cleanup done
Event: 7919.009 Executing VM operation: G1CollectForAllocation
Event: 7919.123 Executing VM operation: G1CollectForAllocation done
Event: 7919.446 Executing VM operation: G1CollectForAllocation
Event: 7919.552 Executing VM operation: G1CollectForAllocation done
Event: 7920.552 Executing VM operation: Cleanup
Event: 7920.552 Executing VM operation: Cleanup done
Event: 7922.553 Executing VM operation: Cleanup
Event: 7922.553 Executing VM operation: Cleanup done
Event: 7926.727 Executing VM operation: G1CollectForAllocation

Events (20 events):
Event: 7912.410 Thread 0x000001c013243070 Thread added: 0x000001c013243070
Event: 7912.410 Thread 0x000001c013243ee0 Thread added: 0x000001c013243ee0
Event: 7912.411 Thread 0x000001c013243540 Thread added: 0x000001c013243540
Event: 7912.569 Thread 0x000001c0113ac210 Thread added: 0x000001c0113ac210
Event: 7912.616 Thread 0x000001c019bbf9f0 Thread added: 0x000001c019bbf9f0
Event: 7912.870 Thread 0x000001c01b62dbb0 Thread added: 0x000001c01b62dbb0
Event: 7912.890 Thread 0x000001c01b62e080 Thread added: 0x000001c01b62e080
Event: 7914.275 Thread 0x000001c0168fb390 Thread added: 0x000001c0168fb390
Event: 7914.277 Thread 0x000001c0168fa520 Thread added: 0x000001c0168fa520
Event: 7914.278 Thread 0x000001c0168fb860 Thread added: 0x000001c0168fb860
Event: 7914.278 Thread 0x000001c01b648a20 Thread added: 0x000001c01b648a20
Event: 7914.282 Thread 0x000001c0113ab3a0 Thread added: 0x000001c0113ab3a0
Event: 7918.525 Thread 0x000001c0113aaa00 Thread added: 0x000001c0113aaa00
Event: 7918.528 Thread 0x000001c014922550 Thread added: 0x000001c014922550
Event: 7918.947 Thread 0x000001c01b62ea20 Thread added: 0x000001c01b62ea20
Event: 7921.629 Thread 0x000001c019bbf9f0 Thread exited: 0x000001c019bbf9f0
Event: 7921.928 Thread 0x000001c01491f530 Thread added: 0x000001c01491f530
Event: 7921.950 Thread 0x000001c011f1c060 Thread added: 0x000001c011f1c060
Event: 7921.961 Thread 0x000001c011f1e6e0 Thread added: 0x000001c011f1e6e0
Event: 7921.962 Thread 0x000001c011f1e210 Thread added: 0x000001c011f1e210


Dynamic libraries:
0x00007ff78dea0000 - 0x00007ff78deaa000 	E:\Program Files\Android\Android Studio\jbr\bin\java.exe
0x00007ffb01bd0000 - 0x00007ffb01dc8000 	C:\Windows\SYSTEM32\ntdll.dll
0x00007ffb003b0000 - 0x00007ffb0046f000 	C:\Windows\System32\KERNEL32.DLL
0x00007ffaff330000 - 0x00007ffaff60a000 	C:\Windows\System32\KERNELBASE.dll
0x00007ffaff950000 - 0x00007ffaffa50000 	C:\Windows\System32\ucrtbase.dll
0x00007ffaedd10000 - 0x00007ffaedd27000 	E:\Program Files\Android\Android Studio\jbr\bin\jli.dll
0x00007ffafa2d0000 - 0x00007ffafa2eb000 	E:\Program Files\Android\Android Studio\jbr\bin\VCRUNTIME140.dll
0x00007ffb018d0000 - 0x00007ffb01a6d000 	C:\Windows\System32\USER32.dll
0x00007ffaffa50000 - 0x00007ffaffa72000 	C:\Windows\System32\win32u.dll
0x00007ffaeed50000 - 0x00007ffaeefea000 	C:\Windows\WinSxS\amd64_microsoft.windows.common-controls_6595b64144ccf1df_6.0.19041.1110_none_60b5254171f9507e\COMCTL32.dll
0x00007ffb00c60000 - 0x00007ffb00c8b000 	C:\Windows\System32\GDI32.dll
0x00007ffb00e30000 - 0x00007ffb00ece000 	C:\Windows\System32\msvcrt.dll
0x00007ffaffa80000 - 0x00007ffaffb90000 	C:\Windows\System32\gdi32full.dll
0x00007ffaffb90000 - 0x00007ffaffc2d000 	C:\Windows\System32\msvcp_win.dll
0x00007ffb00e00000 - 0x00007ffb00e30000 	C:\Windows\System32\IMM32.DLL
0x00007ffaf93c0000 - 0x00007ffaf93cc000 	E:\Program Files\Android\Android Studio\jbr\bin\vcruntime140_1.dll
0x00007ffae0ee0000 - 0x00007ffae0f6d000 	E:\Program Files\Android\Android Studio\jbr\bin\msvcp140.dll
0x00007ffac3b00000 - 0x00007ffac476e000 	E:\Program Files\Android\Android Studio\jbr\bin\server\jvm.dll
0x00007ffb00cf0000 - 0x00007ffb00d9e000 	C:\Windows\System32\ADVAPI32.dll
0x00007ffaffc30000 - 0x00007ffaffccc000 	C:\Windows\System32\sechost.dll
0x00007ffb01620000 - 0x00007ffb01746000 	C:\Windows\System32\RPCRT4.dll
0x00007ffafad20000 - 0x00007ffafad29000 	C:\Windows\SYSTEM32\WSOCK32.dll
0x00007ffaf0c00000 - 0x00007ffaf0c0a000 	C:\Windows\SYSTEM32\VERSION.dll
0x00007ffb01860000 - 0x00007ffb018cb000 	C:\Windows\System32\WS2_32.dll
0x00007ffaf0e40000 - 0x00007ffaf0e67000 	C:\Windows\SYSTEM32\WINMM.dll
0x00007ffafd1a0000 - 0x00007ffafd1b2000 	C:\Windows\SYSTEM32\kernel.appcore.dll
0x00007ffaf4a00000 - 0x00007ffaf4a0a000 	E:\Program Files\Android\Android Studio\jbr\bin\jimage.dll
0x00007ffaf0ec0000 - 0x00007ffaf10a4000 	C:\Windows\SYSTEM32\DBGHELP.DLL
0x00007ffaf0d30000 - 0x00007ffaf0d64000 	C:\Windows\SYSTEM32\dbgcore.DLL
0x00007ffaff8c0000 - 0x00007ffaff942000 	C:\Windows\System32\bcryptPrimitives.dll
0x00007ffaf2f50000 - 0x00007ffaf2f75000 	E:\Program Files\Android\Android Studio\jbr\bin\java.dll
0x00007ffaf2f30000 - 0x00007ffaf2f48000 	E:\Program Files\Android\Android Studio\jbr\bin\zip.dll
0x00007ffb00ed0000 - 0x00007ffb01614000 	C:\Windows\System32\SHELL32.dll
0x00007ffafd3a0000 - 0x00007ffafdb33000 	C:\Windows\SYSTEM32\windows.storage.dll
0x00007ffafffc0000 - 0x00007ffb00314000 	C:\Windows\System32\combase.dll
0x00007ffafed40000 - 0x00007ffafed6e000 	C:\Windows\SYSTEM32\Wldp.dll
0x00007ffb00aa0000 - 0x00007ffb00b4d000 	C:\Windows\System32\SHCORE.dll
0x00007ffaffce0000 - 0x00007ffaffd35000 	C:\Windows\System32\shlwapi.dll
0x00007ffaff220000 - 0x00007ffaff23f000 	C:\Windows\SYSTEM32\profapi.dll
0x00007ffaf2d80000 - 0x00007ffaf2d99000 	E:\Program Files\Android\Android Studio\jbr\bin\net.dll
0x00007ffaf77e0000 - 0x00007ffaf78ea000 	C:\Windows\SYSTEM32\WINHTTP.dll
0x00007ffafeaa0000 - 0x00007ffafeb0a000 	C:\Windows\system32\mswsock.dll
0x00007ffaede60000 - 0x00007ffaede76000 	E:\Program Files\Android\Android Studio\jbr\bin\nio.dll
0x00007ffaf0e70000 - 0x00007ffaf0e80000 	E:\Program Files\Android\Android Studio\jbr\bin\verify.dll
0x00007ffaeec40000 - 0x00007ffaeec67000 	C:\Users\Brunel\.gradle\native\68d5fa5c4cc2d200863cafc0d521ce42e7d3e7ee720ec0a83991735586a16f82\windows-amd64\native-platform.dll
0x00007ffabc080000 - 0x00007ffabc1c4000 	C:\Users\Brunel\.gradle\native\e376f236ea51e6404a007f0833ffe2c6e607c4080706a723a18a27aeea778392\windows-amd64\native-platform-file-events.dll
0x00007ffaf0d70000 - 0x00007ffaf0d79000 	E:\Program Files\Android\Android Studio\jbr\bin\management.dll
0x00007ffaef5f0000 - 0x00007ffaef5fb000 	E:\Program Files\Android\Android Studio\jbr\bin\management_ext.dll
0x00007ffaffcd0000 - 0x00007ffaffcd8000 	C:\Windows\System32\PSAPI.DLL
0x00007ffafec90000 - 0x00007ffafeca8000 	C:\Windows\SYSTEM32\CRYPTSP.dll
0x00007ffafe350000 - 0x00007ffafe384000 	C:\Windows\system32\rsaenh.dll
0x00007ffaff730000 - 0x00007ffaff757000 	C:\Windows\System32\bcrypt.dll
0x00007ffaff1a0000 - 0x00007ffaff1ce000 	C:\Windows\SYSTEM32\USERENV.dll
0x00007ffafecb0000 - 0x00007ffafecbc000 	C:\Windows\SYSTEM32\CRYPTBASE.dll
0x00007ffafe740000 - 0x00007ffafe77c000 	C:\Windows\SYSTEM32\IPHLPAPI.DLL
0x00007ffb01830000 - 0x00007ffb01838000 	C:\Windows\System32\NSI.dll
0x00007ffaf7c30000 - 0x00007ffaf7c47000 	C:\Windows\SYSTEM32\dhcpcsvc6.DLL
0x00007ffaf8b60000 - 0x00007ffaf8b7d000 	C:\Windows\SYSTEM32\dhcpcsvc.DLL
0x00007ffafe780000 - 0x00007ffafe84b000 	C:\Windows\SYSTEM32\DNSAPI.dll
0x00007ffaef440000 - 0x00007ffaef447000 	C:\Windows\system32\wshunix.dll
0x00007ffaf51b0000 - 0x00007ffaf51ba000 	C:\Windows\System32\rasadhlp.dll
0x00007ffaef760000 - 0x00007ffaef777000 	C:\Windows\system32\napinsp.dll
0x00007ffaef740000 - 0x00007ffaef75b000 	C:\Windows\system32\pnrpnsp.dll
0x00007ffaef5d0000 - 0x00007ffaef5e5000 	C:\Windows\system32\wshbth.dll
0x00007ffafac30000 - 0x00007ffafac4d000 	C:\Windows\system32\NLAapi.dll
0x00007ffaef5b0000 - 0x00007ffaef5c2000 	C:\Windows\System32\winrnr.dll
0x00007ffaf5970000 - 0x00007ffaf59f0000 	C:\Windows\System32\fwpuclnt.dll
0x00007ffafad10000 - 0x00007ffafad17000 	E:\Program Files\Android\Android Studio\jbr\bin\rmi.dll
0x00007ffafe470000 - 0x00007ffafe4a3000 	C:\Windows\SYSTEM32\ntmarta.dll
0x00007ffad7cf0000 - 0x00007ffad7d0e000 	C:\Users\Brunel\AppData\Local\Temp\native-platform5361384263704387153dir\native-platform.dll

dbghelp: loaded successfully - version: 4.0.5 - missing functions: none
symbol engine: initialized successfully - sym options: 0x614 - pdb path: .;E:\Program Files\Android\Android Studio\jbr\bin;C:\Windows\SYSTEM32;C:\Windows\WinSxS\amd64_microsoft.windows.common-controls_6595b64144ccf1df_6.0.19041.1110_none_60b5254171f9507e;E:\Program Files\Android\Android Studio\jbr\bin\server;C:\Users\Brunel\.gradle\native\68d5fa5c4cc2d200863cafc0d521ce42e7d3e7ee720ec0a83991735586a16f82\windows-amd64;C:\Users\Brunel\.gradle\native\e376f236ea51e6404a007f0833ffe2c6e607c4080706a723a18a27aeea778392\windows-amd64;C:\Users\Brunel\AppData\Local\Temp\native-platform5361384263704387153dir

VM Arguments:
jvm_args: --add-opens=java.base/java.util=ALL-UNNAMED --add-opens=java.base/java.lang=ALL-UNNAMED --add-opens=java.base/java.lang.invoke=ALL-UNNAMED --add-opens=java.prefs/java.util.prefs=ALL-UNNAMED --add-opens=java.base/java.nio.charset=ALL-UNNAMED --add-opens=java.base/java.net=ALL-UNNAMED --add-opens=java.base/java.util.concurrent.atomic=ALL-UNNAMED -Xmx2048m -Dfile.encoding=UTF-8 -Duser.country=FR -Duser.language=fr -Duser.variant 
java_command: org.gradle.launcher.daemon.bootstrap.GradleDaemon 8.0
java_class_path (initial): C:\Users\Brunel\.gradle\wrapper\dists\gradle-8.0-bin\ca5e32bp14vu59qr306oxotwh\gradle-8.0\lib\gradle-launcher-8.0.jar
Launcher Type: SUN_STANDARD

[Global flags]
     intx CICompilerCount                          = 3                                         {product} {ergonomic}
     uint ConcGCThreads                            = 1                                         {product} {ergonomic}
     uint G1ConcRefinementThreads                  = 4                                         {product} {ergonomic}
   size_t G1HeapRegionSize                         = 1048576                                   {product} {ergonomic}
    uintx GCDrainStackTargetSize                   = 64                                        {product} {ergonomic}
   size_t InitialHeapSize                          = 130023424                                 {product} {ergonomic}
   size_t MarkStackSize                            = 4194304                                   {product} {ergonomic}
   size_t MaxHeapSize                              = 2147483648                                {product} {command line}
   size_t MaxNewSize                               = 1287651328                                {product} {ergonomic}
   size_t MinHeapDeltaBytes                        = 1048576                                   {product} {ergonomic}
   size_t MinHeapSize                              = 8388608                                   {product} {ergonomic}
    uintx NonNMethodCodeHeapSize                   = 5832780                                {pd product} {ergonomic}
    uintx NonProfiledCodeHeapSize                  = 122912730                              {pd product} {ergonomic}
    uintx ProfiledCodeHeapSize                     = 122912730                              {pd product} {ergonomic}
    uintx ReservedCodeCacheSize                    = 251658240                              {pd product} {ergonomic}
     bool SegmentedCodeCache                       = true                                      {product} {ergonomic}
   size_t SoftMaxHeapSize                          = 2147483648                             {manageable} {ergonomic}
     bool UseCompressedClassPointers               = true                           {product lp64_product} {ergonomic}
     bool UseCompressedOops                        = true                           {product lp64_product} {ergonomic}
     bool UseG1GC                                  = true                                      {product} {ergonomic}
     bool UseLargePagesIndividualAllocation        = false                                  {pd product} {ergonomic}

Logging:
Log output configuration:
 #0: stdout all=warning uptime,level,tags
 #1: stderr all=off uptime,level,tags

Environment Variables:
JAVA_HOME=C:\Program Files\Java\jdk-20
PATH=C:\ProgramData\Oracle\Java\javapath;C:\Program Files\Common Files\Oracle\Java\javapath;C:\Program Files (x86)\Common Files\Oracle\Java\javapath;C:\Windows\system32;C:\Windows;C:\Windows\System32\Wbem;C:\Windows\System32\WindowsPowerShell\v1.0\;C:\Windows\System32\OpenSSH\;C:\Program Files\dotnet\;C:\xampp\mysql\bin\;C:\Program Files\MySQL\MySQL Connector C 6.1\lib;C:\Program Files\Java\jdk-20\bin;C:\Program Files\MongoDB\Server\7.0\bin;C:\laragon\bin\php\php-8.1.10-Win32-vs16-x64;C:\composer;C:\Program Files (x86)\nodejs\;E:\Program Files\git\Git\cmd;C:\Users\Brunel\AppData\Local\Microsoft\WindowsApps;C:\Users\Brunel\AppData\Local\Programs\Microsoft VS Code\bin;C:\Users\Brunel\.dotnet\tools;C:\Program Files\JetBrains\IntelliJ IDEA Community Edition 2023.2.3\bin;;C:\Users\Brunel\AppData\Local\Programs\mongosh\;C:\Users\Brunel\AppData\Roaming\Composer\vendor\bin;C:\Users\Brunel\AppData\Roaming\npm;C:\laragon\bin\postgresql\16\bin;
USERNAME=Brunel
OS=Windows_NT
PROCESSOR_IDENTIFIER=Intel64 Family 6 Model 37 Stepping 5, GenuineIntel
TMP=C:\Users\Brunel\AppData\Local\Temp
TEMP=C:\Users\Brunel\AppData\Local\Temp


JNI global refs:
JNI global refs: 25, weak refs: 3

JNI global refs memory usage: 843, weak refs: 841


---------------  S Y S T E M  ---------------

OS:
 Windows 10 , 64 bit Build 19041 (10.0.19041.2788)
OS uptime: 18 days 9:01 hours

CPU: total 4 (initial active 4) (2 cores per cpu, 2 threads per core) family 6 model 37 stepping 5 microcode 0x7, cx8, cmov, fxsr, ht, mmx, sse, sse2, sse3, ssse3, sse4.1, sse4.2, popcnt, tsc, tscinvbit, clflush

Memory: 4k page, system-wide physical 7920M (598M free)
TotalPageFile size 9968M (AvailPageFile size 371M)
current process WorkingSet (physical memory assigned to process): 607M, peak: 617M
current process commit charge ("private bytes"): 697M, peak: 1244M

vm_info: OpenJDK 64-Bit Server VM (17.0.6+0-b2043.56-10027231) for windows-amd64 JRE (17.0.6+0-b2043.56-10027231), built on Apr 28 2023 00:43:19 by "androidbuild" with MS VC++ 16.10 / 16.11 (VS2019)

END.
